#
# A fatal error has been detected by the Java Runtime Environment:
#
#  SIGSEGV (0xb) at pc=0x000000010b3a829d, pid=57112, tid=19203
#
# JRE version: Java(TM) SE Runtime Environment (9.0+11) (build 9.0.4+11)
# Java VM: Java HotSpot(TM) 64-Bit Server VM (9.0.4+11, mixed mode, tiered, compressed oops, g1 gc, bsd-amd64)
# Problematic frame:
# V  [libjvm.dylib+0x5a829d]
#
# No core dump will be written. Core dumps have been disabled. To enable core dumping, try "ulimit -c unlimited" before starting Java again
#
# If you would like to submit a bug report, please visit:
#   http://bugreport.java.com/bugreport/crash.jsp
#

---------------  S U M M A R Y ------------

Command Line: -agentlib:jdwp=transport=dt_socket,suspend=y,address=localhost:64185 -javaagent:/Applications/Eclipse.app/Contents/Eclipse/configuration/org.eclipse.osgi/404/0/.cp/lib/javaagent-shaded.jar -Dfile.encoding=UTF-8 programmersLvCheck.Lv2_NewsClustering

Host: MacBookPro14,1 x86_64 2300 MHz, 4 cores, 8G, Darwin 19.5.0
Time: Tue Jul  7 18:26:05 2020 KST elapsed time: 355 seconds (0d 0h 5m 55s)

---------------  T H R E A D  ---------------

Current thread (0x00007ff64807a000):  VMThread "VM Thread" [stack: 0x000070000f6fe000,0x000070000f7fe000] [id=19203]

Stack: [0x000070000f6fe000,0x000070000f7fe000],  sp=0x000070000f7fdb30,  free space=1022k
Native frames: (J=compiled Java code, A=aot compiled Java code, j=interpreted, Vv=VM code, C=native code)
V  [libjvm.dylib+0x5a829d]
V  [libjvm.dylib+0x6fe661]
V  [libjvm.dylib+0x6fb556]
V  [libjvm.dylib+0x6fd142]
V  [libjvm.dylib+0x5a8070]
V  [libjvm.dylib+0x4aa603]
V  [libjvm.dylib+0x747827]
V  [libjvm.dylib+0x746e9c]
V  [libjvm.dylib+0x746b8e]
V  [libjvm.dylib+0x7467b9]
V  [libjvm.dylib+0x5f02f3]
C  [libsystem_pthread.dylib+0x6109]  _pthread_start+0x94
C  [libsystem_pthread.dylib+0x1b8b]  thread_start+0xf


siginfo: si_signo: 11 (SIGSEGV), si_code: 1 (SEGV_MAPERR), si_addr: 0x000000ca0b6cf4a0

Register to memory mapping:

RAX=0x000000ca0b6cf450 is an unknown value
RBX=0x0000000000000000 is an unknown value
RCX=0x0000000000080001 is an unknown value
RDX=0x0000000000080001 is an unknown value
RSP=0x000070000f7fdb30 is an unknown value
RBP=0x000070000f7fdb30 is an unknown value
RSI=0x00007ff648008800 is a thread
RDI=0x000000012cf08a70 is pointing into metadata
R8 =0x000000010b73051a: AssumeMP+0 in /Library/Java/JavaVirtualMachines/jdk-9.0.4.jdk/Contents/Home/lib/server/libjvm.dylib at 0x000000010ae00000
R9 =0x000000010b744ea0: _ZN2os16_processor_countE+0 in /Library/Java/JavaVirtualMachines/jdk-9.0.4.jdk/Contents/Home/lib/server/libjvm.dylib at 0x000000010ae00000
R10=0x0000000000000001 is an unknown value
R11=0x0000000000000246 is an unknown value
R12=0x000000010b6ec9b8: UsePerfData+0 in /Library/Java/JavaVirtualMachines/jdk-9.0.4.jdk/Contents/Home/lib/server/libjvm.dylib at 0x000000010ae00000
R13=0x000000010b71fb70: _ZN12VM_Operation6_namesE+0 in /Library/Java/JavaVirtualMachines/jdk-9.0.4.jdk/Contents/Home/lib/server/libjvm.dylib at 0x000000010ae00000
R14=0x00007ff648008800 is a thread
R15=0x000000010b3a8296: _ZN8Metadata13mark_on_stackEPS_+0 in /Library/Java/JavaVirtualMachines/jdk-9.0.4.jdk/Contents/Home/lib/server/libjvm.dylib at 0x000000010ae00000


Registers:
RAX=0x000000ca0b6cf450, RBX=0x0000000000000000, RCX=0x0000000000080001, RDX=0x0000000000080001
RSP=0x000070000f7fdb30, RBP=0x000070000f7fdb30, RSI=0x00007ff648008800, RDI=0x000000012cf08a70
R8 =0x000000010b73051a, R9 =0x000000010b744ea0, R10=0x0000000000000001, R11=0x0000000000000246
R12=0x000000010b6ec9b8, R13=0x000000010b71fb70, R14=0x00007ff648008800, R15=0x000000010b3a8296
RIP=0x000000010b3a829d, EFLAGS=0x0000000000010202, ERR=0x0000000000000004
  TRAPNO=0x000000000000000e

Top of Stack: (sp=0x000070000f7fdb30)
0x000070000f7fdb30:   000070000f7fdb60 000000010b4fe661
0x000070000f7fdb40:   000000010b4fe632 00007ff648008800
0x000070000f7fdb50:   000070000f7fdb90 000070001021eaf0
0x000070000f7fdb60:   000070000f7fdb80 000000010b4fb556
0x000070000f7fdb70:   0000000000000001 00007ff64807a000
0x000070000f7fdb80:   000070000f7fdba0 000000010b4fd142
0x000070000f7fdb90:   000000010b708b50 000000010b3a8296
0x000070000f7fdba0:   000070000f7fdbc0 000000010b3a8070
0x000070000f7fdbb0:   000000010b6ec9d9 000070001021eaf0
0x000070000f7fdbc0:   000070000f7fdc50 000000010b2aa603
0x000070000f7fdbd0:   000070000f7fdbe0 000000010b3f0500
0x000070000f7fdbe0:   000070000f7fdbf0 000000010b5d084b
0x000070000f7fdbf0:   0000000000000000 000000010b503500
0x000070000f7fdc00:   0000000000000000 0000000000000000
0x000070000f7fdc10:   000070000f7fdc30 000000010b4677aa
0x000070000f7fdc20:   000000010b744bd8 0000000000000000
0x000070000f7fdc30:   000070001021eaf0 000000010b6ec9b8
0x000070000f7fdc40:   000070001021eaf0 0000000000000000
0x000070000f7fdc50:   000070000f7fdca0 000000010b547827
0x000070000f7fdc60:   00007ff64673e510 00007ff64673d2e0
0x000070000f7fdc70:   00007ff64673d2f0 00007ff64673d6c8
0x000070000f7fdc80:   00000000000003d8 000070001021eaf0
0x000070000f7fdc90:   000000010b5b2d64 000000000000000f
0x000070000f7fdca0:   000070000f7fdd60 000000010b546e9c
0x000070000f7fdcb0:   0000000000000000 0000000000000000
0x000070000f7fdcc0:   0000000000000000 000000010b3d1722
0x000070000f7fdcd0:   000001010f7fdcf0 00007ff646411448
0x000070000f7fdce0:   00007ff646411440 0000000000000000
0x000070000f7fdcf0:   00000052c19d0e2c 0000000000000001
0x000070000f7fdd00:   00007ff64673f110 0000000000000000
0x000070000f7fdd10:   00007ff64673e510 00007ff64673d2e0
0x000070000f7fdd20:   00007ff64673d2f0 00007ff64673d6c8 

Instructions: (pc=0x000000010b3a829d)
0x000000010b3a827d:   48 8b 88 00 02 00 00 48 89 19 48 83 80 00 02 00
0x000000010b3a828d:   00 08 48 83 c4 08 5b 5d c3 55 48 89 e5 48 8b 07
0x000000010b3a829d:   48 8b 40 50 be 01 00 00 00 5d ff e0 90 90 90 90
0x000000010b3a82ad:   90 90 90 55 48 89 e5 48 83 ec 10 80 3d b1 04 33 

VM_Operation (0x000070001021eaf0): RedefineClasses, mode: safepoint, requested by thread 0x00007ff647884800


---------------  P R O C E S S  ---------------

Java Threads: ( => current thread )
  0x00007ff6480d0000 JavaThread "Service Thread" daemon [_thread_blocked, id=41731, stack(0x0000700010428000,0x0000700010528000)]
  0x00007ff6468e1000 JavaThread "JDWP Command Reader" daemon [_thread_in_native, id=41987, stack(0x0000700010325000,0x0000700010425000)]
  0x00007ff647886800 JavaThread "JDWP Event Helper Thread" daemon [_thread_blocked, id=23555, stack(0x0000700010222000,0x0000700010322000)]
  0x00007ff647884800 JavaThread "JDWP Transport Listener: dt_socket" daemon [_thread_blocked, id=23047, stack(0x000070001011f000,0x000070001021f000)]
  0x00007ff648082000 JavaThread "Common-Cleaner" daemon [_thread_blocked, id=42243, stack(0x000070001001c000,0x000070001011c000)]
  0x00007ff64785b800 JavaThread "Sweeper thread" daemon [_thread_blocked, id=42755, stack(0x000070000ff19000,0x0000700010019000)]
  0x00007ff64785a800 JavaThread "C1 CompilerThread2" daemon [_thread_blocked, id=22531, stack(0x000070000fe16000,0x000070000ff16000)]
  0x00007ff647020000 JavaThread "C2 CompilerThread1" daemon [_thread_blocked, id=22275, stack(0x000070000fd13000,0x000070000fe13000)]
  0x00007ff64682d800 JavaThread "C2 CompilerThread0" daemon [_thread_blocked, id=21763, stack(0x000070000fc10000,0x000070000fd10000)]
  0x00007ff64701f000 JavaThread "Signal Dispatcher" daemon [_thread_blocked, id=16899, stack(0x000070000fb0d000,0x000070000fc0d000)]
  0x00007ff647858000 JavaThread "Finalizer" daemon [_thread_blocked, id=14851, stack(0x000070000f904000,0x000070000fa04000)]
  0x00007ff647853800 JavaThread "Reference Handler" daemon [_thread_blocked, id=14339, stack(0x000070000f801000,0x000070000f901000)]
  0x00007ff648008800 JavaThread "main" [_thread_blocked, id=4099, stack(0x000070000eada000,0x000070000ebda000)]

Other Threads:
=>0x00007ff64807a000 VMThread "VM Thread" [stack: 0x000070000f6fe000,0x000070000f7fe000] [id=19203]
  0x00007ff6468e4000 WatcherThread [stack: 0x000070001052b000,0x000070001062b000] [id=41219]
  0x00007ff648016800 GCTaskThread "GC Thread#0" [stack: 0x000070000ebdd000,0x000070000ecdd000] [id=8195]
  0x00007ff648017000 GCTaskThread "GC Thread#1" [stack: 0x000070000ece0000,0x000070000ede0000] [id=10755]
  0x00007ff648017800 GCTaskThread "GC Thread#2" [stack: 0x000070000ede3000,0x000070000eee3000] [id=21507]
  0x00007ff648018800 GCTaskThread "GC Thread#3" [stack: 0x000070000eee6000,0x000070000efe6000] [id=11523]
  0x00007ff64802e800 ConcurrentGCThread "G1 Main Marker" [stack: 0x000070000f4f8000,0x000070000f5f8000] [id=12803]
  0x00007ff64802f800 ConcurrentGCThread "G1 Marker#0" [stack: 0x000070000f5fb000,0x000070000f6fb000] [id=13827]
  0x00007ff64780a800 ConcurrentGCThread "G1 Refine#0" [stack: 0x000070000f2f2000,0x000070000f3f2000] [id=20483]
  0x00007ff64780a000 ConcurrentGCThread "G1 Refine#1" [stack: 0x000070000f1ef000,0x000070000f2ef000] [id=20739]
  0x00007ff647809000 ConcurrentGCThread "G1 Refine#2" [stack: 0x000070000f0ec000,0x000070000f1ec000] [id=12291]
  0x00007ff648019000 ConcurrentGCThread "G1 Refine#3" [stack: 0x000070000efe9000,0x000070000f0e9000] [id=11779]
  0x00007ff648019800 ConcurrentGCThread "G1 Young RemSet Sampling" [stack: 0x000070000f3f5000,0x000070000f4f5000] [id=19971]

Threads with active compile tasks:
C1 CompilerThread2 383       3       org.eclipse.jdt.launching.internal.org.objectweb.asm.SymbolTable::addConstantUtf8 (98 bytes)

VM state:at safepoint (normal execution)

VM Mutex/Monitor currently owned by a thread:  ([mutex/lock_event])
[0x00007ff6464113a0] Threads_lock - owner thread: 0x00007ff64807a000

Heap address: 0x0000000740000000, size: 2048 MB, Compressed Oops mode: Zero based, Oop shift amount: 3
Narrow klass base: 0x0000000000000000, Narrow klass shift: 3
Compressed class space size: 1073741824 Address: 0x00000007c0000000

Heap:
 garbage-first heap   total 131072K, used 7168K [0x0000000740000000, 0x0000000740100400, 0x00000007c0000000)
  region size 1024K, 8 young (8192K), 0 survivors (0K)
 Metaspace       used 8108K, capacity 8202K, committed 8448K, reserved 1056768K
  class space    used 702K, capacity 731K, committed 768K, reserved 1048576K
Heap Regions: E=young(eden), S=young(survivor), O=old, HS=humongous(starts), HC=humongous(continues), CS=collection set, F=free, A=archive, TS=gc time stamp, AC=allocation context, TAMS=top-at-mark-start (previous, next)
|   0|0x0000000740000000, 0x0000000740000000, 0x0000000740100000|  0%| F|  |TS  0|AC  0|TAMS 0x0000000740000000, 0x0000000740000000|
|   1|0x0000000740100000, 0x0000000740100000, 0x0000000740200000|  0%| F|  |TS  0|AC  0|TAMS 0x0000000740100000, 0x0000000740100000|
|   2|0x0000000740200000, 0x0000000740200000, 0x0000000740300000|  0%| F|  |TS  0|AC  0|TAMS 0x0000000740200000, 0x0000000740200000|
|   3|0x0000000740300000, 0x0000000740300000, 0x0000000740400000|  0%| F|  |TS  0|AC  0|TAMS 0x0000000740300000, 0x0000000740300000|
|   4|0x0000000740400000, 0x0000000740400000, 0x0000000740500000|  0%| F|  |TS  0|AC  0|TAMS 0x0000000740400000, 0x0000000740400000|
|   5|0x0000000740500000, 0x0000000740500000, 0x0000000740600000|  0%| F|  |TS  0|AC  0|TAMS 0x0000000740500000, 0x0000000740500000|
|   6|0x0000000740600000, 0x0000000740600000, 0x0000000740700000|  0%| F|  |TS  0|AC  0|TAMS 0x0000000740600000, 0x0000000740600000|
|   7|0x0000000740700000, 0x0000000740700000, 0x0000000740800000|  0%| F|  |TS  0|AC  0|TAMS 0x0000000740700000, 0x0000000740700000|
|   8|0x0000000740800000, 0x0000000740800000, 0x0000000740900000|  0%| F|  |TS  0|AC  0|TAMS 0x0000000740800000, 0x0000000740800000|
|   9|0x0000000740900000, 0x0000000740900000, 0x0000000740a00000|  0%| F|  |TS  0|AC  0|TAMS 0x0000000740900000, 0x0000000740900000|
|  10|0x0000000740a00000, 0x0000000740a00000, 0x0000000740b00000|  0%| F|  |TS  0|AC  0|TAMS 0x0000000740a00000, 0x0000000740a00000|
|  11|0x0000000740b00000, 0x0000000740b00000, 0x0000000740c00000|  0%| F|  |TS  0|AC  0|TAMS 0x0000000740b00000, 0x0000000740b00000|
|  12|0x0000000740c00000, 0x0000000740c00000, 0x0000000740d00000|  0%| F|  |TS  0|AC  0|TAMS 0x0000000740c00000, 0x0000000740c00000|
|  13|0x0000000740d00000, 0x0000000740d00000, 0x0000000740e00000|  0%| F|  |TS  0|AC  0|TAMS 0x0000000740d00000, 0x0000000740d00000|
|  14|0x0000000740e00000, 0x0000000740e00000, 0x0000000740f00000|  0%| F|  |TS  0|AC  0|TAMS 0x0000000740e00000, 0x0000000740e00000|
|  15|0x0000000740f00000, 0x0000000740f00000, 0x0000000741000000|  0%| F|  |TS  0|AC  0|TAMS 0x0000000740f00000, 0x0000000740f00000|
|  16|0x0000000741000000, 0x0000000741000000, 0x0000000741100000|  0%| F|  |TS  0|AC  0|TAMS 0x0000000741000000, 0x0000000741000000|
|  17|0x0000000741100000, 0x0000000741100000, 0x0000000741200000|  0%| F|  |TS  0|AC  0|TAMS 0x0000000741100000, 0x0000000741100000|
|  18|0x0000000741200000, 0x0000000741200000, 0x0000000741300000|  0%| F|  |TS  0|AC  0|TAMS 0x0000000741200000, 0x0000000741200000|
|  19|0x0000000741300000, 0x0000000741300000, 0x0000000741400000|  0%| F|  |TS  0|AC  0|TAMS 0x0000000741300000, 0x0000000741300000|
|  20|0x0000000741400000, 0x0000000741400000, 0x0000000741500000|  0%| F|  |TS  0|AC  0|TAMS 0x0000000741400000, 0x0000000741400000|
|  21|0x0000000741500000, 0x0000000741500000, 0x0000000741600000|  0%| F|  |TS  0|AC  0|TAMS 0x0000000741500000, 0x0000000741500000|
|  22|0x0000000741600000, 0x0000000741600000, 0x0000000741700000|  0%| F|  |TS  0|AC  0|TAMS 0x0000000741600000, 0x0000000741600000|
|  23|0x0000000741700000, 0x0000000741700000, 0x0000000741800000|  0%| F|  |TS  0|AC  0|TAMS 0x0000000741700000, 0x0000000741700000|
|  24|0x0000000741800000, 0x0000000741800000, 0x0000000741900000|  0%| F|  |TS  0|AC  0|TAMS 0x0000000741800000, 0x0000000741800000|
|  25|0x0000000741900000, 0x0000000741900000, 0x0000000741a00000|  0%| F|  |TS  0|AC  0|TAMS 0x0000000741900000, 0x0000000741900000|
|  26|0x0000000741a00000, 0x0000000741a00000, 0x0000000741b00000|  0%| F|  |TS  0|AC  0|TAMS 0x0000000741a00000, 0x0000000741a00000|
|  27|0x0000000741b00000, 0x0000000741b00000, 0x0000000741c00000|  0%| F|  |TS  0|AC  0|TAMS 0x0000000741b00000, 0x0000000741b00000|
|  28|0x0000000741c00000, 0x0000000741c00000, 0x0000000741d00000|  0%| F|  |TS  0|AC  0|TAMS 0x0000000741c00000, 0x0000000741c00000|
|  29|0x0000000741d00000, 0x0000000741d00000, 0x0000000741e00000|  0%| F|  |TS  0|AC  0|TAMS 0x0000000741d00000, 0x0000000741d00000|
|  30|0x0000000741e00000, 0x0000000741e00000, 0x0000000741f00000|  0%| F|  |TS  0|AC  0|TAMS 0x0000000741e00000, 0x0000000741e00000|
|  31|0x0000000741f00000, 0x0000000741f00000, 0x0000000742000000|  0%| F|  |TS  0|AC  0|TAMS 0x0000000741f00000, 0x0000000741f00000|
|  32|0x0000000742000000, 0x0000000742000000, 0x0000000742100000|  0%| F|  |TS  0|AC  0|TAMS 0x0000000742000000, 0x0000000742000000|
|  33|0x0000000742100000, 0x0000000742100000, 0x0000000742200000|  0%| F|  |TS  0|AC  0|TAMS 0x0000000742100000, 0x0000000742100000|
|  34|0x0000000742200000, 0x0000000742200000, 0x0000000742300000|  0%| F|  |TS  0|AC  0|TAMS 0x0000000742200000, 0x0000000742200000|
|  35|0x0000000742300000, 0x0000000742300000, 0x0000000742400000|  0%| F|  |TS  0|AC  0|TAMS 0x0000000742300000, 0x0000000742300000|
|  36|0x0000000742400000, 0x0000000742400000, 0x0000000742500000|  0%| F|  |TS  0|AC  0|TAMS 0x0000000742400000, 0x0000000742400000|
|  37|0x0000000742500000, 0x0000000742500000, 0x0000000742600000|  0%| F|  |TS  0|AC  0|TAMS 0x0000000742500000, 0x0000000742500000|
|  38|0x0000000742600000, 0x0000000742600000, 0x0000000742700000|  0%| F|  |TS  0|AC  0|TAMS 0x0000000742600000, 0x0000000742600000|
|  39|0x0000000742700000, 0x0000000742700000, 0x0000000742800000|  0%| F|  |TS  0|AC  0|TAMS 0x0000000742700000, 0x0000000742700000|
|  40|0x0000000742800000, 0x0000000742800000, 0x0000000742900000|  0%| F|  |TS  0|AC  0|TAMS 0x0000000742800000, 0x0000000742800000|
|  41|0x0000000742900000, 0x0000000742900000, 0x0000000742a00000|  0%| F|  |TS  0|AC  0|TAMS 0x0000000742900000, 0x0000000742900000|
|  42|0x0000000742a00000, 0x0000000742a00000, 0x0000000742b00000|  0%| F|  |TS  0|AC  0|TAMS 0x0000000742a00000, 0x0000000742a00000|
|  43|0x0000000742b00000, 0x0000000742b00000, 0x0000000742c00000|  0%| F|  |TS  0|AC  0|TAMS 0x0000000742b00000, 0x0000000742b00000|
|  44|0x0000000742c00000, 0x0000000742c00000, 0x0000000742d00000|  0%| F|  |TS  0|AC  0|TAMS 0x0000000742c00000, 0x0000000742c00000|
|  45|0x0000000742d00000, 0x0000000742d00000, 0x0000000742e00000|  0%| F|  |TS  0|AC  0|TAMS 0x0000000742d00000, 0x0000000742d00000|
|  46|0x0000000742e00000, 0x0000000742e00000, 0x0000000742f00000|  0%| F|  |TS  0|AC  0|TAMS 0x0000000742e00000, 0x0000000742e00000|
|  47|0x0000000742f00000, 0x0000000742f00000, 0x0000000743000000|  0%| F|  |TS  0|AC  0|TAMS 0x0000000742f00000, 0x0000000742f00000|
|  48|0x0000000743000000, 0x0000000743000000, 0x0000000743100000|  0%| F|  |TS  0|AC  0|TAMS 0x0000000743000000, 0x0000000743000000|
|  49|0x0000000743100000, 0x0000000743100000, 0x0000000743200000|  0%| F|  |TS  0|AC  0|TAMS 0x0000000743100000, 0x0000000743100000|
|  50|0x0000000743200000, 0x0000000743200000, 0x0000000743300000|  0%| F|  |TS  0|AC  0|TAMS 0x0000000743200000, 0x0000000743200000|
|  51|0x0000000743300000, 0x0000000743300000, 0x0000000743400000|  0%| F|  |TS  0|AC  0|TAMS 0x0000000743300000, 0x0000000743300000|
|  52|0x0000000743400000, 0x0000000743400000, 0x0000000743500000|  0%| F|  |TS  0|AC  0|TAMS 0x0000000743400000, 0x0000000743400000|
|  53|0x0000000743500000, 0x0000000743500000, 0x0000000743600000|  0%| F|  |TS  0|AC  0|TAMS 0x0000000743500000, 0x0000000743500000|
|  54|0x0000000743600000, 0x0000000743600000, 0x0000000743700000|  0%| F|  |TS  0|AC  0|TAMS 0x0000000743600000, 0x0000000743600000|
|  55|0x0000000743700000, 0x0000000743700000, 0x0000000743800000|  0%| F|  |TS  0|AC  0|TAMS 0x0000000743700000, 0x0000000743700000|
|  56|0x0000000743800000, 0x0000000743800000, 0x0000000743900000|  0%| F|  |TS  0|AC  0|TAMS 0x0000000743800000, 0x0000000743800000|
|  57|0x0000000743900000, 0x0000000743900000, 0x0000000743a00000|  0%| F|  |TS  0|AC  0|TAMS 0x0000000743900000, 0x0000000743900000|
|  58|0x0000000743a00000, 0x0000000743a00000, 0x0000000743b00000|  0%| F|  |TS  0|AC  0|TAMS 0x0000000743a00000, 0x0000000743a00000|
|  59|0x0000000743b00000, 0x0000000743b00000, 0x0000000743c00000|  0%| F|  |TS  0|AC  0|TAMS 0x0000000743b00000, 0x0000000743b00000|
|  60|0x0000000743c00000, 0x0000000743c00000, 0x0000000743d00000|  0%| F|  |TS  0|AC  0|TAMS 0x0000000743c00000, 0x0000000743c00000|
|  61|0x0000000743d00000, 0x0000000743d00000, 0x0000000743e00000|  0%| F|  |TS  0|AC  0|TAMS 0x0000000743d00000, 0x0000000743d00000|
|  62|0x0000000743e00000, 0x0000000743e00000, 0x0000000743f00000|  0%| F|  |TS  0|AC  0|TAMS 0x0000000743e00000, 0x0000000743e00000|
|  63|0x0000000743f00000, 0x0000000743f00000, 0x0000000744000000|  0%| F|  |TS  0|AC  0|TAMS 0x0000000743f00000, 0x0000000743f00000|
|  64|0x0000000744000000, 0x0000000744000000, 0x0000000744100000|  0%| F|  |TS  0|AC  0|TAMS 0x0000000744000000, 0x0000000744000000|
|  65|0x0000000744100000, 0x0000000744100000, 0x0000000744200000|  0%| F|  |TS  0|AC  0|TAMS 0x0000000744100000, 0x0000000744100000|
|  66|0x0000000744200000, 0x0000000744200000, 0x0000000744300000|  0%| F|  |TS  0|AC  0|TAMS 0x0000000744200000, 0x0000000744200000|
|  67|0x0000000744300000, 0x0000000744300000, 0x0000000744400000|  0%| F|  |TS  0|AC  0|TAMS 0x0000000744300000, 0x0000000744300000|
|  68|0x0000000744400000, 0x0000000744400000, 0x0000000744500000|  0%| F|  |TS  0|AC  0|TAMS 0x0000000744400000, 0x0000000744400000|
|  69|0x0000000744500000, 0x0000000744500000, 0x0000000744600000|  0%| F|  |TS  0|AC  0|TAMS 0x0000000744500000, 0x0000000744500000|
|  70|0x0000000744600000, 0x0000000744600000, 0x0000000744700000|  0%| F|  |TS  0|AC  0|TAMS 0x0000000744600000, 0x0000000744600000|
|  71|0x0000000744700000, 0x0000000744700000, 0x0000000744800000|  0%| F|  |TS  0|AC  0|TAMS 0x0000000744700000, 0x0000000744700000|
|  72|0x0000000744800000, 0x0000000744800000, 0x0000000744900000|  0%| F|  |TS  0|AC  0|TAMS 0x0000000744800000, 0x0000000744800000|
|  73|0x0000000744900000, 0x0000000744900000, 0x0000000744a00000|  0%| F|  |TS  0|AC  0|TAMS 0x0000000744900000, 0x0000000744900000|
|  74|0x0000000744a00000, 0x0000000744a00000, 0x0000000744b00000|  0%| F|  |TS  0|AC  0|TAMS 0x0000000744a00000, 0x0000000744a00000|
|  75|0x0000000744b00000, 0x0000000744b00000, 0x0000000744c00000|  0%| F|  |TS  0|AC  0|TAMS 0x0000000744b00000, 0x0000000744b00000|
|  76|0x0000000744c00000, 0x0000000744c00000, 0x0000000744d00000|  0%| F|  |TS  0|AC  0|TAMS 0x0000000744c00000, 0x0000000744c00000|
|  77|0x0000000744d00000, 0x0000000744d00000, 0x0000000744e00000|  0%| F|  |TS  0|AC  0|TAMS 0x0000000744d00000, 0x0000000744d00000|
|  78|0x0000000744e00000, 0x0000000744e00000, 0x0000000744f00000|  0%| F|  |TS  0|AC  0|TAMS 0x0000000744e00000, 0x0000000744e00000|
|  79|0x0000000744f00000, 0x0000000744f00000, 0x0000000745000000|  0%| F|  |TS  0|AC  0|TAMS 0x0000000744f00000, 0x0000000744f00000|
|  80|0x0000000745000000, 0x0000000745000000, 0x0000000745100000|  0%| F|  |TS  0|AC  0|TAMS 0x0000000745000000, 0x0000000745000000|
|  81|0x0000000745100000, 0x0000000745100000, 0x0000000745200000|  0%| F|  |TS  0|AC  0|TAMS 0x0000000745100000, 0x0000000745100000|
|  82|0x0000000745200000, 0x0000000745200000, 0x0000000745300000|  0%| F|  |TS  0|AC  0|TAMS 0x0000000745200000, 0x0000000745200000|
|  83|0x0000000745300000, 0x0000000745300000, 0x0000000745400000|  0%| F|  |TS  0|AC  0|TAMS 0x0000000745300000, 0x0000000745300000|
|  84|0x0000000745400000, 0x0000000745400000, 0x0000000745500000|  0%| F|  |TS  0|AC  0|TAMS 0x0000000745400000, 0x0000000745400000|
|  85|0x0000000745500000, 0x0000000745500000, 0x0000000745600000|  0%| F|  |TS  0|AC  0|TAMS 0x0000000745500000, 0x0000000745500000|
|  86|0x0000000745600000, 0x0000000745600000, 0x0000000745700000|  0%| F|  |TS  0|AC  0|TAMS 0x0000000745600000, 0x0000000745600000|
|  87|0x0000000745700000, 0x0000000745700000, 0x0000000745800000|  0%| F|  |TS  0|AC  0|TAMS 0x0000000745700000, 0x0000000745700000|
|  88|0x0000000745800000, 0x0000000745800000, 0x0000000745900000|  0%| F|  |TS  0|AC  0|TAMS 0x0000000745800000, 0x0000000745800000|
|  89|0x0000000745900000, 0x0000000745900000, 0x0000000745a00000|  0%| F|  |TS  0|AC  0|TAMS 0x0000000745900000, 0x0000000745900000|
|  90|0x0000000745a00000, 0x0000000745a00000, 0x0000000745b00000|  0%| F|  |TS  0|AC  0|TAMS 0x0000000745a00000, 0x0000000745a00000|
|  91|0x0000000745b00000, 0x0000000745b00000, 0x0000000745c00000|  0%| F|  |TS  0|AC  0|TAMS 0x0000000745b00000, 0x0000000745b00000|
|  92|0x0000000745c00000, 0x0000000745c00000, 0x0000000745d00000|  0%| F|  |TS  0|AC  0|TAMS 0x0000000745c00000, 0x0000000745c00000|
|  93|0x0000000745d00000, 0x0000000745d00000, 0x0000000745e00000|  0%| F|  |TS  0|AC  0|TAMS 0x0000000745d00000, 0x0000000745d00000|
|  94|0x0000000745e00000, 0x0000000745e00000, 0x0000000745f00000|  0%| F|  |TS  0|AC  0|TAMS 0x0000000745e00000, 0x0000000745e00000|
|  95|0x0000000745f00000, 0x0000000745f00000, 0x0000000746000000|  0%| F|  |TS  0|AC  0|TAMS 0x0000000745f00000, 0x0000000745f00000|
|  96|0x0000000746000000, 0x0000000746000000, 0x0000000746100000|  0%| F|  |TS  0|AC  0|TAMS 0x0000000746000000, 0x0000000746000000|
|  97|0x0000000746100000, 0x0000000746100000, 0x0000000746200000|  0%| F|  |TS  0|AC  0|TAMS 0x0000000746100000, 0x0000000746100000|
|  98|0x0000000746200000, 0x0000000746200000, 0x0000000746300000|  0%| F|  |TS  0|AC  0|TAMS 0x0000000746200000, 0x0000000746200000|
|  99|0x0000000746300000, 0x0000000746300000, 0x0000000746400000|  0%| F|  |TS  0|AC  0|TAMS 0x0000000746300000, 0x0000000746300000|
| 100|0x0000000746400000, 0x0000000746400000, 0x0000000746500000|  0%| F|  |TS  0|AC  0|TAMS 0x0000000746400000, 0x0000000746400000|
| 101|0x0000000746500000, 0x0000000746500000, 0x0000000746600000|  0%| F|  |TS  0|AC  0|TAMS 0x0000000746500000, 0x0000000746500000|
| 102|0x0000000746600000, 0x0000000746600000, 0x0000000746700000|  0%| F|  |TS  0|AC  0|TAMS 0x0000000746600000, 0x0000000746600000|
| 103|0x0000000746700000, 0x0000000746700000, 0x0000000746800000|  0%| F|  |TS  0|AC  0|TAMS 0x0000000746700000, 0x0000000746700000|
| 104|0x0000000746800000, 0x0000000746800000, 0x0000000746900000|  0%| F|  |TS  0|AC  0|TAMS 0x0000000746800000, 0x0000000746800000|
| 105|0x0000000746900000, 0x0000000746900000, 0x0000000746a00000|  0%| F|  |TS  0|AC  0|TAMS 0x0000000746900000, 0x0000000746900000|
| 106|0x0000000746a00000, 0x0000000746a00000, 0x0000000746b00000|  0%| F|  |TS  0|AC  0|TAMS 0x0000000746a00000, 0x0000000746a00000|
| 107|0x0000000746b00000, 0x0000000746b00000, 0x0000000746c00000|  0%| F|  |TS  0|AC  0|TAMS 0x0000000746b00000, 0x0000000746b00000|
| 108|0x0000000746c00000, 0x0000000746c00000, 0x0000000746d00000|  0%| F|  |TS  0|AC  0|TAMS 0x0000000746c00000, 0x0000000746c00000|
| 109|0x0000000746d00000, 0x0000000746d00000, 0x0000000746e00000|  0%| F|  |TS  0|AC  0|TAMS 0x0000000746d00000, 0x0000000746d00000|
| 110|0x0000000746e00000, 0x0000000746e00000, 0x0000000746f00000|  0%| F|  |TS  0|AC  0|TAMS 0x0000000746e00000, 0x0000000746e00000|
| 111|0x0000000746f00000, 0x0000000746f00000, 0x0000000747000000|  0%| F|  |TS  0|AC  0|TAMS 0x0000000746f00000, 0x0000000746f00000|
| 112|0x0000000747000000, 0x0000000747000000, 0x0000000747100000|  0%| F|  |TS  0|AC  0|TAMS 0x0000000747000000, 0x0000000747000000|
| 113|0x0000000747100000, 0x0000000747100000, 0x0000000747200000|  0%| F|  |TS  0|AC  0|TAMS 0x0000000747100000, 0x0000000747100000|
| 114|0x0000000747200000, 0x0000000747200000, 0x0000000747300000|  0%| F|  |TS  0|AC  0|TAMS 0x0000000747200000, 0x0000000747200000|
| 115|0x0000000747300000, 0x0000000747300000, 0x0000000747400000|  0%| F|  |TS  0|AC  0|TAMS 0x0000000747300000, 0x0000000747300000|
| 116|0x0000000747400000, 0x0000000747400000, 0x0000000747500000|  0%| F|  |TS  0|AC  0|TAMS 0x0000000747400000, 0x0000000747400000|
| 117|0x0000000747500000, 0x0000000747500000, 0x0000000747600000|  0%| F|  |TS  0|AC  0|TAMS 0x0000000747500000, 0x0000000747500000|
| 118|0x0000000747600000, 0x0000000747600000, 0x0000000747700000|  0%| F|  |TS  0|AC  0|TAMS 0x0000000747600000, 0x0000000747600000|
| 119|0x0000000747700000, 0x0000000747700000, 0x0000000747800000|  0%| F|  |TS  0|AC  0|TAMS 0x0000000747700000, 0x0000000747700000|
| 120|0x0000000747800000, 0x0000000747849670, 0x0000000747900000| 28%| E|  |TS  0|AC  0|TAMS 0x0000000747800000, 0x0000000747800000|
| 121|0x0000000747900000, 0x0000000747a00000, 0x0000000747a00000|100%| E|CS|TS  0|AC  0|TAMS 0x0000000747900000, 0x0000000747900000|
| 122|0x0000000747a00000, 0x0000000747b00000, 0x0000000747b00000|100%| E|CS|TS  0|AC  0|TAMS 0x0000000747a00000, 0x0000000747a00000|
| 123|0x0000000747b00000, 0x0000000747c00000, 0x0000000747c00000|100%| E|CS|TS  0|AC  0|TAMS 0x0000000747b00000, 0x0000000747b00000|
| 124|0x0000000747c00000, 0x0000000747d00000, 0x0000000747d00000|100%| E|CS|TS  0|AC  0|TAMS 0x0000000747c00000, 0x0000000747c00000|
| 125|0x0000000747d00000, 0x0000000747e00000, 0x0000000747e00000|100%| E|CS|TS  0|AC  0|TAMS 0x0000000747d00000, 0x0000000747d00000|
| 126|0x0000000747e00000, 0x0000000747f00000, 0x0000000747f00000|100%| E|CS|TS  0|AC  0|TAMS 0x0000000747e00000, 0x0000000747e00000|
| 127|0x0000000747f00000, 0x0000000748000000, 0x0000000748000000|100%| E|CS|TS  0|AC  0|TAMS 0x0000000747f00000, 0x0000000747f00000|

Card table byte_map: [0x000000010c4c5000,0x000000010c8c5000] byte_map_base: 0x0000000108ac5000

Marking Bits (Prev, Next): (CMBitMap*) 0x00007ff64802e070, (CMBitMap*) 0x00007ff64802e0a8
 Prev Bits: [0x000000010ccc5000, 0x000000010ecc5000)
 Next Bits: [0x000000010ecc5000, 0x0000000110cc5000)

Polling page: 0x000000010a58a000

CodeHeap 'non-profiled nmethods': size=120032Kb used=114Kb max_used=114Kb free=119917Kb
 bounds [0x000000012528c000, 0x00000001254fc000, 0x000000012c7c4000]
CodeHeap 'profiled nmethods': size=120032Kb used=539Kb max_used=539Kb free=119492Kb
 bounds [0x000000011dd54000, 0x000000011dfc4000, 0x000000012528c000]
CodeHeap 'non-nmethods': size=5696Kb used=1191Kb max_used=1206Kb free=4504Kb
 bounds [0x000000011d7c4000, 0x000000011da34000, 0x000000011dd54000]
 total_blobs=831 nmethods=382 adapters=269
 compilation: enabled

Compilation events (10 events):
Event: 306.604 Thread 0x00007ff64785a800 nmethod 378 0x000000011ddd8c10 code [0x000000011ddd8dc0, 0x000000011ddd90b0]
Event: 306.604 Thread 0x00007ff64785a800  379       3       org.eclipse.jdt.launching.internal.org.objectweb.asm.SymbolTable::put (150 bytes)
Event: 306.605 Thread 0x00007ff64785a800 nmethod 379 0x000000011ddd9190 code [0x000000011ddd93a0, 0x000000011ddd9c90]
Event: 341.579 Thread 0x00007ff647020000  380       4       org.eclipse.jdt.launching.internal.org.objectweb.asm.ClassReader::readUnsignedShort (26 bytes)
Event: 341.581 Thread 0x00007ff647020000 nmethod 380 0x00000001252a8810 code [0x00000001252a89a0, 0x00000001252a8ab8]
Event: 341.581 Thread 0x00007ff64785a800  381       3       org.eclipse.jdt.launching.internal.org.objectweb.asm.SymbolTable::hash (10 bytes)
Event: 341.584 Thread 0x00007ff64785a800 nmethod 381 0x000000011ddd9f90 code [0x000000011ddda140, 0x000000011ddda348]
Event: 341.584 Thread 0x00007ff64785a800  382       3       org.eclipse.jdt.launching.internal.org.objectweb.asm.ClassReader::readUtf (44 bytes)
Event: 341.584 Thread 0x00007ff64785a800 nmethod 382 0x000000011ddda410 code [0x000000011ddda600, 0x000000011dddaac8]
Event: 355.435 Thread 0x00007ff64785a800  383       3       org.eclipse.jdt.launching.internal.org.objectweb.asm.SymbolTable::addConstantUtf8 (98 bytes)

GC Heap History (0 events):
No events

Deoptimization events (0 events):
No events

Classes redefined (5 events):
Event: 95.373 Thread 0x00007ff64807a000 redefined class name=programmersLvCheck.Lv2_NewsClustering, count=1
Event: 249.027 Thread 0x00007ff64807a000 redefined class name=programmersLvCheck.Lv2_NewsClustering, count=2
Event: 285.926 Thread 0x00007ff64807a000 redefined class name=programmersLvCheck.Lv2_NewsClustering, count=3
Event: 306.602 Thread 0x00007ff64807a000 redefined class name=programmersLvCheck.Lv2_NewsClustering, count=4
Event: 341.583 Thread 0x00007ff64807a000 redefined class name=programmersLvCheck.Lv2_NewsClustering, count=5

Internal exceptions (0 events):
No events

Events (10 events):
Event: 341.592 Executing VM operation: GetFrameCount done
Event: 341.592 Executing VM operation: GetFrameLocation
Event: 341.592 Executing VM operation: GetFrameLocation done
Event: 341.625 Executing VM operation: GetFrameCount
Event: 341.625 Executing VM operation: GetFrameCount done
Event: 341.625 Executing VM operation: GetOwnedMonitorInfo
Event: 341.625 Executing VM operation: GetOwnedMonitorInfo done
Event: 341.625 Executing VM operation: GetCurrentContendedMonitor
Event: 341.625 Executing VM operation: GetCurrentContendedMonitor done
Event: 355.436 Executing VM operation: RedefineClasses


Dynamic libraries:
0x00007fff34150000 	/System/Library/Frameworks/Cocoa.framework/Versions/A/Cocoa
0x00007fff41938000 	/System/Library/Frameworks/Security.framework/Versions/A/Security
0x00007fff330b7000 	/System/Library/Frameworks/ApplicationServices.framework/Versions/A/ApplicationServices
0x00007fff6e590000 	/usr/lib/libz.1.dylib
0x00007fff6c054000 	/usr/lib/libSystem.B.dylib
0x00007fff34ff0000 	/System/Library/Frameworks/CoreFoundation.framework/Versions/A/CoreFoundation
0x00007fff376aa000 	/System/Library/Frameworks/Foundation.framework/Versions/C/Foundation
0x00007fff6deb4000 	/usr/lib/libobjc.A.dylib
0x00007fff322a7000 	/System/Library/Frameworks/AppKit.framework/Versions/C/AppKit
0x00007fff34ad4000 	/System/Library/Frameworks/CoreData.framework/Versions/A/CoreData
0x00007fff6606f000 	/System/Library/PrivateFrameworks/UIFoundation.framework/Versions/A/UIFoundation
0x00007fff61113000 	/System/Library/PrivateFrameworks/RemoteViewServices.framework/Versions/A/RemoteViewServices
0x00007fff68bc4000 	/System/Library/PrivateFrameworks/XCTTargetBootstrap.framework/Versions/A/XCTTargetBootstrap
0x00007fff34ebf000 	/System/Library/Frameworks/CoreDisplay.framework/Versions/A/CoreDisplay
0x00007fff3a565000 	/System/Library/Frameworks/Metal.framework/Versions/A/Metal
0x00007fff4f11f000 	/System/Library/PrivateFrameworks/DesktopServicesPriv.framework/Versions/A/DesktopServicesPriv
0x00007fff6d18f000 	/usr/lib/liblangid.dylib
0x00007fff4e3b7000 	/System/Library/PrivateFrameworks/CoreSVG.framework/Versions/A/CoreSVG
0x00007fff6426c000 	/System/Library/PrivateFrameworks/SkyLight.framework/Versions/A/SkyLight
0x00007fff35471000 	/System/Library/Frameworks/CoreGraphics.framework/Versions/A/CoreGraphics
0x00007fff30c7b000 	/System/Library/Frameworks/Accelerate.framework/Versions/A/Accelerate
0x00007fff6e481000 	/usr/lib/libxml2.2.dylib
0x00007fff5a0ac000 	/System/Library/PrivateFrameworks/IconServices.framework/Versions/A/IconServices
0x00007fff37e89000 	/System/Library/Frameworks/IOSurface.framework/Versions/A/IOSurface
0x00007fff6bb7e000 	/usr/lib/libDiagnosticMessagesClient.dylib
0x00007fff4ef79000 	/System/Library/PrivateFrameworks/DFRFoundation.framework/Versions/A/DFRFoundation
0x00007fff6cf1e000 	/usr/lib/libicucore.A.dylib
0x00007fff333e9000 	/System/Library/Frameworks/AudioToolbox.framework/Versions/A/AudioToolbox
0x00007fff334cc000 	/System/Library/Frameworks/AudioUnit.framework/Versions/A/AudioUnit
0x00007fff6c256000 	/usr/lib/libauto.dylib
0x00007fff4f01b000 	/System/Library/PrivateFrameworks/DataDetectorsCore.framework/Versions/A/DataDetectorsCore
0x00007fff33c71000 	/System/Library/Frameworks/Carbon.framework/Versions/A/Frameworks/HIToolbox.framework/Versions/A/HIToolbox
0x00007fff40b35000 	/System/Library/Frameworks/QuartzCore.framework/Versions/A/QuartzCore
0x00007fff33fb0000 	/System/Library/Frameworks/Carbon.framework/Versions/A/Frameworks/SpeechRecognition.framework/Versions/A/SpeechRecognition
0x00007fff4ea90000 	/System/Library/PrivateFrameworks/CoreUI.framework/Versions/A/CoreUI
0x00007fff3453f000 	/System/Library/Frameworks/CoreAudio.framework/Versions/A/CoreAudio
0x00007fff3736b000 	/System/Library/Frameworks/DiskArbitration.framework/Versions/A/DiskArbitration
0x00007fff5c0fa000 	/System/Library/PrivateFrameworks/MultitouchSupport.framework/Versions/A/MultitouchSupport
0x00007fff6cde5000 	/usr/lib/libenergytrace.dylib
0x00007fff37de3000 	/System/Library/Frameworks/IOKit.framework/Versions/A/IOKit
0x00007fff363d7000 	/System/Library/Frameworks/CoreServices.framework/Versions/A/CoreServices
0x00007fff5e2a9000 	/System/Library/PrivateFrameworks/PerformanceAnalysis.framework/Versions/A/PerformanceAnalysis
0x00007fff3fb68000 	/System/Library/Frameworks/OpenGL.framework/Versions/A/OpenGL
0x00007fff3415e000 	/System/Library/Frameworks/ColorSync.framework/Versions/A/ColorSync
0x00007fff35af3000 	/System/Library/Frameworks/CoreImage.framework/Versions/A/CoreImage
0x00007fff36e4a000 	/System/Library/Frameworks/CoreText.framework/Versions/A/CoreText
0x00007fff37f19000 	/System/Library/Frameworks/ImageIO.framework/Versions/A/ImageIO
0x00007fff6c33a000 	/usr/lib/libc++.1.dylib
0x00007fff6c3b6000 	/usr/lib/libcompression.dylib
0x00007fff6bec2000 	/usr/lib/libMobileGestalt.dylib
0x00007fff65de4000 	/System/Library/PrivateFrameworks/TextureIO.framework/Versions/A/TextureIO
0x00007fff6c1b9000 	/usr/lib/libate.dylib
0x00007fff5a2b5000 	/System/Library/PrivateFrameworks/InternationalSupport.framework/Versions/A/InternationalSupport
0x00007fff6ee50000 	/usr/lib/system/libcache.dylib
0x00007fff6ee56000 	/usr/lib/system/libcommonCrypto.dylib
0x00007fff6ee62000 	/usr/lib/system/libcompiler_rt.dylib
0x00007fff6ee6a000 	/usr/lib/system/libcopyfile.dylib
0x00007fff6ee74000 	/usr/lib/system/libcorecrypto.dylib
0x00007fff6f013000 	/usr/lib/system/libdispatch.dylib
0x00007fff6f054000 	/usr/lib/system/libdyld.dylib
0x00007fff6f08b000 	/usr/lib/system/libkeymgr.dylib
0x00007fff6f099000 	/usr/lib/system/liblaunch.dylib
0x00007fff6f09a000 	/usr/lib/system/libmacho.dylib
0x00007fff6f0a0000 	/usr/lib/system/libquarantine.dylib
0x00007fff6f0a3000 	/usr/lib/system/libremovefile.dylib
0x00007fff6f0a5000 	/usr/lib/system/libsystem_asl.dylib
0x00007fff6f0bd000 	/usr/lib/system/libsystem_blocks.dylib
0x00007fff6f0be000 	/usr/lib/system/libsystem_c.dylib
0x00007fff6f146000 	/usr/lib/system/libsystem_configuration.dylib
0x00007fff6f14a000 	/usr/lib/system/libsystem_coreservices.dylib
0x00007fff6f14e000 	/usr/lib/system/libsystem_darwin.dylib
0x00007fff6f157000 	/usr/lib/system/libsystem_dnssd.dylib
0x00007fff6f15f000 	/usr/lib/system/libsystem_featureflags.dylib
0x00007fff6f161000 	/usr/lib/system/libsystem_info.dylib
0x00007fff6f1dc000 	/usr/lib/system/libsystem_m.dylib
0x00007fff6f224000 	/usr/lib/system/libsystem_malloc.dylib
0x00007fff6f24c000 	/usr/lib/system/libsystem_networkextension.dylib
0x00007fff6f25a000 	/usr/lib/system/libsystem_notify.dylib
0x00007fff6f278000 	/usr/lib/system/libsystem_sandbox.dylib
0x00007fff6f27d000 	/usr/lib/system/libsystem_secinit.dylib
0x00007fff6f1af000 	/usr/lib/system/libsystem_kernel.dylib
0x00007fff6f264000 	/usr/lib/system/libsystem_platform.dylib
0x00007fff6f26d000 	/usr/lib/system/libsystem_pthread.dylib
0x00007fff6f280000 	/usr/lib/system/libsystem_symptoms.dylib
0x00007fff6f288000 	/usr/lib/system/libsystem_trace.dylib
0x00007fff6f2a0000 	/usr/lib/system/libunwind.dylib
0x00007fff6f2a6000 	/usr/lib/system/libxpc.dylib
0x00007fff6c38d000 	/usr/lib/libc++abi.dylib
0x00007fff6d191000 	/usr/lib/liblzma.5.dylib
0x00007fff6ce0c000 	/usr/lib/libfakelink.dylib
0x00007fff6c146000 	/usr/lib/libarchive.2.dylib
0x00007fff429e9000 	/System/Library/Frameworks/SystemConfiguration.framework/Versions/A/SystemConfiguration
0x00007fff6bab1000 	/usr/lib/libCRFSuite.dylib
0x00007fff33862000 	/System/Library/Frameworks/CFNetwork.framework/Versions/A/CFNetwork
0x00007fff6c31c000 	/usr/lib/libbsm.0.dylib
0x00007fff6f08c000 	/usr/lib/system/libkxld.dylib
0x00007fff48905000 	/System/Library/PrivateFrameworks/AppleFSCompression.framework/Versions/A/AppleFSCompression
0x00007fff6c6a7000 	/usr/lib/libcoretls.dylib
0x00007fff6c6be000 	/usr/lib/libcoretls_cfhelpers.dylib
0x00007fff6defa000 	/usr/lib/libpam.2.dylib
0x00007fff6e02f000 	/usr/lib/libsqlite3.dylib
0x00007fff6e46e000 	/usr/lib/libxar.1.dylib
0x00007fff6c32d000 	/usr/lib/libbz2.1.0.dylib
0x00007fff6ce2d000 	/usr/lib/libiconv.2.dylib
0x00007fff6c3a3000 	/usr/lib/libcharset.1.dylib
0x00007fff6d997000 	/usr/lib/libnetwork.dylib
0x00007fff6df01000 	/usr/lib/libpcap.A.dylib
0x00007fff6c0fb000 	/usr/lib/libapple_nghttp2.dylib
0x00007fff3678e000 	/System/Library/Frameworks/CoreServices.framework/Versions/A/Frameworks/FSEvents.framework/Versions/A/FSEvents
0x00007fff3645e000 	/System/Library/Frameworks/CoreServices.framework/Versions/A/Frameworks/CarbonCore.framework/Versions/A/CarbonCore
0x00007fff369d2000 	/System/Library/Frameworks/CoreServices.framework/Versions/A/Frameworks/Metadata.framework/Versions/A/Metadata
0x00007fff36a6b000 	/System/Library/Frameworks/CoreServices.framework/Versions/A/Frameworks/OSServices.framework/Versions/A/OSServices
0x00007fff36a99000 	/System/Library/Frameworks/CoreServices.framework/Versions/A/Frameworks/SearchKit.framework/Versions/A/SearchKit
0x00007fff363d8000 	/System/Library/Frameworks/CoreServices.framework/Versions/A/Frameworks/AE.framework/Versions/A/AE
0x00007fff36797000 	/System/Library/Frameworks/CoreServices.framework/Versions/A/Frameworks/LaunchServices.framework/Versions/A/LaunchServices
0x00007fff36740000 	/System/Library/Frameworks/CoreServices.framework/Versions/A/Frameworks/DictionaryServices.framework/Versions/A/DictionaryServices
0x00007fff36b01000 	/System/Library/Frameworks/CoreServices.framework/Versions/A/Frameworks/SharedFileList.framework/Versions/A/SharedFileList
0x00007fff3b988000 	/System/Library/Frameworks/NetFS.framework/Versions/A/NetFS
0x00007fff5c62a000 	/System/Library/PrivateFrameworks/NetAuth.framework/Versions/A/NetAuth
0x00007fff68f91000 	/System/Library/PrivateFrameworks/login.framework/Versions/A/Frameworks/loginsupport.framework/Versions/A/loginsupport
0x00007fff658af000 	/System/Library/PrivateFrameworks/TCC.framework/Versions/A/TCC
0x00007fff4d52a000 	/System/Library/PrivateFrameworks/CoreNLP.framework/Versions/A/CoreNLP
0x00007fff5bb27000 	/System/Library/PrivateFrameworks/MetadataUtilities.framework/Versions/A/MetadataUtilities
0x00007fff6d269000 	/usr/lib/libmecabra.dylib
0x00007fff6d1c1000 	/usr/lib/libmecab.dylib
0x00007fff6ce1d000 	/usr/lib/libgermantok.dylib
0x00007fff6c0e2000 	/usr/lib/libThaiTokenizer.dylib
0x00007fff6bae8000 	/usr/lib/libChineseTokenizer.dylib
0x00007fff30c93000 	/System/Library/Frameworks/Accelerate.framework/Versions/A/Frameworks/vImage.framework/Versions/A/vImage
0x00007fff320fd000 	/System/Library/Frameworks/Accelerate.framework/Versions/A/Frameworks/vecLib.framework/Versions/A/vecLib
0x00007fff3203a000 	/System/Library/Frameworks/Accelerate.framework/Versions/A/Frameworks/vecLib.framework/Versions/A/libvMisc.dylib
0x00007fff31e62000 	/System/Library/Frameworks/Accelerate.framework/Versions/A/Frameworks/vecLib.framework/Versions/A/libvDSP.dylib
0x00007fff312ea000 	/System/Library/Frameworks/Accelerate.framework/Versions/A/Frameworks/vecLib.framework/Versions/A/libBLAS.dylib
0x00007fff31a26000 	/System/Library/Frameworks/Accelerate.framework/Versions/A/Frameworks/vecLib.framework/Versions/A/libLAPACK.dylib
0x00007fff31dc2000 	/System/Library/Frameworks/Accelerate.framework/Versions/A/Frameworks/vecLib.framework/Versions/A/libLinearAlgebra.dylib
0x00007fff31e4f000 	/System/Library/Frameworks/Accelerate.framework/Versions/A/Frameworks/vecLib.framework/Versions/A/libSparseBLAS.dylib
0x00007fff31dd8000 	/System/Library/Frameworks/Accelerate.framework/Versions/A/Frameworks/vecLib.framework/Versions/A/libQuadrature.dylib
0x00007fff31552000 	/System/Library/Frameworks/Accelerate.framework/Versions/A/Frameworks/vecLib.framework/Versions/A/libBNNS.dylib
0x00007fff31dde000 	/System/Library/Frameworks/Accelerate.framework/Versions/A/Frameworks/vecLib.framework/Versions/A/libSparse.dylib
0x00007fff5a69d000 	/System/Library/PrivateFrameworks/LanguageModeling.framework/Versions/A/LanguageModeling
0x00007fff4ceda000 	/System/Library/PrivateFrameworks/CoreEmoji.framework/Versions/A/CoreEmoji
0x00007fff5a7bb000 	/System/Library/PrivateFrameworks/LinguisticData.framework/Versions/A/LinguisticData
0x00007fff5a76c000 	/System/Library/PrivateFrameworks/Lexicon.framework/Versions/A/Lexicon
0x00007fff6c3a4000 	/usr/lib/libcmph.dylib
0x00007fff3e576000 	/System/Library/Frameworks/OpenDirectory.framework/Versions/A/Frameworks/CFOpenDirectory.framework/Versions/A/CFOpenDirectory
0x00007fff3e593000 	/System/Library/Frameworks/OpenDirectory.framework/Versions/A/OpenDirectory
0x00007fff469b8000 	/System/Library/PrivateFrameworks/APFS.framework/Versions/A/APFS
0x00007fff41c82000 	/System/Library/Frameworks/SecurityFoundation.framework/Versions/A/SecurityFoundation
0x00007fff6e46a000 	/usr/lib/libutil.dylib
0x00007fff4e40f000 	/System/Library/PrivateFrameworks/CoreServicesStore.framework/Versions/A/CoreServicesStore
0x00007fff41d39000 	/System/Library/Frameworks/ServiceManagement.framework/Versions/A/ServiceManagement
0x00007fff4a0d4000 	/System/Library/PrivateFrameworks/BackgroundTaskManagement.framework/Versions/A/BackgroundTaskManagement
0x00007fff6e567000 	/usr/lib/libxslt.1.dylib
0x00007fff48f78000 	/System/Library/PrivateFrameworks/AppleSystemInfo.framework/Versions/A/AppleSystemInfo
0x00007fff38134000 	/System/Library/Frameworks/ImageIO.framework/Versions/A/Resources/libJPEG.dylib
0x00007fff383f0000 	/System/Library/Frameworks/ImageIO.framework/Versions/A/Resources/libTIFF.dylib
0x00007fff383d3000 	/System/Library/Frameworks/ImageIO.framework/Versions/A/Resources/libPng.dylib
0x00007fff38076000 	/System/Library/Frameworks/ImageIO.framework/Versions/A/Resources/libGIF.dylib
0x00007fff3807a000 	/System/Library/Frameworks/ImageIO.framework/Versions/A/Resources/libJP2.dylib
0x00007fff383ee000 	/System/Library/Frameworks/ImageIO.framework/Versions/A/Resources/libRadiance.dylib
0x00007fff6cde6000 	/usr/lib/libexpat.1.dylib
0x00007fff48a60000 	/System/Library/PrivateFrameworks/AppleJPEG.framework/Versions/A/AppleJPEG
0x00007fff5170e000 	/System/Library/PrivateFrameworks/FontServices.framework/libFontParser.dylib
0x00007fff67f96000 	/System/Library/PrivateFrameworks/WatchdogClient.framework/Versions/A/WatchdogClient
0x00007fff59cf8000 	/System/Library/PrivateFrameworks/IOAccelerator.framework/Versions/A/IOAccelerator
0x00007fff3a900000 	/System/Library/Frameworks/MetalPerformanceShaders.framework/Versions/A/MetalPerformanceShaders
0x00007fff5648f000 	/System/Library/PrivateFrameworks/GPUWrangler.framework/Versions/A/GPUWrangler
0x00007fff59d0d000 	/System/Library/PrivateFrameworks/IOPresentment.framework/Versions/A/IOPresentment
0x00007fff4ef8c000 	/System/Library/PrivateFrameworks/DSExternalDisplay.framework/Versions/A/DSExternalDisplay
0x00007fff3ef07000 	/System/Library/Frameworks/OpenGL.framework/Versions/A/Libraries/libCoreFSCache.dylib
0x00007fff3a64c000 	/System/Library/Frameworks/MetalPerformanceShaders.framework/Frameworks/MPSCore.framework/Versions/A/MPSCore
0x00007fff3a68a000 	/System/Library/Frameworks/MetalPerformanceShaders.framework/Frameworks/MPSImage.framework/Versions/A/MPSImage
0x00007fff3a751000 	/System/Library/Frameworks/MetalPerformanceShaders.framework/Frameworks/MPSNeuralNetwork.framework/Versions/A/MPSNeuralNetwork
0x00007fff3a715000 	/System/Library/Frameworks/MetalPerformanceShaders.framework/Frameworks/MPSMatrix.framework/Versions/A/MPSMatrix
0x00007fff3a8b0000 	/System/Library/Frameworks/MetalPerformanceShaders.framework/Frameworks/MPSRayIntersector.framework/Versions/A/MPSRayIntersector
0x00007fff3a73b000 	/System/Library/Frameworks/MetalPerformanceShaders.framework/Frameworks/MPSNDArray.framework/Versions/A/MPSNDArray
0x00007fff5bb74000 	/System/Library/PrivateFrameworks/MetalTools.framework/Versions/A/MetalTools
0x00007fff47b8d000 	/System/Library/PrivateFrameworks/AggregateDictionary.framework/Versions/A/AggregateDictionary
0x00007fff4c924000 	/System/Library/PrivateFrameworks/CoreAnalytics.framework/Versions/A/CoreAnalytics
0x00007fff48e97000 	/System/Library/PrivateFrameworks/AppleSauce.framework/Versions/A/AppleSauce
0x00007fff6bda4000 	/usr/lib/libIOReport.dylib
0x00007fff37002000 	/System/Library/Frameworks/CoreVideo.framework/Versions/A/CoreVideo
0x00007fff57909000 	/System/Library/PrivateFrameworks/GraphVisualizer.framework/Versions/A/GraphVisualizer
0x00007fff50c55000 	/System/Library/PrivateFrameworks/FaceCore.framework/Versions/A/FaceCore
0x00007fff3e51d000 	/System/Library/Frameworks/OpenCL.framework/Versions/A/OpenCL
0x00007fff6bbc6000 	/usr/lib/libFosl_dynamic.dylib
0x00007fff5d04a000 	/System/Library/PrivateFrameworks/OTSVG.framework/Versions/A/OTSVG
0x00007fff331bc000 	/System/Library/Frameworks/ApplicationServices.framework/Versions/A/Frameworks/ATS.framework/Versions/A/Resources/libFontRegistry.dylib
0x00007fff518e0000 	/System/Library/PrivateFrameworks/FontServices.framework/libhvf.dylib
0x00007fff3ef12000 	/System/Library/Frameworks/OpenGL.framework/Versions/A/Libraries/libGFXShared.dylib
0x00007fff3f0f0000 	/System/Library/Frameworks/OpenGL.framework/Versions/A/Libraries/libGLU.dylib
0x00007fff3ef1b000 	/System/Library/Frameworks/OpenGL.framework/Versions/A/Libraries/libGL.dylib
0x00007fff3ef26000 	/System/Library/Frameworks/OpenGL.framework/Versions/A/Libraries/libGLImage.dylib
0x00007fff3ef04000 	/System/Library/Frameworks/OpenGL.framework/Versions/A/Libraries/libCVMSPluginSupport.dylib
0x00007fff3ef0d000 	/System/Library/Frameworks/OpenGL.framework/Versions/A/Libraries/libCoreVMClient.dylib
0x00007fff6d838000 	/usr/lib/libncurses.5.4.dylib
0x00007fff330b8000 	/System/Library/Frameworks/ApplicationServices.framework/Versions/A/Frameworks/ATS.framework/Versions/A/ATS
0x00007fff33285000 	/System/Library/Frameworks/ApplicationServices.framework/Versions/A/Frameworks/ColorSyncLegacy.framework/Versions/A/ColorSyncLegacy
0x00007fff33323000 	/System/Library/Frameworks/ApplicationServices.framework/Versions/A/Frameworks/HIServices.framework/Versions/A/HIServices
0x00007fff3337b000 	/System/Library/Frameworks/ApplicationServices.framework/Versions/A/Frameworks/LangAnalysis.framework/Versions/A/LangAnalysis
0x00007fff3338a000 	/System/Library/Frameworks/ApplicationServices.framework/Versions/A/Frameworks/PrintCore.framework/Versions/A/PrintCore
0x00007fff333d0000 	/System/Library/Frameworks/ApplicationServices.framework/Versions/A/Frameworks/QD.framework/Versions/A/QD
0x00007fff333db000 	/System/Library/Frameworks/ApplicationServices.framework/Versions/A/Frameworks/SpeechSynthesis.framework/Versions/A/SpeechSynthesis
0x00007fff33255000 	/System/Library/Frameworks/ApplicationServices.framework/Versions/A/Frameworks/ATSUI.framework/Versions/A/ATSUI
0x00007fff6cc7c000 	/usr/lib/libcups.2.dylib
0x00007fff3999b000 	/System/Library/Frameworks/Kerberos.framework/Versions/A/Kerberos
0x00007fff37adc000 	/System/Library/Frameworks/GSS.framework/Versions/A/GSS
0x00007fff6dfbb000 	/usr/lib/libresolv.9.dylib
0x00007fff57ab6000 	/System/Library/PrivateFrameworks/Heimdal.framework/Versions/A/Heimdal
0x00007fff399ae000 	/System/Library/Frameworks/Kerberos.framework/Versions/A/Libraries/libHeimdalProxy.dylib
0x00007fff6ce23000 	/usr/lib/libheimdal-asn1.dylib
0x00007fff4bdbf000 	/System/Library/PrivateFrameworks/CommonAuth.framework/Versions/A/CommonAuth
0x00007fff49015000 	/System/Library/PrivateFrameworks/AssertionServices.framework/Versions/A/AssertionServices
0x00007fff49bb7000 	/System/Library/PrivateFrameworks/AudioToolboxCore.framework/Versions/A/AudioToolboxCore
0x00007fff68c41000 	/System/Library/PrivateFrameworks/caulk.framework/Versions/A/caulk
0x00007fff4a180000 	/System/Library/PrivateFrameworks/BaseBoard.framework/Versions/A/BaseBoard
0x00007fff612a1000 	/System/Library/PrivateFrameworks/RunningBoardServices.framework/Versions/A/RunningBoardServices
0x00007fff5e2b5000 	/System/Library/PrivateFrameworks/PersistentConnection.framework/Versions/A/PersistentConnection
0x00007fff60c9b000 	/System/Library/PrivateFrameworks/ProtocolBuffer.framework/Versions/A/ProtocolBuffer
0x00007fff4bde3000 	/System/Library/PrivateFrameworks/CommonUtilities.framework/Versions/A/CommonUtilities
0x00007fff4a30e000 	/System/Library/PrivateFrameworks/Bom.framework/Versions/A/Bom
0x00007fff6ba77000 	/usr/lib/libAudioToolboxUtility.dylib
0x00007fff4a0de000 	/System/Library/PrivateFrameworks/Backup.framework/Versions/A/Backup
0x00007fff4eead000 	/System/Library/PrivateFrameworks/CrashReporterSupport.framework/Versions/A/CrashReporterSupport
0x00007fff62d32000 	/System/Library/PrivateFrameworks/Sharing.framework/Versions/A/Sharing
0x00007fff48623000 	/System/Library/PrivateFrameworks/Apple80211.framework/Versions/A/Apple80211
0x00007fff49dfb000 	/System/Library/PrivateFrameworks/AuthKit.framework/Versions/A/AuthKit
0x00007fff4ebbd000 	/System/Library/PrivateFrameworks/CoreUtils.framework/Versions/A/CoreUtils
0x00007fff37047000 	/System/Library/Frameworks/CoreWLAN.framework/Versions/A/CoreWLAN
0x00007fff37c69000 	/System/Library/Frameworks/IOBluetooth.framework/Versions/A/IOBluetooth
0x00007fff5be79000 	/System/Library/PrivateFrameworks/MobileKeyBag.framework/Versions/A/MobileKeyBag
0x00007fff4d9c2000 	/System/Library/PrivateFrameworks/CorePhoneNumbers.framework/Versions/A/CorePhoneNumbers
0x00007fff48a13000 	/System/Library/PrivateFrameworks/AppleIDAuthSupport.framework/Versions/A/AppleIDAuthSupport
0x00007fff3b995000 	/System/Library/Frameworks/Network.framework/Versions/A/Network
0x00007fff5a549000 	/System/Library/PrivateFrameworks/KeychainCircle.framework/Versions/A/KeychainCircle
0x00007fff34a9b000 	/System/Library/Frameworks/CoreBluetooth.framework/Versions/A/CoreBluetooth
0x00007fff64daf000 	/System/Library/PrivateFrameworks/SpeechRecognitionCore.framework/Versions/A/SpeechRecognitionCore
0x00007fff28091000 	/System/Library/CoreServices/Encodings/libKoreanConverter.dylib
0x000000010ae00000 	/Library/Java/JavaVirtualMachines/jdk-9.0.4.jdk/Contents/Home/lib/server/libjvm.dylib
0x00007fff6e33d000 	/usr/lib/libstdc++.6.dylib
0x000000010a548000 	/Library/Java/JavaVirtualMachines/jdk-9.0.4.jdk/Contents/Home/lib/libverify.dylib
0x000000010a555000 	/Library/Java/JavaVirtualMachines/jdk-9.0.4.jdk/Contents/Home/lib/libjava.dylib
0x000000010a58b000 	/Library/Java/JavaVirtualMachines/jdk-9.0.4.jdk/Contents/Home/lib/libjdwp.dylib
0x000000010a5c8000 	/Library/Java/JavaVirtualMachines/jdk-9.0.4.jdk/Contents/Home/lib/libinstrument.dylib
0x000000010a5eb000 	/Library/Java/JavaVirtualMachines/jdk-9.0.4.jdk/Contents/Home/lib/libzip.dylib
0x000000010a5f3000 	/Library/Java/JavaVirtualMachines/jdk-9.0.4.jdk/Contents/Home/lib/libjimage.dylib
0x0000000112d51000 	/Library/Java/JavaVirtualMachines/jdk-9.0.4.jdk/Contents/Home/lib/libnio.dylib
0x0000000112d61000 	/Library/Java/JavaVirtualMachines/jdk-9.0.4.jdk/Contents/Home/lib/libnet.dylib
0x0000000112d78000 	/Library/Java/JavaVirtualMachines/jdk-9.0.4.jdk/Contents/Home/lib/libdt_socket.dylib

VM Arguments:
jvm_args: -agentlib:jdwp=transport=dt_socket,suspend=y,address=localhost:64185 -javaagent:/Applications/Eclipse.app/Contents/Eclipse/configuration/org.eclipse.osgi/404/0/.cp/lib/javaagent-shaded.jar -Dfile.encoding=UTF-8 
java_command: programmersLvCheck.Lv2_NewsClustering
java_class_path (initial): /Users/j.hyeong/eclipse-workspace/backjoon/bin
Launcher Type: SUN_STANDARD

Logging:
Log output configuration:
#0: stdout all=warning uptime,level,tags
#1: stderr all=off uptime,level,tags

Environment Variables:
PATH=/usr/bin:/bin:/usr/sbin:/sbin
SHELL=/bin/bash

Signal Handlers:
SIGSEGV: [libjvm.dylib+0x73f3dc], sa_mask[0]=11111111011111110111111111111111, sa_flags=SA_ONSTACK|SA_RESTART|SA_SIGINFO
SIGBUS: [libjvm.dylib+0x73f3dc], sa_mask[0]=11111111011111110111111111111111, sa_flags=SA_RESTART|SA_SIGINFO
SIGFPE: [libjvm.dylib+0x73f3dc], sa_mask[0]=11111111011111110111111111111111, sa_flags=SA_RESTART|SA_SIGINFO
SIGPIPE: [libjvm.dylib+0x5f233c], sa_mask[0]=11111111011111110111111111111111, sa_flags=SA_RESTART|SA_SIGINFO
SIGXFSZ: [libjvm.dylib+0x5f233c], sa_mask[0]=11111111011111110111111111111111, sa_flags=SA_RESTART|SA_SIGINFO
SIGILL: [libjvm.dylib+0x73f3dc], sa_mask[0]=11111111011111110111111111111111, sa_flags=SA_RESTART|SA_SIGINFO
SIGUSR2: [libjvm.dylib+0x5f2bcc], sa_mask[0]=00100000000000000000000000000000, sa_flags=SA_RESTART|SA_SIGINFO
SIGHUP: [libjvm.dylib+0x5f1409], sa_mask[0]=11111111011111110111111111111111, sa_flags=SA_RESTART|SA_SIGINFO
SIGINT: [libjvm.dylib+0x5f1409], sa_mask[0]=11111111011111110111111111111111, sa_flags=SA_RESTART|SA_SIGINFO
SIGTERM: [libjvm.dylib+0x5f1409], sa_mask[0]=11111111011111110111111111111111, sa_flags=SA_RESTART|SA_SIGINFO
SIGQUIT: [libjvm.dylib+0x5f1409], sa_mask[0]=11111111011111110111111111111111, sa_flags=SA_RESTART|SA_SIGINFO


---------------  S Y S T E M  ---------------

OS:uname:Darwin 19.5.0 Darwin Kernel Version 19.5.0: Tue May 26 20:41:44 PDT 2020; root:xnu-6153.121.2~2/RELEASE_X86_64 x86_64
rlimit: STACK 8192k, CORE 0k, NPROC 1392, NOFILE 10240, AS infinity
load average:2.34 1.90 2.16

CPU:total 4 (initial active 4) (2 cores per cpu, 2 threads per core) family 6 model 142 stepping 9, cmov, cx8, fxsr, mmx, sse, sse2, sse3, ssse3, sse4.1, sse4.2, popcnt, avx, avx2, aes, clmul, erms, rtm, 3dnowpref, lzcnt, ht, tsc, tscinvbit, bmi1, bmi2, adx, fma

Memory: 4k page, physical 8388608k(294572k free)

vm_info: Java HotSpot(TM) 64-Bit Server VM (9.0.4+11) for bsd-amd64 JRE (9.0.4+11), built on Dec 20 2017 02:08:50 by "mach5one" with gcc 4.2.1 Compatible Apple LLVM 6.1.0 (clang-602.0.49)

END.
