#
# A fatal error has been detected by the Java Runtime Environment:
#
#  SIGSEGV (0xb) at pc=0x000000010d5ff56a, pid=4886, tid=18691
#
# JRE version: Java(TM) SE Runtime Environment (9.0+11) (build 9.0.4+11)
# Java VM: Java HotSpot(TM) 64-Bit Server VM (9.0.4+11, mixed mode, tiered, compressed oops, g1 gc, bsd-amd64)
# Problematic frame:
# V  [libjvm.dylib+0x1ff56a]
#
# No core dump will be written. Core dumps have been disabled. To enable core dumping, try "ulimit -c unlimited" before starting Java again
#
# If you would like to submit a bug report, please visit:
#   http://bugreport.java.com/bugreport/crash.jsp
#

---------------  S U M M A R Y ------------

Command Line: -agentlib:jdwp=transport=dt_socket,suspend=y,address=localhost:52618 -javaagent:/Applications/Eclipse.app/Contents/Eclipse/configuration/org.eclipse.osgi/404/0/.cp/lib/javaagent-shaded.jar -Dfile.encoding=UTF-8 algostudy.BfsLedder

Host: MacBookPro14,1 x86_64 2300 MHz, 4 cores, 8G, Darwin 19.4.0
Time: Sat Apr  4 17:57:23 2020 KST elapsed time: 3089 seconds (0d 0h 51m 29s)

---------------  T H R E A D  ---------------

Current thread (0x00007f80a584f800):  VMThread "VM Thread" [stack: 0x00007000011e9000,0x00007000012e9000] [id=18691]

Stack: [0x00007000011e9000,0x00007000012e9000],  sp=0x00007000012e7f80,  free space=1019k
Native frames: (J=compiled Java code, A=aot compiled Java code, j=interpreted, Vv=VM code, C=native code)
V  [libjvm.dylib+0x1ff56a]
V  [libjvm.dylib+0x386b24]
V  [libjvm.dylib+0x387536]
V  [libjvm.dylib+0x386d8e]
V  [libjvm.dylib+0x386d4c]
V  [libjvm.dylib+0x2e2945]
V  [libjvm.dylib+0x2e2cc0]
V  [libjvm.dylib+0x2e26c7]
V  [libjvm.dylib+0x2e2dcc]
V  [libjvm.dylib+0x34feec]
V  [libjvm.dylib+0x350282]
V  [libjvm.dylib+0x3500b9]
V  [libjvm.dylib+0x352617]
V  [libjvm.dylib+0x5e8c48]
V  [libjvm.dylib+0x5e93ac]
V  [libjvm.dylib+0x5e9a7b]
V  [libjvm.dylib+0x5e98a7]
V  [libjvm.dylib+0x5b2be7]
V  [libjvm.dylib+0x4a7431]
V  [libjvm.dylib+0x747827]
V  [libjvm.dylib+0x746e9c]
V  [libjvm.dylib+0x746b8e]
V  [libjvm.dylib+0x7467b9]
V  [libjvm.dylib+0x5f02f3]
C  [libsystem_pthread.dylib+0x6109]  _pthread_start+0x94
C  [libsystem_pthread.dylib+0x1b8b]  thread_start+0xf


siginfo: si_signo: 11 (SIGSEGV), si_code: 1 (SEGV_MAPERR), si_addr: 0x0000000000000090

Register to memory mapping:

RAX=0x000000010cb81b08 is an unknown value
RBX=0x0000000000000000 is an unknown value
RCX=0x00007f80a3e0b4a0 is an unknown value
RDX=0x00007f80a3e0b560 is an unknown value
RSP=0x00007000012e7f80 is an unknown value
RBP=0x00007000012e7fa0 is an unknown value
RSI=0x0000000000000080 is an unknown value
RDI=0x0000000000000080 is an unknown value
R8 =0x00007f80a3e46b90 is an unknown value
R9 =0x0000000000000000 is an unknown value
R10=0x0000000000000000 is an unknown value
R11=0x000000010db9c1d4: __cxx_global_var_init5+0x377c4 in /Library/Java/JavaVirtualMachines/jdk-9.0.4.jdk/Contents/Home/lib/server/libjvm.dylib at 0x000000010d400000
R12=0x00000007c00044d8 is pointing into metadata
R13=0x00000007c0002b01 is pointing into metadata
R14=0x00007000012e8020 is an unknown value
R15=0x0000000000000000 is an unknown value


Registers:
RAX=0x000000010cb81b08, RBX=0x0000000000000000, RCX=0x00007f80a3e0b4a0, RDX=0x00007f80a3e0b560
RSP=0x00007000012e7f80, RBP=0x00007000012e7fa0, RSI=0x0000000000000080, RDI=0x0000000000000080
R8 =0x00007f80a3e46b90, R9 =0x0000000000000000, R10=0x0000000000000000, R11=0x000000010db9c1d4
R12=0x00000007c00044d8, R13=0x00000007c0002b01, R14=0x00007000012e8020, R15=0x0000000000000000
RIP=0x000000010d5ff56a, EFLAGS=0x0000000000010246, ERR=0x0000000000000004
  TRAPNO=0x000000000000000e

Top of Stack: (sp=0x00007000012e7f80)
0x00007000012e7f80:   00007f80a3e0b440 00000007c00044d8
0x00007000012e7f90:   0000000000000001 00007f80a584f800
0x00007000012e7fa0:   00007000012e8090 000000010d786b24
0x00007000012e7fb0:   0000000000000000 00000007c00044d8
0x00007000012e7fc0:   0000000100000000 0000000000000000
0x00007000012e7fd0:   000000012f49f088 0000000000000000
0x00007000012e7fe0:   0000000000000000 0000000000000000
0x00007000012e7ff0:   0000000000000000 0000000000000000
0x00007000012e8000:   0000000000000000 0000000000000000
0x00007000012e8010:   0000000000000000 0000000000000000
0x00007000012e8020:   0000000000000000 0000000000000000
0x00007000012e8030:   0000000000000000 00007f80a3e0b440
0x00007000012e8040:   00007f80a3e0b4a0 00007f80a3e0b560
0x00007000012e8050:   0000000000000064 0000000000000080
0x00007000012e8060:   ffffffff00000002 00000007c00044d8
0x00007000012e8070:   00000007c00044d8 bd4b540c271b0073
0x00007000012e8080:   00007f80a584f800 00007000012e80a0
0x00007000012e8090:   00007000012e80f0 000000010d787536
0x00007000012e80a0:   00007f80a584f800 00007f80a3f087c0
0x00007000012e80b0:   00007f80a3f08800 00007f80a3f08818
0x00007000012e80c0:   00007f80a3f088e8 00000000000000d8
0x00007000012e80d0:   00007000012e8210 00007f80a584f800
0x00007000012e80e0:   00000007c00044d8 00007000012e8210
0x00007000012e80f0:   00007000012e8200 000000010d786d8e
0x00007000012e8100:   00007000012e8120 000000010db03058
0x00007000012e8110:   0000000000000016 0000000000000000
0x00007000012e8120:   00007000012e8140 000000010d6cc343
0x00007000012e8130:   0000000115af9f90 00007f80a584f800
0x00007000012e8140:   00007000012e8230 000000010dac8875
0x00007000012e8150:   00007f80a584f800 0000000000000000
0x00007000012e8160:   0000000000000000 0000000000000000
0x00007000012e8170:   00007000012e8180 000000010d72c910 

Instructions: (pc=0x000000010d5ff56a)
0x000000010d5ff54a:   8b 46 28 48 85 c0 74 07 48 8b 40 28 48 ff 00 41
0x000000010d5ff55a:   c7 46 44 ff ff ff ff 45 31 ff 31 db 49 8b 7e 38
0x000000010d5ff56a:   42 80 7c 3f 10 00 74 0c 41 89 5e 44 4c 01 ff e8
0x000000010d5ff57a:   5c 3e 50 00 48 ff c3 49 83 c7 18 48 83 fb 06 75 

VM_Operation (0x0000700001d09aa8): GetOrSetLocal, mode: safepoint, requested by thread 0x00007f80a50d2800


---------------  P R O C E S S  ---------------

Java Threads: ( => current thread )
  0x00007f80a40d9800 JavaThread "Service Thread" daemon [_thread_blocked, id=41219, stack(0x0000700001f13000,0x0000700002013000)]
  0x00007f80a4836800 JavaThread "JDWP Command Reader" daemon [_thread_in_native, id=41475, stack(0x0000700001e10000,0x0000700001f10000)]
  0x00007f80a50d3800 JavaThread "JDWP Event Helper Thread" daemon [_thread_blocked, id=23043, stack(0x0000700001d0d000,0x0000700001e0d000)]
  0x00007f80a50d2800 JavaThread "JDWP Transport Listener: dt_socket" daemon [_thread_blocked, id=22535, stack(0x0000700001c0a000,0x0000700001d0a000)]
  0x00007f80a4808800 JavaThread "Common-Cleaner" daemon [_thread_blocked, id=22019, stack(0x0000700001b07000,0x0000700001c07000)]
  0x00007f80a585f000 JavaThread "Sweeper thread" daemon [_thread_blocked, id=41987, stack(0x0000700001a04000,0x0000700001b04000)]
  0x00007f80a4814000 JavaThread "C1 CompilerThread2" daemon [_thread_blocked, id=42499, stack(0x0000700001901000,0x0000700001a01000)]
  0x00007f80a4094800 JavaThread "C2 CompilerThread1" daemon [_thread_blocked, id=43011, stack(0x00007000017fe000,0x00007000018fe000)]
  0x00007f80a402e800 JavaThread "C2 CompilerThread0" daemon [_thread_blocked, id=21763, stack(0x00007000016fb000,0x00007000017fb000)]
  0x00007f80a402e000 JavaThread "Signal Dispatcher" daemon [_thread_blocked, id=16899, stack(0x00007000015f8000,0x00007000016f8000)]
  0x00007f80a5856800 JavaThread "Finalizer" daemon [_thread_blocked, id=14083, stack(0x00007000013ef000,0x00007000014ef000)]
  0x00007f80a4022800 JavaThread "Reference Handler" daemon [_thread_blocked, id=18435, stack(0x00007000012ec000,0x00007000013ec000)]
  0x00007f80a5011000 JavaThread "main" [_thread_blocked, id=3843, stack(0x00007000005c5000,0x00007000006c5000)]

Other Threads:
=>0x00007f80a584f800 VMThread "VM Thread" [stack: 0x00007000011e9000,0x00007000012e9000] [id=18691]
  0x00007f80a40d9000 WatcherThread [stack: 0x0000700002016000,0x0000700002116000] [id=24067]
  0x00007f80a501c800 GCTaskThread "GC Thread#0" [stack: 0x00007000006c8000,0x00007000007c8000] [id=8451]
  0x00007f80a501d000 GCTaskThread "GC Thread#1" [stack: 0x00007000007cb000,0x00007000008cb000] [id=10755]
  0x00007f80a501e000 GCTaskThread "GC Thread#2" [stack: 0x00007000008ce000,0x00007000009ce000] [id=21251]
  0x00007f80a5023800 GCTaskThread "GC Thread#3" [stack: 0x00007000009d1000,0x0000700000ad1000] [id=11267]
  0x00007f80a503b800 ConcurrentGCThread "G1 Main Marker" [stack: 0x0000700000fe3000,0x00007000010e3000] [id=12291]
  0x00007f80a503c000 ConcurrentGCThread "G1 Marker#0" [stack: 0x00007000010e6000,0x00007000011e6000] [id=13059]
  0x00007f80a5026800 ConcurrentGCThread "G1 Refine#0" [stack: 0x0000700000ddd000,0x0000700000edd000] [id=19971]
  0x00007f80a5025800 ConcurrentGCThread "G1 Refine#1" [stack: 0x0000700000cda000,0x0000700000dda000] [id=12035]
  0x00007f80a5025000 ConcurrentGCThread "G1 Refine#2" [stack: 0x0000700000bd7000,0x0000700000cd7000] [id=11779]
  0x00007f80a5024000 ConcurrentGCThread "G1 Refine#3" [stack: 0x0000700000ad4000,0x0000700000bd4000] [id=20739]
  0x00007f80a5027000 ConcurrentGCThread "G1 Young RemSet Sampling" [stack: 0x0000700000ee0000,0x0000700000fe0000] [id=19459]

Threads with active compile tasks:

VM state:at safepoint (normal execution)

VM Mutex/Monitor currently owned by a thread:  ([mutex/lock_event])
[0x00007f80a3e07270] Threads_lock - owner thread: 0x00007f80a584f800

Heap address: 0x0000000740000000, size: 2048 MB, Compressed Oops mode: Zero based, Oop shift amount: 3
Narrow klass base: 0x0000000000000000, Narrow klass shift: 3
Compressed class space size: 1073741824 Address: 0x00000007c0000000

Heap:
 garbage-first heap   total 131072K, used 9216K [0x0000000740000000, 0x0000000740100400, 0x00000007c0000000)
  region size 1024K, 10 young (10240K), 0 survivors (0K)
 Metaspace       used 8591K, capacity 8686K, committed 8704K, reserved 1056768K
  class space    used 736K, capacity 763K, committed 768K, reserved 1048576K
Heap Regions: E=young(eden), S=young(survivor), O=old, HS=humongous(starts), HC=humongous(continues), CS=collection set, F=free, A=archive, TS=gc time stamp, AC=allocation context, TAMS=top-at-mark-start (previous, next)
|   0|0x0000000740000000, 0x0000000740000000, 0x0000000740100000|  0%| F|  |TS  0|AC  0|TAMS 0x0000000740000000, 0x0000000740000000|
|   1|0x0000000740100000, 0x0000000740100000, 0x0000000740200000|  0%| F|  |TS  0|AC  0|TAMS 0x0000000740100000, 0x0000000740100000|
|   2|0x0000000740200000, 0x0000000740200000, 0x0000000740300000|  0%| F|  |TS  0|AC  0|TAMS 0x0000000740200000, 0x0000000740200000|
|   3|0x0000000740300000, 0x0000000740300000, 0x0000000740400000|  0%| F|  |TS  0|AC  0|TAMS 0x0000000740300000, 0x0000000740300000|
|   4|0x0000000740400000, 0x0000000740400000, 0x0000000740500000|  0%| F|  |TS  0|AC  0|TAMS 0x0000000740400000, 0x0000000740400000|
|   5|0x0000000740500000, 0x0000000740500000, 0x0000000740600000|  0%| F|  |TS  0|AC  0|TAMS 0x0000000740500000, 0x0000000740500000|
|   6|0x0000000740600000, 0x0000000740600000, 0x0000000740700000|  0%| F|  |TS  0|AC  0|TAMS 0x0000000740600000, 0x0000000740600000|
|   7|0x0000000740700000, 0x0000000740700000, 0x0000000740800000|  0%| F|  |TS  0|AC  0|TAMS 0x0000000740700000, 0x0000000740700000|
|   8|0x0000000740800000, 0x0000000740800000, 0x0000000740900000|  0%| F|  |TS  0|AC  0|TAMS 0x0000000740800000, 0x0000000740800000|
|   9|0x0000000740900000, 0x0000000740900000, 0x0000000740a00000|  0%| F|  |TS  0|AC  0|TAMS 0x0000000740900000, 0x0000000740900000|
|  10|0x0000000740a00000, 0x0000000740a00000, 0x0000000740b00000|  0%| F|  |TS  0|AC  0|TAMS 0x0000000740a00000, 0x0000000740a00000|
|  11|0x0000000740b00000, 0x0000000740b00000, 0x0000000740c00000|  0%| F|  |TS  0|AC  0|TAMS 0x0000000740b00000, 0x0000000740b00000|
|  12|0x0000000740c00000, 0x0000000740c00000, 0x0000000740d00000|  0%| F|  |TS  0|AC  0|TAMS 0x0000000740c00000, 0x0000000740c00000|
|  13|0x0000000740d00000, 0x0000000740d00000, 0x0000000740e00000|  0%| F|  |TS  0|AC  0|TAMS 0x0000000740d00000, 0x0000000740d00000|
|  14|0x0000000740e00000, 0x0000000740e00000, 0x0000000740f00000|  0%| F|  |TS  0|AC  0|TAMS 0x0000000740e00000, 0x0000000740e00000|
|  15|0x0000000740f00000, 0x0000000740f00000, 0x0000000741000000|  0%| F|  |TS  0|AC  0|TAMS 0x0000000740f00000, 0x0000000740f00000|
|  16|0x0000000741000000, 0x0000000741000000, 0x0000000741100000|  0%| F|  |TS  0|AC  0|TAMS 0x0000000741000000, 0x0000000741000000|
|  17|0x0000000741100000, 0x0000000741100000, 0x0000000741200000|  0%| F|  |TS  0|AC  0|TAMS 0x0000000741100000, 0x0000000741100000|
|  18|0x0000000741200000, 0x0000000741200000, 0x0000000741300000|  0%| F|  |TS  0|AC  0|TAMS 0x0000000741200000, 0x0000000741200000|
|  19|0x0000000741300000, 0x0000000741300000, 0x0000000741400000|  0%| F|  |TS  0|AC  0|TAMS 0x0000000741300000, 0x0000000741300000|
|  20|0x0000000741400000, 0x0000000741400000, 0x0000000741500000|  0%| F|  |TS  0|AC  0|TAMS 0x0000000741400000, 0x0000000741400000|
|  21|0x0000000741500000, 0x0000000741500000, 0x0000000741600000|  0%| F|  |TS  0|AC  0|TAMS 0x0000000741500000, 0x0000000741500000|
|  22|0x0000000741600000, 0x0000000741600000, 0x0000000741700000|  0%| F|  |TS  0|AC  0|TAMS 0x0000000741600000, 0x0000000741600000|
|  23|0x0000000741700000, 0x0000000741700000, 0x0000000741800000|  0%| F|  |TS  0|AC  0|TAMS 0x0000000741700000, 0x0000000741700000|
|  24|0x0000000741800000, 0x0000000741800000, 0x0000000741900000|  0%| F|  |TS  0|AC  0|TAMS 0x0000000741800000, 0x0000000741800000|
|  25|0x0000000741900000, 0x0000000741900000, 0x0000000741a00000|  0%| F|  |TS  0|AC  0|TAMS 0x0000000741900000, 0x0000000741900000|
|  26|0x0000000741a00000, 0x0000000741a00000, 0x0000000741b00000|  0%| F|  |TS  0|AC  0|TAMS 0x0000000741a00000, 0x0000000741a00000|
|  27|0x0000000741b00000, 0x0000000741b00000, 0x0000000741c00000|  0%| F|  |TS  0|AC  0|TAMS 0x0000000741b00000, 0x0000000741b00000|
|  28|0x0000000741c00000, 0x0000000741c00000, 0x0000000741d00000|  0%| F|  |TS  0|AC  0|TAMS 0x0000000741c00000, 0x0000000741c00000|
|  29|0x0000000741d00000, 0x0000000741d00000, 0x0000000741e00000|  0%| F|  |TS  0|AC  0|TAMS 0x0000000741d00000, 0x0000000741d00000|
|  30|0x0000000741e00000, 0x0000000741e00000, 0x0000000741f00000|  0%| F|  |TS  0|AC  0|TAMS 0x0000000741e00000, 0x0000000741e00000|
|  31|0x0000000741f00000, 0x0000000741f00000, 0x0000000742000000|  0%| F|  |TS  0|AC  0|TAMS 0x0000000741f00000, 0x0000000741f00000|
|  32|0x0000000742000000, 0x0000000742000000, 0x0000000742100000|  0%| F|  |TS  0|AC  0|TAMS 0x0000000742000000, 0x0000000742000000|
|  33|0x0000000742100000, 0x0000000742100000, 0x0000000742200000|  0%| F|  |TS  0|AC  0|TAMS 0x0000000742100000, 0x0000000742100000|
|  34|0x0000000742200000, 0x0000000742200000, 0x0000000742300000|  0%| F|  |TS  0|AC  0|TAMS 0x0000000742200000, 0x0000000742200000|
|  35|0x0000000742300000, 0x0000000742300000, 0x0000000742400000|  0%| F|  |TS  0|AC  0|TAMS 0x0000000742300000, 0x0000000742300000|
|  36|0x0000000742400000, 0x0000000742400000, 0x0000000742500000|  0%| F|  |TS  0|AC  0|TAMS 0x0000000742400000, 0x0000000742400000|
|  37|0x0000000742500000, 0x0000000742500000, 0x0000000742600000|  0%| F|  |TS  0|AC  0|TAMS 0x0000000742500000, 0x0000000742500000|
|  38|0x0000000742600000, 0x0000000742600000, 0x0000000742700000|  0%| F|  |TS  0|AC  0|TAMS 0x0000000742600000, 0x0000000742600000|
|  39|0x0000000742700000, 0x0000000742700000, 0x0000000742800000|  0%| F|  |TS  0|AC  0|TAMS 0x0000000742700000, 0x0000000742700000|
|  40|0x0000000742800000, 0x0000000742800000, 0x0000000742900000|  0%| F|  |TS  0|AC  0|TAMS 0x0000000742800000, 0x0000000742800000|
|  41|0x0000000742900000, 0x0000000742900000, 0x0000000742a00000|  0%| F|  |TS  0|AC  0|TAMS 0x0000000742900000, 0x0000000742900000|
|  42|0x0000000742a00000, 0x0000000742a00000, 0x0000000742b00000|  0%| F|  |TS  0|AC  0|TAMS 0x0000000742a00000, 0x0000000742a00000|
|  43|0x0000000742b00000, 0x0000000742b00000, 0x0000000742c00000|  0%| F|  |TS  0|AC  0|TAMS 0x0000000742b00000, 0x0000000742b00000|
|  44|0x0000000742c00000, 0x0000000742c00000, 0x0000000742d00000|  0%| F|  |TS  0|AC  0|TAMS 0x0000000742c00000, 0x0000000742c00000|
|  45|0x0000000742d00000, 0x0000000742d00000, 0x0000000742e00000|  0%| F|  |TS  0|AC  0|TAMS 0x0000000742d00000, 0x0000000742d00000|
|  46|0x0000000742e00000, 0x0000000742e00000, 0x0000000742f00000|  0%| F|  |TS  0|AC  0|TAMS 0x0000000742e00000, 0x0000000742e00000|
|  47|0x0000000742f00000, 0x0000000742f00000, 0x0000000743000000|  0%| F|  |TS  0|AC  0|TAMS 0x0000000742f00000, 0x0000000742f00000|
|  48|0x0000000743000000, 0x0000000743000000, 0x0000000743100000|  0%| F|  |TS  0|AC  0|TAMS 0x0000000743000000, 0x0000000743000000|
|  49|0x0000000743100000, 0x0000000743100000, 0x0000000743200000|  0%| F|  |TS  0|AC  0|TAMS 0x0000000743100000, 0x0000000743100000|
|  50|0x0000000743200000, 0x0000000743200000, 0x0000000743300000|  0%| F|  |TS  0|AC  0|TAMS 0x0000000743200000, 0x0000000743200000|
|  51|0x0000000743300000, 0x0000000743300000, 0x0000000743400000|  0%| F|  |TS  0|AC  0|TAMS 0x0000000743300000, 0x0000000743300000|
|  52|0x0000000743400000, 0x0000000743400000, 0x0000000743500000|  0%| F|  |TS  0|AC  0|TAMS 0x0000000743400000, 0x0000000743400000|
|  53|0x0000000743500000, 0x0000000743500000, 0x0000000743600000|  0%| F|  |TS  0|AC  0|TAMS 0x0000000743500000, 0x0000000743500000|
|  54|0x0000000743600000, 0x0000000743600000, 0x0000000743700000|  0%| F|  |TS  0|AC  0|TAMS 0x0000000743600000, 0x0000000743600000|
|  55|0x0000000743700000, 0x0000000743700000, 0x0000000743800000|  0%| F|  |TS  0|AC  0|TAMS 0x0000000743700000, 0x0000000743700000|
|  56|0x0000000743800000, 0x0000000743800000, 0x0000000743900000|  0%| F|  |TS  0|AC  0|TAMS 0x0000000743800000, 0x0000000743800000|
|  57|0x0000000743900000, 0x0000000743900000, 0x0000000743a00000|  0%| F|  |TS  0|AC  0|TAMS 0x0000000743900000, 0x0000000743900000|
|  58|0x0000000743a00000, 0x0000000743a00000, 0x0000000743b00000|  0%| F|  |TS  0|AC  0|TAMS 0x0000000743a00000, 0x0000000743a00000|
|  59|0x0000000743b00000, 0x0000000743b00000, 0x0000000743c00000|  0%| F|  |TS  0|AC  0|TAMS 0x0000000743b00000, 0x0000000743b00000|
|  60|0x0000000743c00000, 0x0000000743c00000, 0x0000000743d00000|  0%| F|  |TS  0|AC  0|TAMS 0x0000000743c00000, 0x0000000743c00000|
|  61|0x0000000743d00000, 0x0000000743d00000, 0x0000000743e00000|  0%| F|  |TS  0|AC  0|TAMS 0x0000000743d00000, 0x0000000743d00000|
|  62|0x0000000743e00000, 0x0000000743e00000, 0x0000000743f00000|  0%| F|  |TS  0|AC  0|TAMS 0x0000000743e00000, 0x0000000743e00000|
|  63|0x0000000743f00000, 0x0000000743f00000, 0x0000000744000000|  0%| F|  |TS  0|AC  0|TAMS 0x0000000743f00000, 0x0000000743f00000|
|  64|0x0000000744000000, 0x0000000744000000, 0x0000000744100000|  0%| F|  |TS  0|AC  0|TAMS 0x0000000744000000, 0x0000000744000000|
|  65|0x0000000744100000, 0x0000000744100000, 0x0000000744200000|  0%| F|  |TS  0|AC  0|TAMS 0x0000000744100000, 0x0000000744100000|
|  66|0x0000000744200000, 0x0000000744200000, 0x0000000744300000|  0%| F|  |TS  0|AC  0|TAMS 0x0000000744200000, 0x0000000744200000|
|  67|0x0000000744300000, 0x0000000744300000, 0x0000000744400000|  0%| F|  |TS  0|AC  0|TAMS 0x0000000744300000, 0x0000000744300000|
|  68|0x0000000744400000, 0x0000000744400000, 0x0000000744500000|  0%| F|  |TS  0|AC  0|TAMS 0x0000000744400000, 0x0000000744400000|
|  69|0x0000000744500000, 0x0000000744500000, 0x0000000744600000|  0%| F|  |TS  0|AC  0|TAMS 0x0000000744500000, 0x0000000744500000|
|  70|0x0000000744600000, 0x0000000744600000, 0x0000000744700000|  0%| F|  |TS  0|AC  0|TAMS 0x0000000744600000, 0x0000000744600000|
|  71|0x0000000744700000, 0x0000000744700000, 0x0000000744800000|  0%| F|  |TS  0|AC  0|TAMS 0x0000000744700000, 0x0000000744700000|
|  72|0x0000000744800000, 0x0000000744800000, 0x0000000744900000|  0%| F|  |TS  0|AC  0|TAMS 0x0000000744800000, 0x0000000744800000|
|  73|0x0000000744900000, 0x0000000744900000, 0x0000000744a00000|  0%| F|  |TS  0|AC  0|TAMS 0x0000000744900000, 0x0000000744900000|
|  74|0x0000000744a00000, 0x0000000744a00000, 0x0000000744b00000|  0%| F|  |TS  0|AC  0|TAMS 0x0000000744a00000, 0x0000000744a00000|
|  75|0x0000000744b00000, 0x0000000744b00000, 0x0000000744c00000|  0%| F|  |TS  0|AC  0|TAMS 0x0000000744b00000, 0x0000000744b00000|
|  76|0x0000000744c00000, 0x0000000744c00000, 0x0000000744d00000|  0%| F|  |TS  0|AC  0|TAMS 0x0000000744c00000, 0x0000000744c00000|
|  77|0x0000000744d00000, 0x0000000744d00000, 0x0000000744e00000|  0%| F|  |TS  0|AC  0|TAMS 0x0000000744d00000, 0x0000000744d00000|
|  78|0x0000000744e00000, 0x0000000744e00000, 0x0000000744f00000|  0%| F|  |TS  0|AC  0|TAMS 0x0000000744e00000, 0x0000000744e00000|
|  79|0x0000000744f00000, 0x0000000744f00000, 0x0000000745000000|  0%| F|  |TS  0|AC  0|TAMS 0x0000000744f00000, 0x0000000744f00000|
|  80|0x0000000745000000, 0x0000000745000000, 0x0000000745100000|  0%| F|  |TS  0|AC  0|TAMS 0x0000000745000000, 0x0000000745000000|
|  81|0x0000000745100000, 0x0000000745100000, 0x0000000745200000|  0%| F|  |TS  0|AC  0|TAMS 0x0000000745100000, 0x0000000745100000|
|  82|0x0000000745200000, 0x0000000745200000, 0x0000000745300000|  0%| F|  |TS  0|AC  0|TAMS 0x0000000745200000, 0x0000000745200000|
|  83|0x0000000745300000, 0x0000000745300000, 0x0000000745400000|  0%| F|  |TS  0|AC  0|TAMS 0x0000000745300000, 0x0000000745300000|
|  84|0x0000000745400000, 0x0000000745400000, 0x0000000745500000|  0%| F|  |TS  0|AC  0|TAMS 0x0000000745400000, 0x0000000745400000|
|  85|0x0000000745500000, 0x0000000745500000, 0x0000000745600000|  0%| F|  |TS  0|AC  0|TAMS 0x0000000745500000, 0x0000000745500000|
|  86|0x0000000745600000, 0x0000000745600000, 0x0000000745700000|  0%| F|  |TS  0|AC  0|TAMS 0x0000000745600000, 0x0000000745600000|
|  87|0x0000000745700000, 0x0000000745700000, 0x0000000745800000|  0%| F|  |TS  0|AC  0|TAMS 0x0000000745700000, 0x0000000745700000|
|  88|0x0000000745800000, 0x0000000745800000, 0x0000000745900000|  0%| F|  |TS  0|AC  0|TAMS 0x0000000745800000, 0x0000000745800000|
|  89|0x0000000745900000, 0x0000000745900000, 0x0000000745a00000|  0%| F|  |TS  0|AC  0|TAMS 0x0000000745900000, 0x0000000745900000|
|  90|0x0000000745a00000, 0x0000000745a00000, 0x0000000745b00000|  0%| F|  |TS  0|AC  0|TAMS 0x0000000745a00000, 0x0000000745a00000|
|  91|0x0000000745b00000, 0x0000000745b00000, 0x0000000745c00000|  0%| F|  |TS  0|AC  0|TAMS 0x0000000745b00000, 0x0000000745b00000|
|  92|0x0000000745c00000, 0x0000000745c00000, 0x0000000745d00000|  0%| F|  |TS  0|AC  0|TAMS 0x0000000745c00000, 0x0000000745c00000|
|  93|0x0000000745d00000, 0x0000000745d00000, 0x0000000745e00000|  0%| F|  |TS  0|AC  0|TAMS 0x0000000745d00000, 0x0000000745d00000|
|  94|0x0000000745e00000, 0x0000000745e00000, 0x0000000745f00000|  0%| F|  |TS  0|AC  0|TAMS 0x0000000745e00000, 0x0000000745e00000|
|  95|0x0000000745f00000, 0x0000000745f00000, 0x0000000746000000|  0%| F|  |TS  0|AC  0|TAMS 0x0000000745f00000, 0x0000000745f00000|
|  96|0x0000000746000000, 0x0000000746000000, 0x0000000746100000|  0%| F|  |TS  0|AC  0|TAMS 0x0000000746000000, 0x0000000746000000|
|  97|0x0000000746100000, 0x0000000746100000, 0x0000000746200000|  0%| F|  |TS  0|AC  0|TAMS 0x0000000746100000, 0x0000000746100000|
|  98|0x0000000746200000, 0x0000000746200000, 0x0000000746300000|  0%| F|  |TS  0|AC  0|TAMS 0x0000000746200000, 0x0000000746200000|
|  99|0x0000000746300000, 0x0000000746300000, 0x0000000746400000|  0%| F|  |TS  0|AC  0|TAMS 0x0000000746300000, 0x0000000746300000|
| 100|0x0000000746400000, 0x0000000746400000, 0x0000000746500000|  0%| F|  |TS  0|AC  0|TAMS 0x0000000746400000, 0x0000000746400000|
| 101|0x0000000746500000, 0x0000000746500000, 0x0000000746600000|  0%| F|  |TS  0|AC  0|TAMS 0x0000000746500000, 0x0000000746500000|
| 102|0x0000000746600000, 0x0000000746600000, 0x0000000746700000|  0%| F|  |TS  0|AC  0|TAMS 0x0000000746600000, 0x0000000746600000|
| 103|0x0000000746700000, 0x0000000746700000, 0x0000000746800000|  0%| F|  |TS  0|AC  0|TAMS 0x0000000746700000, 0x0000000746700000|
| 104|0x0000000746800000, 0x0000000746800000, 0x0000000746900000|  0%| F|  |TS  0|AC  0|TAMS 0x0000000746800000, 0x0000000746800000|
| 105|0x0000000746900000, 0x0000000746900000, 0x0000000746a00000|  0%| F|  |TS  0|AC  0|TAMS 0x0000000746900000, 0x0000000746900000|
| 106|0x0000000746a00000, 0x0000000746a00000, 0x0000000746b00000|  0%| F|  |TS  0|AC  0|TAMS 0x0000000746a00000, 0x0000000746a00000|
| 107|0x0000000746b00000, 0x0000000746b00000, 0x0000000746c00000|  0%| F|  |TS  0|AC  0|TAMS 0x0000000746b00000, 0x0000000746b00000|
| 108|0x0000000746c00000, 0x0000000746c00000, 0x0000000746d00000|  0%| F|  |TS  0|AC  0|TAMS 0x0000000746c00000, 0x0000000746c00000|
| 109|0x0000000746d00000, 0x0000000746d00000, 0x0000000746e00000|  0%| F|  |TS  0|AC  0|TAMS 0x0000000746d00000, 0x0000000746d00000|
| 110|0x0000000746e00000, 0x0000000746e00000, 0x0000000746f00000|  0%| F|  |TS  0|AC  0|TAMS 0x0000000746e00000, 0x0000000746e00000|
| 111|0x0000000746f00000, 0x0000000746f00000, 0x0000000747000000|  0%| F|  |TS  0|AC  0|TAMS 0x0000000746f00000, 0x0000000746f00000|
| 112|0x0000000747000000, 0x0000000747000000, 0x0000000747100000|  0%| F|  |TS  0|AC  0|TAMS 0x0000000747000000, 0x0000000747000000|
| 113|0x0000000747100000, 0x0000000747100000, 0x0000000747200000|  0%| F|  |TS  0|AC  0|TAMS 0x0000000747100000, 0x0000000747100000|
| 114|0x0000000747200000, 0x0000000747200000, 0x0000000747300000|  0%| F|  |TS  0|AC  0|TAMS 0x0000000747200000, 0x0000000747200000|
| 115|0x0000000747300000, 0x0000000747300000, 0x0000000747400000|  0%| F|  |TS  0|AC  0|TAMS 0x0000000747300000, 0x0000000747300000|
| 116|0x0000000747400000, 0x0000000747400000, 0x0000000747500000|  0%| F|  |TS  0|AC  0|TAMS 0x0000000747400000, 0x0000000747400000|
| 117|0x0000000747500000, 0x0000000747500000, 0x0000000747600000|  0%| F|  |TS  0|AC  0|TAMS 0x0000000747500000, 0x0000000747500000|
| 118|0x0000000747600000, 0x0000000747648370, 0x0000000747700000| 28%| E|  |TS  0|AC  0|TAMS 0x0000000747600000, 0x0000000747600000|
| 119|0x0000000747700000, 0x0000000747800000, 0x0000000747800000|100%| E|CS|TS  0|AC  0|TAMS 0x0000000747700000, 0x0000000747700000|
| 120|0x0000000747800000, 0x0000000747900000, 0x0000000747900000|100%| E|CS|TS  0|AC  0|TAMS 0x0000000747800000, 0x0000000747800000|
| 121|0x0000000747900000, 0x0000000747a00000, 0x0000000747a00000|100%| E|CS|TS  0|AC  0|TAMS 0x0000000747900000, 0x0000000747900000|
| 122|0x0000000747a00000, 0x0000000747b00000, 0x0000000747b00000|100%| E|CS|TS  0|AC  0|TAMS 0x0000000747a00000, 0x0000000747a00000|
| 123|0x0000000747b00000, 0x0000000747c00000, 0x0000000747c00000|100%| E|CS|TS  0|AC  0|TAMS 0x0000000747b00000, 0x0000000747b00000|
| 124|0x0000000747c00000, 0x0000000747d00000, 0x0000000747d00000|100%| E|CS|TS  0|AC  0|TAMS 0x0000000747c00000, 0x0000000747c00000|
| 125|0x0000000747d00000, 0x0000000747e00000, 0x0000000747e00000|100%| E|CS|TS  0|AC  0|TAMS 0x0000000747d00000, 0x0000000747d00000|
| 126|0x0000000747e00000, 0x0000000747f00000, 0x0000000747f00000|100%| E|CS|TS  0|AC  0|TAMS 0x0000000747e00000, 0x0000000747e00000|
| 127|0x0000000747f00000, 0x0000000748000000, 0x0000000748000000|100%| E|CS|TS  0|AC  0|TAMS 0x0000000747f00000, 0x0000000747f00000|

Card table byte_map: [0x000000010ee79000,0x000000010f279000] byte_map_base: 0x000000010b479000

Marking Bits (Prev, Next): (CMBitMap*) 0x00007f80a503aa70, (CMBitMap*) 0x00007f80a503aaa8
 Prev Bits: [0x000000010f679000, 0x0000000111679000)
 Next Bits: [0x0000000111679000, 0x0000000113679000)

Polling page: 0x000000010cab7000

CodeHeap 'non-profiled nmethods': size=120032Kb used=166Kb max_used=166Kb free=119865Kb
 bounds [0x0000000127f67000, 0x00000001281d7000, 0x000000012f49f000]
CodeHeap 'profiled nmethods': size=120032Kb used=814Kb max_used=816Kb free=119217Kb
 bounds [0x0000000120a2f000, 0x0000000120c9f000, 0x0000000127f67000]
CodeHeap 'non-nmethods': size=5696Kb used=1191Kb max_used=1206Kb free=4504Kb
 bounds [0x000000012049f000, 0x000000012070f000, 0x0000000120a2f000]
 total_blobs=979 nmethods=443 adapters=269
 compilation: enabled

Compilation events (10 events):
Event: 2265.202 Thread 0x00007f80a4814000  488       3       org.eclipse.jdt.launching.internal.org.objectweb.asm.Attribute::computeAttributesSize (62 bytes)
Event: 2265.203 Thread 0x00007f80a4814000 nmethod 488 0x0000000120a5df10 code [0x0000000120a5e100, 0x0000000120a5e648]
Event: 2284.198 Thread 0x00007f80a4814000  489       3       org.eclipse.jdt.launching.internal.org.objectweb.asm.ByteVector::encodeUtf8 (337 bytes)
Event: 2284.205 Thread 0x00007f80a4814000 nmethod 489 0x0000000120acbf90 code [0x0000000120acc2a0, 0x0000000120acd7b8]
Event: 2893.385 Thread 0x00007f80a4814000  490       3       org.eclipse.jdt.launching.internal.org.objectweb.asm.MethodWriter::visitTypeInsn (116 bytes)
Event: 2893.391 Thread 0x00007f80a4814000 nmethod 490 0x0000000120a70a10 code [0x0000000120a70c00, 0x0000000120a711c8]
Event: 3028.238 Thread 0x00007f80a402e800  491       4       org.eclipse.jdt.launching.internal.org.objectweb.asm.ClassReader::readInt (52 bytes)
Event: 3028.240 Thread 0x00007f80a402e800 nmethod 491 0x0000000127f90410 code [0x0000000127f905a0, 0x0000000127f906d8]
Event: 3030.670 Thread 0x00007f80a4814000  492       1       java.security.CodeSource::getLocation (5 bytes)
Event: 3030.670 Thread 0x00007f80a4814000 nmethod 492 0x0000000127f90810 code [0x0000000127f909c0, 0x0000000127f90ad0]

GC Heap History (0 events):
No events

Deoptimization events (1 events):
Event: 0.381 Thread 0x00007f80a5011000 Uncommon trap: reason=unstable_if action=reinterpret pc=0x0000000127f6b98c method=java.lang.String.hashCode()I @ 22 c2

Classes redefined (10 events):
Event: 2284.200 Thread 0x00007f80a584f800 redefined class name=algostudy.BfsLedder, count=29
Event: 2284.201 Thread 0x00007f80a584f800 redefined class name=algostudy.BfsLedder$Node, count=29
Event: 2893.389 Thread 0x00007f80a584f800 redefined class name=algostudy.BfsLedder, count=30
Event: 2893.390 Thread 0x00007f80a584f800 redefined class name=algostudy.BfsLedder$Node, count=30
Event: 3028.242 Thread 0x00007f80a584f800 redefined class name=algostudy.BfsLedder, count=31
Event: 3028.246 Thread 0x00007f80a584f800 redefined class name=algostudy.BfsLedder$Node, count=31
Event: 3030.672 Thread 0x00007f80a584f800 redefined class name=algostudy.BfsLedder, count=32
Event: 3030.673 Thread 0x00007f80a584f800 redefined class name=algostudy.BfsLedder$Node, count=32
Event: 3031.826 Thread 0x00007f80a584f800 redefined class name=algostudy.BfsLedder, count=33
Event: 3031.829 Thread 0x00007f80a584f800 redefined class name=algostudy.BfsLedder$Node, count=33

Internal exceptions (0 events):
No events

Events (10 events):
Event: 3088.964 Executing VM operation: GetCurrentContendedMonitor done
Event: 3088.964 Executing VM operation: GetOwnedMonitorInfo
Event: 3088.964 Executing VM operation: GetOwnedMonitorInfo done
Event: 3088.964 Executing VM operation: GetCurrentContendedMonitor
Event: 3088.964 Executing VM operation: GetCurrentContendedMonitor done
Event: 3088.965 Executing VM operation: GetCurrentContendedMonitor
Event: 3088.965 Executing VM operation: GetCurrentContendedMonitor done
Event: 3088.965 Executing VM operation: GetOwnedMonitorInfo
Event: 3088.965 Executing VM operation: GetOwnedMonitorInfo done
Event: 3089.280 Executing VM operation: GetOrSetLocal


Dynamic libraries:
0x00007fff2c4f7000 	/System/Library/Frameworks/Cocoa.framework/Versions/A/Cocoa
0x00007fff39cd4000 	/System/Library/Frameworks/Security.framework/Versions/A/Security
0x00007fff2b461000 	/System/Library/Frameworks/ApplicationServices.framework/Versions/A/ApplicationServices
0x00007fff6687f000 	/usr/lib/libz.1.dylib
0x00007fff64343000 	/usr/lib/libSystem.B.dylib
0x00007fff2d392000 	/System/Library/Frameworks/CoreFoundation.framework/Versions/A/CoreFoundation
0x00007fff2fa48000 	/System/Library/Frameworks/Foundation.framework/Versions/C/Foundation
0x00007fff661a3000 	/usr/lib/libobjc.A.dylib
0x00007fff2a652000 	/System/Library/Frameworks/AppKit.framework/Versions/C/AppKit
0x00007fff2ce7b000 	/System/Library/Frameworks/CoreData.framework/Versions/A/CoreData
0x00007fff5e364000 	/System/Library/PrivateFrameworks/UIFoundation.framework/Versions/A/UIFoundation
0x00007fff59412000 	/System/Library/PrivateFrameworks/RemoteViewServices.framework/Versions/A/RemoteViewServices
0x00007fff60eb8000 	/System/Library/PrivateFrameworks/XCTTargetBootstrap.framework/Versions/A/XCTTargetBootstrap
0x00007fff2d266000 	/System/Library/Frameworks/CoreDisplay.framework/Versions/A/CoreDisplay
0x00007fff32901000 	/System/Library/Frameworks/Metal.framework/Versions/A/Metal
0x00007fff4746b000 	/System/Library/PrivateFrameworks/DesktopServicesPriv.framework/Versions/A/DesktopServicesPriv
0x00007fff65480000 	/usr/lib/liblangid.dylib
0x00007fff46704000 	/System/Library/PrivateFrameworks/CoreSVG.framework/Versions/A/CoreSVG
0x00007fff5c568000 	/System/Library/PrivateFrameworks/SkyLight.framework/Versions/A/SkyLight
0x00007fff2d813000 	/System/Library/Frameworks/CoreGraphics.framework/Versions/A/CoreGraphics
0x00007fff29026000 	/System/Library/Frameworks/Accelerate.framework/Versions/A/Accelerate
0x00007fff66770000 	/usr/lib/libxml2.2.dylib
0x00007fff523c4000 	/System/Library/PrivateFrameworks/IconServices.framework/Versions/A/IconServices
0x00007fff30227000 	/System/Library/Frameworks/IOSurface.framework/Versions/A/IOSurface
0x00007fff63e6d000 	/usr/lib/libDiagnosticMessagesClient.dylib
0x00007fff472c5000 	/System/Library/PrivateFrameworks/DFRFoundation.framework/Versions/A/DFRFoundation
0x00007fff6520f000 	/usr/lib/libicucore.A.dylib
0x00007fff2b793000 	/System/Library/Frameworks/AudioToolbox.framework/Versions/A/AudioToolbox
0x00007fff2b876000 	/System/Library/Frameworks/AudioUnit.framework/Versions/A/AudioUnit
0x00007fff64545000 	/usr/lib/libauto.dylib
0x00007fff47367000 	/System/Library/PrivateFrameworks/DataDetectorsCore.framework/Versions/A/DataDetectorsCore
0x00007fff2c018000 	/System/Library/Frameworks/Carbon.framework/Versions/A/Frameworks/HIToolbox.framework/Versions/A/HIToolbox
0x00007fff38ed1000 	/System/Library/Frameworks/QuartzCore.framework/Versions/A/QuartzCore
0x00007fff2c357000 	/System/Library/Frameworks/Carbon.framework/Versions/A/Frameworks/SpeechRecognition.framework/Versions/A/SpeechRecognition
0x00007fff46ddc000 	/System/Library/PrivateFrameworks/CoreUI.framework/Versions/A/CoreUI
0x00007fff2c8e6000 	/System/Library/Frameworks/CoreAudio.framework/Versions/A/CoreAudio
0x00007fff2f70d000 	/System/Library/Frameworks/DiskArbitration.framework/Versions/A/DiskArbitration
0x00007fff54411000 	/System/Library/PrivateFrameworks/MultitouchSupport.framework/Versions/A/MultitouchSupport
0x00007fff650d6000 	/usr/lib/libenergytrace.dylib
0x00007fff30181000 	/System/Library/Frameworks/IOKit.framework/Versions/A/IOKit
0x00007fff2e77a000 	/System/Library/Frameworks/CoreServices.framework/Versions/A/CoreServices
0x00007fff565a8000 	/System/Library/PrivateFrameworks/PerformanceAnalysis.framework/Versions/A/PerformanceAnalysis
0x00007fff37f04000 	/System/Library/Frameworks/OpenGL.framework/Versions/A/OpenGL
0x00007fff2c505000 	/System/Library/Frameworks/ColorSync.framework/Versions/A/ColorSync
0x00007fff2de95000 	/System/Library/Frameworks/CoreImage.framework/Versions/A/CoreImage
0x00007fff2f1ec000 	/System/Library/Frameworks/CoreText.framework/Versions/A/CoreText
0x00007fff302b7000 	/System/Library/Frameworks/ImageIO.framework/Versions/A/ImageIO
0x00007fff64629000 	/usr/lib/libc++.1.dylib
0x00007fff646a5000 	/usr/lib/libcompression.dylib
0x00007fff641b1000 	/usr/lib/libMobileGestalt.dylib
0x00007fff5e0dd000 	/System/Library/PrivateFrameworks/TextureIO.framework/Versions/A/TextureIO
0x00007fff644a8000 	/usr/lib/libate.dylib
0x00007fff525cd000 	/System/Library/PrivateFrameworks/InternationalSupport.framework/Versions/A/InternationalSupport
0x00007fff6713f000 	/usr/lib/system/libcache.dylib
0x00007fff67145000 	/usr/lib/system/libcommonCrypto.dylib
0x00007fff67151000 	/usr/lib/system/libcompiler_rt.dylib
0x00007fff67159000 	/usr/lib/system/libcopyfile.dylib
0x00007fff67163000 	/usr/lib/system/libcorecrypto.dylib
0x00007fff67302000 	/usr/lib/system/libdispatch.dylib
0x00007fff67343000 	/usr/lib/system/libdyld.dylib
0x00007fff6737a000 	/usr/lib/system/libkeymgr.dylib
0x00007fff67388000 	/usr/lib/system/liblaunch.dylib
0x00007fff67389000 	/usr/lib/system/libmacho.dylib
0x00007fff6738f000 	/usr/lib/system/libquarantine.dylib
0x00007fff67392000 	/usr/lib/system/libremovefile.dylib
0x00007fff67394000 	/usr/lib/system/libsystem_asl.dylib
0x00007fff673ac000 	/usr/lib/system/libsystem_blocks.dylib
0x00007fff673ad000 	/usr/lib/system/libsystem_c.dylib
0x00007fff67435000 	/usr/lib/system/libsystem_configuration.dylib
0x00007fff67439000 	/usr/lib/system/libsystem_coreservices.dylib
0x00007fff6743d000 	/usr/lib/system/libsystem_darwin.dylib
0x00007fff67446000 	/usr/lib/system/libsystem_dnssd.dylib
0x00007fff6744e000 	/usr/lib/system/libsystem_featureflags.dylib
0x00007fff67450000 	/usr/lib/system/libsystem_info.dylib
0x00007fff674cb000 	/usr/lib/system/libsystem_m.dylib
0x00007fff67513000 	/usr/lib/system/libsystem_malloc.dylib
0x00007fff6753b000 	/usr/lib/system/libsystem_networkextension.dylib
0x00007fff67549000 	/usr/lib/system/libsystem_notify.dylib
0x00007fff67567000 	/usr/lib/system/libsystem_sandbox.dylib
0x00007fff6756c000 	/usr/lib/system/libsystem_secinit.dylib
0x00007fff6749e000 	/usr/lib/system/libsystem_kernel.dylib
0x00007fff67553000 	/usr/lib/system/libsystem_platform.dylib
0x00007fff6755c000 	/usr/lib/system/libsystem_pthread.dylib
0x00007fff6756f000 	/usr/lib/system/libsystem_symptoms.dylib
0x00007fff67577000 	/usr/lib/system/libsystem_trace.dylib
0x00007fff6758f000 	/usr/lib/system/libunwind.dylib
0x00007fff67595000 	/usr/lib/system/libxpc.dylib
0x00007fff6467c000 	/usr/lib/libc++abi.dylib
0x00007fff65482000 	/usr/lib/liblzma.5.dylib
0x00007fff650fd000 	/usr/lib/libfakelink.dylib
0x00007fff64435000 	/usr/lib/libarchive.2.dylib
0x00007fff3ad84000 	/System/Library/Frameworks/SystemConfiguration.framework/Versions/A/SystemConfiguration
0x00007fff63da0000 	/usr/lib/libCRFSuite.dylib
0x00007fff2bc09000 	/System/Library/Frameworks/CFNetwork.framework/Versions/A/CFNetwork
0x00007fff6460b000 	/usr/lib/libbsm.0.dylib
0x00007fff6737b000 	/usr/lib/system/libkxld.dylib
0x00007fff40c9a000 	/System/Library/PrivateFrameworks/AppleFSCompression.framework/Versions/A/AppleFSCompression
0x00007fff64996000 	/usr/lib/libcoretls.dylib
0x00007fff649ad000 	/usr/lib/libcoretls_cfhelpers.dylib
0x00007fff661e9000 	/usr/lib/libpam.2.dylib
0x00007fff6631e000 	/usr/lib/libsqlite3.dylib
0x00007fff6675d000 	/usr/lib/libxar.1.dylib
0x00007fff6461c000 	/usr/lib/libbz2.1.0.dylib
0x00007fff6511e000 	/usr/lib/libiconv.2.dylib
0x00007fff64692000 	/usr/lib/libcharset.1.dylib
0x00007fff65c88000 	/usr/lib/libnetwork.dylib
0x00007fff661f0000 	/usr/lib/libpcap.A.dylib
0x00007fff643ea000 	/usr/lib/libapple_nghttp2.dylib
0x00007fff2eb31000 	/System/Library/Frameworks/CoreServices.framework/Versions/A/Frameworks/FSEvents.framework/Versions/A/FSEvents
0x00007fff2e801000 	/System/Library/Frameworks/CoreServices.framework/Versions/A/Frameworks/CarbonCore.framework/Versions/A/CarbonCore
0x00007fff2ed74000 	/System/Library/Frameworks/CoreServices.framework/Versions/A/Frameworks/Metadata.framework/Versions/A/Metadata
0x00007fff2ee0d000 	/System/Library/Frameworks/CoreServices.framework/Versions/A/Frameworks/OSServices.framework/Versions/A/OSServices
0x00007fff2ee3b000 	/System/Library/Frameworks/CoreServices.framework/Versions/A/Frameworks/SearchKit.framework/Versions/A/SearchKit
0x00007fff2e77b000 	/System/Library/Frameworks/CoreServices.framework/Versions/A/Frameworks/AE.framework/Versions/A/AE
0x00007fff2eb3a000 	/System/Library/Frameworks/CoreServices.framework/Versions/A/Frameworks/LaunchServices.framework/Versions/A/LaunchServices
0x00007fff2eae3000 	/System/Library/Frameworks/CoreServices.framework/Versions/A/Frameworks/DictionaryServices.framework/Versions/A/DictionaryServices
0x00007fff2eea3000 	/System/Library/Frameworks/CoreServices.framework/Versions/A/Frameworks/SharedFileList.framework/Versions/A/SharedFileList
0x00007fff33d24000 	/System/Library/Frameworks/NetFS.framework/Versions/A/NetFS
0x00007fff54940000 	/System/Library/PrivateFrameworks/NetAuth.framework/Versions/A/NetAuth
0x00007fff61285000 	/System/Library/PrivateFrameworks/login.framework/Versions/A/Frameworks/loginsupport.framework/Versions/A/loginsupport
0x00007fff5dbaa000 	/System/Library/PrivateFrameworks/TCC.framework/Versions/A/TCC
0x00007fff45877000 	/System/Library/PrivateFrameworks/CoreNLP.framework/Versions/A/CoreNLP
0x00007fff53e3f000 	/System/Library/PrivateFrameworks/MetadataUtilities.framework/Versions/A/MetadataUtilities
0x00007fff6555a000 	/usr/lib/libmecabra.dylib
0x00007fff654b2000 	/usr/lib/libmecab.dylib
0x00007fff6510e000 	/usr/lib/libgermantok.dylib
0x00007fff643d1000 	/usr/lib/libThaiTokenizer.dylib
0x00007fff63dd7000 	/usr/lib/libChineseTokenizer.dylib
0x00007fff2903e000 	/System/Library/Frameworks/Accelerate.framework/Versions/A/Frameworks/vImage.framework/Versions/A/vImage
0x00007fff2a4a8000 	/System/Library/Frameworks/Accelerate.framework/Versions/A/Frameworks/vecLib.framework/Versions/A/vecLib
0x00007fff2a3e5000 	/System/Library/Frameworks/Accelerate.framework/Versions/A/Frameworks/vecLib.framework/Versions/A/libvMisc.dylib
0x00007fff2a20d000 	/System/Library/Frameworks/Accelerate.framework/Versions/A/Frameworks/vecLib.framework/Versions/A/libvDSP.dylib
0x00007fff29695000 	/System/Library/Frameworks/Accelerate.framework/Versions/A/Frameworks/vecLib.framework/Versions/A/libBLAS.dylib
0x00007fff29dd1000 	/System/Library/Frameworks/Accelerate.framework/Versions/A/Frameworks/vecLib.framework/Versions/A/libLAPACK.dylib
0x00007fff2a16d000 	/System/Library/Frameworks/Accelerate.framework/Versions/A/Frameworks/vecLib.framework/Versions/A/libLinearAlgebra.dylib
0x00007fff2a1fa000 	/System/Library/Frameworks/Accelerate.framework/Versions/A/Frameworks/vecLib.framework/Versions/A/libSparseBLAS.dylib
0x00007fff2a183000 	/System/Library/Frameworks/Accelerate.framework/Versions/A/Frameworks/vecLib.framework/Versions/A/libQuadrature.dylib
0x00007fff298fd000 	/System/Library/Frameworks/Accelerate.framework/Versions/A/Frameworks/vecLib.framework/Versions/A/libBNNS.dylib
0x00007fff2a189000 	/System/Library/Frameworks/Accelerate.framework/Versions/A/Frameworks/vecLib.framework/Versions/A/libSparse.dylib
0x00007fff529b5000 	/System/Library/PrivateFrameworks/LanguageModeling.framework/Versions/A/LanguageModeling
0x00007fff45227000 	/System/Library/PrivateFrameworks/CoreEmoji.framework/Versions/A/CoreEmoji
0x00007fff52ad3000 	/System/Library/PrivateFrameworks/LinguisticData.framework/Versions/A/LinguisticData
0x00007fff52a84000 	/System/Library/PrivateFrameworks/Lexicon.framework/Versions/A/Lexicon
0x00007fff64693000 	/usr/lib/libcmph.dylib
0x00007fff36912000 	/System/Library/Frameworks/OpenDirectory.framework/Versions/A/Frameworks/CFOpenDirectory.framework/Versions/A/CFOpenDirectory
0x00007fff3692f000 	/System/Library/Frameworks/OpenDirectory.framework/Versions/A/OpenDirectory
0x00007fff3ed4f000 	/System/Library/PrivateFrameworks/APFS.framework/Versions/A/APFS
0x00007fff3a01e000 	/System/Library/Frameworks/SecurityFoundation.framework/Versions/A/SecurityFoundation
0x00007fff66759000 	/usr/lib/libutil.dylib
0x00007fff4675c000 	/System/Library/PrivateFrameworks/CoreServicesStore.framework/Versions/A/CoreServicesStore
0x00007fff3a0d5000 	/System/Library/Frameworks/ServiceManagement.framework/Versions/A/ServiceManagement
0x00007fff42468000 	/System/Library/PrivateFrameworks/BackgroundTaskManagement.framework/Versions/A/BackgroundTaskManagement
0x00007fff66856000 	/usr/lib/libxslt.1.dylib
0x00007fff4130c000 	/System/Library/PrivateFrameworks/AppleSystemInfo.framework/Versions/A/AppleSystemInfo
0x00007fff304d2000 	/System/Library/Frameworks/ImageIO.framework/Versions/A/Resources/libJPEG.dylib
0x00007fff3078e000 	/System/Library/Frameworks/ImageIO.framework/Versions/A/Resources/libTIFF.dylib
0x00007fff30771000 	/System/Library/Frameworks/ImageIO.framework/Versions/A/Resources/libPng.dylib
0x00007fff30414000 	/System/Library/Frameworks/ImageIO.framework/Versions/A/Resources/libGIF.dylib
0x00007fff30418000 	/System/Library/Frameworks/ImageIO.framework/Versions/A/Resources/libJP2.dylib
0x00007fff3078c000 	/System/Library/Frameworks/ImageIO.framework/Versions/A/Resources/libRadiance.dylib
0x00007fff650d7000 	/usr/lib/libexpat.1.dylib
0x00007fff40df5000 	/System/Library/PrivateFrameworks/AppleJPEG.framework/Versions/A/AppleJPEG
0x00007fff49a37000 	/System/Library/PrivateFrameworks/FontServices.framework/libFontParser.dylib
0x00007fff6028b000 	/System/Library/PrivateFrameworks/WatchdogClient.framework/Versions/A/WatchdogClient
0x00007fff52011000 	/System/Library/PrivateFrameworks/IOAccelerator.framework/Versions/A/IOAccelerator
0x00007fff32c9c000 	/System/Library/Frameworks/MetalPerformanceShaders.framework/Versions/A/MetalPerformanceShaders
0x00007fff4e7aa000 	/System/Library/PrivateFrameworks/GPUWrangler.framework/Versions/A/GPUWrangler
0x00007fff52026000 	/System/Library/PrivateFrameworks/IOPresentment.framework/Versions/A/IOPresentment
0x00007fff472d8000 	/System/Library/PrivateFrameworks/DSExternalDisplay.framework/Versions/A/DSExternalDisplay
0x00007fff372a3000 	/System/Library/Frameworks/OpenGL.framework/Versions/A/Libraries/libCoreFSCache.dylib
0x00007fff329e8000 	/System/Library/Frameworks/MetalPerformanceShaders.framework/Frameworks/MPSCore.framework/Versions/A/MPSCore
0x00007fff32a26000 	/System/Library/Frameworks/MetalPerformanceShaders.framework/Frameworks/MPSImage.framework/Versions/A/MPSImage
0x00007fff32aed000 	/System/Library/Frameworks/MetalPerformanceShaders.framework/Frameworks/MPSNeuralNetwork.framework/Versions/A/MPSNeuralNetwork
0x00007fff32ab1000 	/System/Library/Frameworks/MetalPerformanceShaders.framework/Frameworks/MPSMatrix.framework/Versions/A/MPSMatrix
0x00007fff32c4c000 	/System/Library/Frameworks/MetalPerformanceShaders.framework/Frameworks/MPSRayIntersector.framework/Versions/A/MPSRayIntersector
0x00007fff32ad7000 	/System/Library/Frameworks/MetalPerformanceShaders.framework/Frameworks/MPSNDArray.framework/Versions/A/MPSNDArray
0x00007fff53e8c000 	/System/Library/PrivateFrameworks/MetalTools.framework/Versions/A/MetalTools
0x00007fff3ff22000 	/System/Library/PrivateFrameworks/AggregateDictionary.framework/Versions/A/AggregateDictionary
0x00007fff44c81000 	/System/Library/PrivateFrameworks/CoreAnalytics.framework/Versions/A/CoreAnalytics
0x00007fff4122b000 	/System/Library/PrivateFrameworks/AppleSauce.framework/Versions/A/AppleSauce
0x00007fff64093000 	/usr/lib/libIOReport.dylib
0x00007fff2f3a4000 	/System/Library/Frameworks/CoreVideo.framework/Versions/A/CoreVideo
0x00007fff4fc24000 	/System/Library/PrivateFrameworks/GraphVisualizer.framework/Versions/A/GraphVisualizer
0x00007fff48f8b000 	/System/Library/PrivateFrameworks/FaceCore.framework/Versions/A/FaceCore
0x00007fff368b9000 	/System/Library/Frameworks/OpenCL.framework/Versions/A/OpenCL
0x00007fff63eb5000 	/usr/lib/libFosl_dynamic.dylib
0x00007fff55355000 	/System/Library/PrivateFrameworks/OTSVG.framework/Versions/A/OTSVG
0x00007fff2b566000 	/System/Library/Frameworks/ApplicationServices.framework/Versions/A/Frameworks/ATS.framework/Versions/A/Resources/libFontRegistry.dylib
0x00007fff49c08000 	/System/Library/PrivateFrameworks/FontServices.framework/libhvf.dylib
0x00007fff372ae000 	/System/Library/Frameworks/OpenGL.framework/Versions/A/Libraries/libGFXShared.dylib
0x00007fff3748c000 	/System/Library/Frameworks/OpenGL.framework/Versions/A/Libraries/libGLU.dylib
0x00007fff372b7000 	/System/Library/Frameworks/OpenGL.framework/Versions/A/Libraries/libGL.dylib
0x00007fff372c2000 	/System/Library/Frameworks/OpenGL.framework/Versions/A/Libraries/libGLImage.dylib
0x00007fff372a0000 	/System/Library/Frameworks/OpenGL.framework/Versions/A/Libraries/libCVMSPluginSupport.dylib
0x00007fff372a9000 	/System/Library/Frameworks/OpenGL.framework/Versions/A/Libraries/libCoreVMClient.dylib
0x00007fff65b29000 	/usr/lib/libncurses.5.4.dylib
0x00007fff2b462000 	/System/Library/Frameworks/ApplicationServices.framework/Versions/A/Frameworks/ATS.framework/Versions/A/ATS
0x00007fff2b62f000 	/System/Library/Frameworks/ApplicationServices.framework/Versions/A/Frameworks/ColorSyncLegacy.framework/Versions/A/ColorSyncLegacy
0x00007fff2b6cd000 	/System/Library/Frameworks/ApplicationServices.framework/Versions/A/Frameworks/HIServices.framework/Versions/A/HIServices
0x00007fff2b725000 	/System/Library/Frameworks/ApplicationServices.framework/Versions/A/Frameworks/LangAnalysis.framework/Versions/A/LangAnalysis
0x00007fff2b734000 	/System/Library/Frameworks/ApplicationServices.framework/Versions/A/Frameworks/PrintCore.framework/Versions/A/PrintCore
0x00007fff2b77a000 	/System/Library/Frameworks/ApplicationServices.framework/Versions/A/Frameworks/QD.framework/Versions/A/QD
0x00007fff2b785000 	/System/Library/Frameworks/ApplicationServices.framework/Versions/A/Frameworks/SpeechSynthesis.framework/Versions/A/SpeechSynthesis
0x00007fff2b5ff000 	/System/Library/Frameworks/ApplicationServices.framework/Versions/A/Frameworks/ATSUI.framework/Versions/A/ATSUI
0x00007fff64f6b000 	/usr/lib/libcups.2.dylib
0x00007fff31d39000 	/System/Library/Frameworks/Kerberos.framework/Versions/A/Kerberos
0x00007fff2fe7a000 	/System/Library/Frameworks/GSS.framework/Versions/A/GSS
0x00007fff662aa000 	/usr/lib/libresolv.9.dylib
0x00007fff4fdd2000 	/System/Library/PrivateFrameworks/Heimdal.framework/Versions/A/Heimdal
0x00007fff31d4c000 	/System/Library/Frameworks/Kerberos.framework/Versions/A/Libraries/libHeimdalProxy.dylib
0x00007fff65114000 	/usr/lib/libheimdal-asn1.dylib
0x00007fff4411a000 	/System/Library/PrivateFrameworks/CommonAuth.framework/Versions/A/CommonAuth
0x00007fff413a9000 	/System/Library/PrivateFrameworks/AssertionServices.framework/Versions/A/AssertionServices
0x00007fff41f4b000 	/System/Library/PrivateFrameworks/AudioToolboxCore.framework/Versions/A/AudioToolboxCore
0x00007fff60f35000 	/System/Library/PrivateFrameworks/caulk.framework/Versions/A/caulk
0x00007fff42514000 	/System/Library/PrivateFrameworks/BaseBoard.framework/Versions/A/BaseBoard
0x00007fff595a0000 	/System/Library/PrivateFrameworks/RunningBoardServices.framework/Versions/A/RunningBoardServices
0x00007fff565b4000 	/System/Library/PrivateFrameworks/PersistentConnection.framework/Versions/A/PersistentConnection
0x00007fff58f9a000 	/System/Library/PrivateFrameworks/ProtocolBuffer.framework/Versions/A/ProtocolBuffer
0x00007fff4413e000 	/System/Library/PrivateFrameworks/CommonUtilities.framework/Versions/A/CommonUtilities
0x00007fff426a2000 	/System/Library/PrivateFrameworks/Bom.framework/Versions/A/Bom
0x00007fff63d66000 	/usr/lib/libAudioToolboxUtility.dylib
0x00007fff42472000 	/System/Library/PrivateFrameworks/Backup.framework/Versions/A/Backup
0x00007fff471f9000 	/System/Library/PrivateFrameworks/CrashReporterSupport.framework/Versions/A/CrashReporterSupport
0x00007fff5b02e000 	/System/Library/PrivateFrameworks/Sharing.framework/Versions/A/Sharing
0x00007fff409b8000 	/System/Library/PrivateFrameworks/Apple80211.framework/Versions/A/Apple80211
0x00007fff4218f000 	/System/Library/PrivateFrameworks/AuthKit.framework/Versions/A/AuthKit
0x00007fff46f09000 	/System/Library/PrivateFrameworks/CoreUtils.framework/Versions/A/CoreUtils
0x00007fff2f3e9000 	/System/Library/Frameworks/CoreWLAN.framework/Versions/A/CoreWLAN
0x00007fff30007000 	/System/Library/Frameworks/IOBluetooth.framework/Versions/A/IOBluetooth
0x00007fff54190000 	/System/Library/PrivateFrameworks/MobileKeyBag.framework/Versions/A/MobileKeyBag
0x00007fff45d0f000 	/System/Library/PrivateFrameworks/CorePhoneNumbers.framework/Versions/A/CorePhoneNumbers
0x00007fff40da8000 	/System/Library/PrivateFrameworks/AppleIDAuthSupport.framework/Versions/A/AppleIDAuthSupport
0x00007fff33d31000 	/System/Library/Frameworks/Network.framework/Versions/A/Network
0x00007fff52861000 	/System/Library/PrivateFrameworks/KeychainCircle.framework/Versions/A/KeychainCircle
0x00007fff2ce42000 	/System/Library/Frameworks/CoreBluetooth.framework/Versions/A/CoreBluetooth
0x00007fff5d0ab000 	/System/Library/PrivateFrameworks/SpeechRecognitionCore.framework/Versions/A/SpeechRecognitionCore
0x00007fff203c1000 	/System/Library/CoreServices/Encodings/libKoreanConverter.dylib
0x000000010d400000 	/Library/Java/JavaVirtualMachines/jdk-9.0.4.jdk/Contents/Home/lib/server/libjvm.dylib
0x00007fff6662c000 	/usr/lib/libstdc++.6.dylib
0x000000010ca5e000 	/Library/Java/JavaVirtualMachines/jdk-9.0.4.jdk/Contents/Home/lib/libverify.dylib
0x000000010ca6b000 	/Library/Java/JavaVirtualMachines/jdk-9.0.4.jdk/Contents/Home/lib/libjava.dylib
0x000000010cab8000 	/Library/Java/JavaVirtualMachines/jdk-9.0.4.jdk/Contents/Home/lib/libjdwp.dylib
0x000000010caf5000 	/Library/Java/JavaVirtualMachines/jdk-9.0.4.jdk/Contents/Home/lib/libinstrument.dylib
0x000000010cb89000 	/Library/Java/JavaVirtualMachines/jdk-9.0.4.jdk/Contents/Home/lib/libzip.dylib
0x000000010cb91000 	/Library/Java/JavaVirtualMachines/jdk-9.0.4.jdk/Contents/Home/lib/libjimage.dylib
0x0000000115bff000 	/Library/Java/JavaVirtualMachines/jdk-9.0.4.jdk/Contents/Home/lib/libnio.dylib
0x0000000115c0f000 	/Library/Java/JavaVirtualMachines/jdk-9.0.4.jdk/Contents/Home/lib/libnet.dylib
0x0000000131852000 	/Library/Java/JavaVirtualMachines/jdk-9.0.4.jdk/Contents/Home/lib/libdt_socket.dylib

VM Arguments:
jvm_args: -agentlib:jdwp=transport=dt_socket,suspend=y,address=localhost:52618 -javaagent:/Applications/Eclipse.app/Contents/Eclipse/configuration/org.eclipse.osgi/404/0/.cp/lib/javaagent-shaded.jar -Dfile.encoding=UTF-8 
java_command: algostudy.BfsLedder
java_class_path (initial): /Users/j.hyeong/eclipse-workspace/backjoon/bin
Launcher Type: SUN_STANDARD

Logging:
Log output configuration:
#0: stdout all=warning uptime,level,tags
#1: stderr all=off uptime,level,tags

Environment Variables:
PATH=/usr/bin:/bin:/usr/sbin:/sbin
SHELL=/bin/bash

Signal Handlers:
SIGSEGV: [libjvm.dylib+0x73f3dc], sa_mask[0]=11111111011111110111111111111111, sa_flags=SA_ONSTACK|SA_RESTART|SA_SIGINFO
SIGBUS: [libjvm.dylib+0x73f3dc], sa_mask[0]=11111111011111110111111111111111, sa_flags=SA_RESTART|SA_SIGINFO
SIGFPE: [libjvm.dylib+0x73f3dc], sa_mask[0]=11111111011111110111111111111111, sa_flags=SA_RESTART|SA_SIGINFO
SIGPIPE: [libjvm.dylib+0x5f233c], sa_mask[0]=11111111011111110111111111111111, sa_flags=SA_RESTART|SA_SIGINFO
SIGXFSZ: [libjvm.dylib+0x5f233c], sa_mask[0]=11111111011111110111111111111111, sa_flags=SA_RESTART|SA_SIGINFO
SIGILL: [libjvm.dylib+0x73f3dc], sa_mask[0]=11111111011111110111111111111111, sa_flags=SA_RESTART|SA_SIGINFO
SIGUSR2: [libjvm.dylib+0x5f2bcc], sa_mask[0]=00100000000000000000000000000000, sa_flags=SA_RESTART|SA_SIGINFO
SIGHUP: [libjvm.dylib+0x5f1409], sa_mask[0]=11111111011111110111111111111111, sa_flags=SA_RESTART|SA_SIGINFO
SIGINT: [libjvm.dylib+0x5f1409], sa_mask[0]=11111111011111110111111111111111, sa_flags=SA_RESTART|SA_SIGINFO
SIGTERM: [libjvm.dylib+0x5f1409], sa_mask[0]=11111111011111110111111111111111, sa_flags=SA_RESTART|SA_SIGINFO
SIGQUIT: [libjvm.dylib+0x5f1409], sa_mask[0]=11111111011111110111111111111111, sa_flags=SA_RESTART|SA_SIGINFO


---------------  S Y S T E M  ---------------

OS:uname:Darwin 19.4.0 Darwin Kernel Version 19.4.0: Wed Mar  4 22:28:40 PST 2020; root:xnu-6153.101.6~15/RELEASE_X86_64 x86_64
rlimit: STACK 8192k, CORE 0k, NPROC 1392, NOFILE 10240, AS infinity
load average:3.55 3.14 3.13

CPU:total 4 (initial active 4) (2 cores per cpu, 2 threads per core) family 6 model 142 stepping 9, cmov, cx8, fxsr, mmx, sse, sse2, sse3, ssse3, sse4.1, sse4.2, popcnt, avx, avx2, aes, clmul, erms, rtm, 3dnowpref, lzcnt, ht, tsc, tscinvbit, bmi1, bmi2, adx, fma

Memory: 4k page, physical 8388608k(104840k free)

vm_info: Java HotSpot(TM) 64-Bit Server VM (9.0.4+11) for bsd-amd64 JRE (9.0.4+11), built on Dec 20 2017 02:08:50 by "mach5one" with gcc 4.2.1 Compatible Apple LLVM 6.1.0 (clang-602.0.49)

END.
