#
# A fatal error has been detected by the Java Runtime Environment:
#
#  SIGSEGV (0xb) at pc=0x000000010f1b17bf, pid=19958, tid=16387
#
# JRE version: Java(TM) SE Runtime Environment (9.0+11) (build 9.0.4+11)
# Java VM: Java HotSpot(TM) 64-Bit Server VM (9.0.4+11, mixed mode, tiered, compressed oops, g1 gc, bsd-amd64)
# Problematic frame:
# C  [libjimage.dylib+0x17bf]  _ZN12ImageStrings4findEP6EndianPKcPij+0x57
#
# No core dump will be written. Core dumps have been disabled. To enable core dumping, try "ulimit -c unlimited" before starting Java again
#
# If you would like to submit a bug report, please visit:
#   http://bugreport.java.com/bugreport/crash.jsp
#

---------------  S U M M A R Y ------------

Command Line: -agentlib:jdwp=transport=dt_socket,suspend=y,address=localhost:49651 -javaagent:/Applications/Eclipse.app/Contents/Eclipse/configuration/org.eclipse.osgi/404/0/.cp/lib/javaagent-shaded.jar -Dfile.encoding=UTF-8 backjoonTwoPoint.TurningSueshi

Host: MacBookPro14,1 x86_64 2300 MHz, 4 cores, 8G, Darwin 19.4.0
Time: Thu Jun  4 04:58:39 2020 KST elapsed time: 0 seconds (0d 0h 0m 0s)

---------------  T H R E A D  ---------------

Current thread (0x00007ff6c683a000):  JavaThread "Signal Dispatcher" daemon [_thread_in_vm, id=16387, stack(0x00007000093f3000,0x00007000094f3000)]

Stack: [0x00007000093f3000,0x00007000094f3000],  sp=0x00007000094f1360,  free space=1016k
Native frames: (J=compiled Java code, A=aot compiled Java code, j=interpreted, Vv=VM code, C=native code)
C  [libjimage.dylib+0x17bf]  _ZN12ImageStrings4findEP6EndianPKcPij+0x57
C  [libjimage.dylib+0x249d]  _ZNK15ImageFileReader19find_location_indexEPKcPy+0x3f
C  [libjimage.dylib+0x2831]  JIMAGE_FindResource+0xd7
V  [libjvm.dylib+0x1fc23d]
V  [libjvm.dylib+0x1fea8c]
