#
# A fatal error has been detected by the Java Runtime Environment:
#
#  SIGSEGV (0xb) at pc=0x0000000102dff56a, pid=42204, tid=18435
#
# JRE version: Java(TM) SE Runtime Environment (9.0+11) (build 9.0.4+11)
# Java VM: Java HotSpot(TM) 64-Bit Server VM (9.0.4+11, mixed mode, tiered, compressed oops, g1 gc, bsd-amd64)
# Problematic frame:
# V  [libjvm.dylib+0x1ff56a]  PerfClassTraceTime::initialize()+0x3a
#
# No core dump will be written. Core dumps have been disabled. To enable core dumping, try "ulimit -c unlimited" before starting Java again
#
# If you would like to submit a bug report, please visit:
#   http://bugreport.java.com/bugreport/crash.jsp
#

---------------  S U M M A R Y ------------

Command Line: -agentlib:jdwp=transport=dt_socket,suspend=y,address=localhost:62665 -javaagent:/Applications/Eclipse.app/Contents/Eclipse/configuration/org.eclipse.osgi/404/0/.cp/lib/javaagent-shaded.jar -Dfile.encoding=UTF-8 backjoonStack.BracketValue

Host: MacBookPro14,1 x86_64 2300 MHz, 4 cores, 8G, Darwin 19.5.0
Time: Tue Jun 16 15:42:07 2020 KST elapsed time: 948 seconds (0d 0h 15m 48s)

---------------  T H R E A D  ---------------

Current thread (0x00007fcdd8018000):  VMThread "VM Thread" [stack: 0x000070000ee6d000,0x000070000ef6d000] [id=18435]

Stack: [0x000070000ee6d000,0x000070000ef6d000],  sp=0x000070000ef6bac0,  free space=1018k
Native frames: (J=compiled Java code, A=aot compiled Java code, j=interpreted, Vv=VM code, C=native code)
V  [libjvm.dylib+0x1ff56a]  PerfClassTraceTime::initialize()+0x3a
V  [libjvm.dylib+0x386b24]  InstanceKlass::link_class_impl(instanceKlassHandle, bool, Thread*)+0x25c
V  [libjvm.dylib+0x387536]  InstanceKlass::link_class(Thread*)+0x3e
V  [libjvm.dylib+0x386d8e]  InstanceKlass::initialize_impl(instanceKlassHandle, Thread*)+0x2e
V  [libjvm.dylib+0x386d4c]  InstanceKlass::initialize(Thread*)+0x3a
V  [libjvm.dylib+0x2e2945]  Exceptions::new_exception(Thread*, Symbol*, Symbol*, JavaCallArguments*, Handle, Handle)+0x51
V  [libjvm.dylib+0x2e2cc0]  Exceptions::new_exception(Thread*, Symbol*, Symbol*, JavaCallArguments*, Handle, Handle, Handle)+0x36
V  [libjvm.dylib+0x2e26c7]  Exceptions::new_exception(Thread*, Symbol*, char const*, Handle, Handle, Handle, Exceptions::ExceptionMsgToUtf8Mode)+0x17b
V  [libjvm.dylib+0x2e2dcc]  Exceptions::new_exception(Thread*, Symbol*, char const*, Exceptions::ExceptionMsgToUtf8Mode)+0x18
V  [libjvm.dylib+0x34feec]  GenerateOopMap::verify_error(char const*, ...)+0xe2
V  [libjvm.dylib+0x351eac]  GenerateOopMap::do_method(int, int, int, int)+0x12e
V  [libjvm.dylib+0x3506d9]  GenerateOopMap::interp_bb(BasicBlock*)+0x105
V  [libjvm.dylib+0x3503ef]  GenerateOopMap::interp_all()+0x53
V  [libjvm.dylib+0x3500d5]  GenerateOopMap::do_interpretation()+0x4b
V  [libjvm.dylib+0x352617]  GenerateOopMap::compute_map(Thread*)+0x16b
V  [libjvm.dylib+0x5e8c48]  OopMapForCacheEntry::compute_map(Thread*)+0x60
V  [libjvm.dylib+0x5e93ac]  OopMapCacheEntry::fill(methodHandle, int)+0xe0
V  [libjvm.dylib+0x5e9a7b]  OopMapCache::compute_one_oop_map(methodHandle const&, int, InterpreterOopMap*)+0x12b
V  [libjvm.dylib+0x5e98a7]  OopMapCache::lookup(methodHandle const&, int, InterpreterOopMap*) const+0xa3
V  [libjvm.dylib+0x5b2be7]  Method::mask_for(int, InterpreterOopMap*)+0x61
V  [libjvm.dylib+0x4a7431]  VM_GetOrSetLocal::doit()+0x49
V  [libjvm.dylib+0x747827]  VM_Operation::evaluate()+0x8d
V  [libjvm.dylib+0x746e9c]  VMThread::evaluate_operation(VM_Operation*)+0xda
V  [libjvm.dylib+0x746b8e]  VMThread::loop()+0x2f6
V  [libjvm.dylib+0x7467b9]  VMThread::run()+0x75
V  [libjvm.dylib+0x5f02f3]  thread_native_entry(Thread*)+0x12b
C  [libsystem_pthread.dylib+0x6109]  _pthread_start+0x94
C  [libsystem_pthread.dylib+0x1b8b]  thread_start+0xf


siginfo: si_signo: 11 (SIGSEGV), si_code: 1 (SEGV_MAPERR), si_addr: 0x0000000000000090

Register to memory mapping:

RAX=0x00000001023ebb08 is an unknown value
RBX=0x0000000000000000 is an unknown value
RCX=0x00007fcdd7f09db0 is an unknown value
RDX=0x00007fcdd7f09e70 is an unknown value
RSP=0x000070000ef6bac0 is an unknown value
RBP=0x000070000ef6bae0 is an unknown value
RSI=0x0000000000000080 is an unknown value
RDI=0x0000000000000080 is an unknown value
R8 =0x00007fcdd7f366c0 is an unknown value
R9 =0x0000000000000000 is an unknown value
R10=0x0000000000000000 is an unknown value
R11=0x000000010339c1d4: __cxx_global_var_init5+0x377c4 in /Library/Java/JavaVirtualMachines/jdk-9.0.4.jdk/Contents/Home/lib/server/libjvm.dylib at 0x0000000102c00000
R12=0x00000007c00044d8 is pointing into metadata
R13=0x00000007c0002b01 is pointing into metadata
R14=0x000070000ef6bb60 is an unknown value
R15=0x0000000000000000 is an unknown value


Registers:
RAX=0x00000001023ebb08, RBX=0x0000000000000000, RCX=0x00007fcdd7f09db0, RDX=0x00007fcdd7f09e70
RSP=0x000070000ef6bac0, RBP=0x000070000ef6bae0, RSI=0x0000000000000080, RDI=0x0000000000000080
R8 =0x00007fcdd7f366c0, R9 =0x0000000000000000, R10=0x0000000000000000, R11=0x000000010339c1d4
R12=0x00000007c00044d8, R13=0x00000007c0002b01, R14=0x000070000ef6bb60, R15=0x0000000000000000
RIP=0x0000000102dff56a, EFLAGS=0x0000000000010246, ERR=0x0000000000000004
  TRAPNO=0x000000000000000e

Top of Stack: (sp=0x000070000ef6bac0)
0x000070000ef6bac0:   00007fcdd7f09d50 00000007c00044d8
0x000070000ef6bad0:   0000000000000001 00007fcdd8018000
0x000070000ef6bae0:   000070000ef6bbd0 0000000102f86b24
0x000070000ef6baf0:   0000000000000000 00000007c00044d8
0x000070000ef6bb00:   0000000100000000 0000000000000000
0x000070000ef6bb10:   000000012462f088 0000000000000000
0x000070000ef6bb20:   0000000000000000 0000000000000000
0x000070000ef6bb30:   0000000000000000 0000000000000000
0x000070000ef6bb40:   0000000000000000 0000000000000000
0x000070000ef6bb50:   0000000000000000 0000000000000000
0x000070000ef6bb60:   0000000000000000 0000000000000000
0x000070000ef6bb70:   0000000000000000 00007fcdd7f09d50
0x000070000ef6bb80:   00007fcdd7f09db0 00007fcdd7f09e70
0x000070000ef6bb90:   0000000000000064 0000000000000080
0x000070000ef6bba0:   ffffffff00000002 00000007c00044d8
0x000070000ef6bbb0:   00000007c00044d8 1ef0469dbfba0011
0x000070000ef6bbc0:   00007fcdd8018000 000070000ef6bbe0
0x000070000ef6bbd0:   000070000ef6bc30 0000000102f87536
0x000070000ef6bbe0:   00007fcdd8018000 00007fcdd7c12c80
0x000070000ef6bbf0:   00007fcdd7c12cc0 00007fcdd7c12cd8
0x000070000ef6bc00:   00007fcdd7c12da8 00000000000000d8
0x000070000ef6bc10:   000070000ef6bd50 00007fcdd8018000
0x000070000ef6bc20:   00000007c00044d8 000070000ef6bd50
0x000070000ef6bc30:   000070000ef6bd40 0000000102f86d8e
0x000070000ef6bc40:   000070000ef6bc60 0000000103303058
0x000070000ef6bc50:   0000000000000016 0000000000000000
0x000070000ef6bc60:   000070000ef6bc80 0000000102ecc343
0x000070000ef6bc70:   00007fcdda89df90 00007fcdd8018000
0x000070000ef6bc80:   000070000ef6bd70 00000001032c8875
0x000070000ef6bc90:   00007fcdd8018000 0000000000000000
0x000070000ef6bca0:   0000000000000000 0000000000000000
0x000070000ef6bcb0:   000070000ef6bcc0 0000000102f2c910 

Instructions: (pc=0x0000000102dff56a)
0x0000000102dff54a:   8b 46 28 48 85 c0 74 07 48 8b 40 28 48 ff 00 41
0x0000000102dff55a:   c7 46 44 ff ff ff ff 45 31 ff 31 db 49 8b 7e 38
0x0000000102dff56a:   42 80 7c 3f 10 00 74 0c 41 89 5e 44 4c 01 ff e8
0x0000000102dff57a:   5c 3e 50 00 48 ff c3 49 83 c7 18 48 83 fb 06 75 

VM_Operation (0x000070000f98daa8): GetOrSetLocal, mode: safepoint, requested by thread 0x00007fcdd801c000


---------------  P R O C E S S  ---------------

Java Threads: ( => current thread )
  0x00007fcdd90b2000 JavaThread "Service Thread" daemon [_thread_blocked, id=24323, stack(0x000070000fb97000,0x000070000fc97000)]
  0x00007fcdd9878800 JavaThread "JDWP Command Reader" daemon [_thread_in_native, id=24067, stack(0x000070000fa94000,0x000070000fb94000)]
  0x00007fcdd9069800 JavaThread "JDWP Event Helper Thread" daemon [_thread_blocked, id=23811, stack(0x000070000f991000,0x000070000fa91000)]
  0x00007fcdd801c000 JavaThread "JDWP Transport Listener: dt_socket" daemon [_thread_blocked, id=23559, stack(0x000070000f88e000,0x000070000f98e000)]
  0x00007fcdd801d000 JavaThread "Common-Cleaner" daemon [_thread_blocked, id=23043, stack(0x000070000f78b000,0x000070000f88b000)]
  0x00007fcdd9013800 JavaThread "Sweeper thread" daemon [_thread_blocked, id=22531, stack(0x000070000f688000,0x000070000f788000)]
  0x00007fcdd8850000 JavaThread "C1 CompilerThread2" daemon [_thread_blocked, id=22275, stack(0x000070000f585000,0x000070000f685000)]
  0x00007fcdd884f000 JavaThread "C2 CompilerThread1" daemon [_thread_blocked, id=43011, stack(0x000070000f482000,0x000070000f582000)]
  0x00007fcdd884e000 JavaThread "C2 CompilerThread0" daemon [_thread_blocked, id=21763, stack(0x000070000f37f000,0x000070000f47f000)]
  0x00007fcdd884d800 JavaThread "Signal Dispatcher" daemon [_thread_blocked, id=15107, stack(0x000070000f27c000,0x000070000f37c000)]
  0x00007fcdd9876800 JavaThread "Finalizer" daemon [_thread_blocked, id=13315, stack(0x000070000f073000,0x000070000f173000)]
  0x00007fcdd8844000 JavaThread "Reference Handler" daemon [_thread_blocked, id=17923, stack(0x000070000ef70000,0x000070000f070000)]
  0x00007fcdd800d000 JavaThread "main" [_thread_blocked, id=3843, stack(0x000070000e249000,0x000070000e349000)]

Other Threads:
=>0x00007fcdd8018000 VMThread "VM Thread" [stack: 0x000070000ee6d000,0x000070000ef6d000] [id=18435]
  0x00007fcdd810a000 WatcherThread [stack: 0x000070000fc9a000,0x000070000fd9a000] [id=41475]
  0x00007fcdd8812000 GCTaskThread "GC Thread#0" [stack: 0x000070000e34c000,0x000070000e44c000] [id=7683]
  0x00007fcdd8812800 GCTaskThread "GC Thread#1" [stack: 0x000070000e44f000,0x000070000e54f000] [id=10755]
  0x00007fcdd800e000 GCTaskThread "GC Thread#2" [stack: 0x000070000e552000,0x000070000e652000] [id=21251]
  0x00007fcdd980d800 GCTaskThread "GC Thread#3" [stack: 0x000070000e655000,0x000070000e755000] [id=11267]
  0x00007fcdd982c000 ConcurrentGCThread "G1 Main Marker" [stack: 0x000070000ec67000,0x000070000ed67000] [id=12803]
  0x00007fcdd8814800 ConcurrentGCThread "G1 Marker#0" [stack: 0x000070000ed6a000,0x000070000ee6a000] [id=18947]
  0x00007fcdd800e800 ConcurrentGCThread "G1 Refine#0" [stack: 0x000070000ea61000,0x000070000eb61000] [id=20227]
  0x00007fcdd980e000 ConcurrentGCThread "G1 Refine#1" [stack: 0x000070000e95e000,0x000070000ea5e000] [id=20483]
  0x00007fcdd8814000 ConcurrentGCThread "G1 Refine#2" [stack: 0x000070000e85b000,0x000070000e95b000] [id=11779]
  0x00007fcdd8813000 ConcurrentGCThread "G1 Refine#3" [stack: 0x000070000e758000,0x000070000e858000] [id=20739]
  0x00007fcdd800f000 ConcurrentGCThread "G1 Young RemSet Sampling" [stack: 0x000070000eb64000,0x000070000ec64000] [id=12547]

Threads with active compile tasks:

VM state:at safepoint (normal execution)

VM Mutex/Monitor currently owned by a thread:  ([mutex/lock_event])
[0x00007fcdd7e06c20] Threads_lock - owner thread: 0x00007fcdd8018000

Heap address: 0x0000000740000000, size: 2048 MB, Compressed Oops mode: Zero based, Oop shift amount: 3
Narrow klass base: 0x0000000000000000, Narrow klass shift: 3
Compressed class space size: 1073741824 Address: 0x00000007c0000000

Heap:
 garbage-first heap   total 131072K, used 7168K [0x0000000740000000, 0x0000000740100400, 0x00000007c0000000)
  region size 1024K, 8 young (8192K), 0 survivors (0K)
 Metaspace       used 8248K, capacity 8334K, committed 8448K, reserved 1056768K
  class space    used 711K, capacity 731K, committed 768K, reserved 1048576K
Heap Regions: E=young(eden), S=young(survivor), O=old, HS=humongous(starts), HC=humongous(continues), CS=collection set, F=free, A=archive, TS=gc time stamp, AC=allocation context, TAMS=top-at-mark-start (previous, next)
|   0|0x0000000740000000, 0x0000000740000000, 0x0000000740100000|  0%| F|  |TS  0|AC  0|TAMS 0x0000000740000000, 0x0000000740000000|
|   1|0x0000000740100000, 0x0000000740100000, 0x0000000740200000|  0%| F|  |TS  0|AC  0|TAMS 0x0000000740100000, 0x0000000740100000|
|   2|0x0000000740200000, 0x0000000740200000, 0x0000000740300000|  0%| F|  |TS  0|AC  0|TAMS 0x0000000740200000, 0x0000000740200000|
|   3|0x0000000740300000, 0x0000000740300000, 0x0000000740400000|  0%| F|  |TS  0|AC  0|TAMS 0x0000000740300000, 0x0000000740300000|
|   4|0x0000000740400000, 0x0000000740400000, 0x0000000740500000|  0%| F|  |TS  0|AC  0|TAMS 0x0000000740400000, 0x0000000740400000|
|   5|0x0000000740500000, 0x0000000740500000, 0x0000000740600000|  0%| F|  |TS  0|AC  0|TAMS 0x0000000740500000, 0x0000000740500000|
|   6|0x0000000740600000, 0x0000000740600000, 0x0000000740700000|  0%| F|  |TS  0|AC  0|TAMS 0x0000000740600000, 0x0000000740600000|
|   7|0x0000000740700000, 0x0000000740700000, 0x0000000740800000|  0%| F|  |TS  0|AC  0|TAMS 0x0000000740700000, 0x0000000740700000|
|   8|0x0000000740800000, 0x0000000740800000, 0x0000000740900000|  0%| F|  |TS  0|AC  0|TAMS 0x0000000740800000, 0x0000000740800000|
|   9|0x0000000740900000, 0x0000000740900000, 0x0000000740a00000|  0%| F|  |TS  0|AC  0|TAMS 0x0000000740900000, 0x0000000740900000|
|  10|0x0000000740a00000, 0x0000000740a00000, 0x0000000740b00000|  0%| F|  |TS  0|AC  0|TAMS 0x0000000740a00000, 0x0000000740a00000|
|  11|0x0000000740b00000, 0x0000000740b00000, 0x0000000740c00000|  0%| F|  |TS  0|AC  0|TAMS 0x0000000740b00000, 0x0000000740b00000|
|  12|0x0000000740c00000, 0x0000000740c00000, 0x0000000740d00000|  0%| F|  |TS  0|AC  0|TAMS 0x0000000740c00000, 0x0000000740c00000|
|  13|0x0000000740d00000, 0x0000000740d00000, 0x0000000740e00000|  0%| F|  |TS  0|AC  0|TAMS 0x0000000740d00000, 0x0000000740d00000|
|  14|0x0000000740e00000, 0x0000000740e00000, 0x0000000740f00000|  0%| F|  |TS  0|AC  0|TAMS 0x0000000740e00000, 0x0000000740e00000|
|  15|0x0000000740f00000, 0x0000000740f00000, 0x0000000741000000|  0%| F|  |TS  0|AC  0|TAMS 0x0000000740f00000, 0x0000000740f00000|
|  16|0x0000000741000000, 0x0000000741000000, 0x0000000741100000|  0%| F|  |TS  0|AC  0|TAMS 0x0000000741000000, 0x0000000741000000|
|  17|0x0000000741100000, 0x0000000741100000, 0x0000000741200000|  0%| F|  |TS  0|AC  0|TAMS 0x0000000741100000, 0x0000000741100000|
|  18|0x0000000741200000, 0x0000000741200000, 0x0000000741300000|  0%| F|  |TS  0|AC  0|TAMS 0x0000000741200000, 0x0000000741200000|
|  19|0x0000000741300000, 0x0000000741300000, 0x0000000741400000|  0%| F|  |TS  0|AC  0|TAMS 0x0000000741300000, 0x0000000741300000|
|  20|0x0000000741400000, 0x0000000741400000, 0x0000000741500000|  0%| F|  |TS  0|AC  0|TAMS 0x0000000741400000, 0x0000000741400000|
|  21|0x0000000741500000, 0x0000000741500000, 0x0000000741600000|  0%| F|  |TS  0|AC  0|TAMS 0x0000000741500000, 0x0000000741500000|
|  22|0x0000000741600000, 0x0000000741600000, 0x0000000741700000|  0%| F|  |TS  0|AC  0|TAMS 0x0000000741600000, 0x0000000741600000|
|  23|0x0000000741700000, 0x0000000741700000, 0x0000000741800000|  0%| F|  |TS  0|AC  0|TAMS 0x0000000741700000, 0x0000000741700000|
|  24|0x0000000741800000, 0x0000000741800000, 0x0000000741900000|  0%| F|  |TS  0|AC  0|TAMS 0x0000000741800000, 0x0000000741800000|
|  25|0x0000000741900000, 0x0000000741900000, 0x0000000741a00000|  0%| F|  |TS  0|AC  0|TAMS 0x0000000741900000, 0x0000000741900000|
|  26|0x0000000741a00000, 0x0000000741a00000, 0x0000000741b00000|  0%| F|  |TS  0|AC  0|TAMS 0x0000000741a00000, 0x0000000741a00000|
|  27|0x0000000741b00000, 0x0000000741b00000, 0x0000000741c00000|  0%| F|  |TS  0|AC  0|TAMS 0x0000000741b00000, 0x0000000741b00000|
|  28|0x0000000741c00000, 0x0000000741c00000, 0x0000000741d00000|  0%| F|  |TS  0|AC  0|TAMS 0x0000000741c00000, 0x0000000741c00000|
|  29|0x0000000741d00000, 0x0000000741d00000, 0x0000000741e00000|  0%| F|  |TS  0|AC  0|TAMS 0x0000000741d00000, 0x0000000741d00000|
|  30|0x0000000741e00000, 0x0000000741e00000, 0x0000000741f00000|  0%| F|  |TS  0|AC  0|TAMS 0x0000000741e00000, 0x0000000741e00000|
|  31|0x0000000741f00000, 0x0000000741f00000, 0x0000000742000000|  0%| F|  |TS  0|AC  0|TAMS 0x0000000741f00000, 0x0000000741f00000|
|  32|0x0000000742000000, 0x0000000742000000, 0x0000000742100000|  0%| F|  |TS  0|AC  0|TAMS 0x0000000742000000, 0x0000000742000000|
|  33|0x0000000742100000, 0x0000000742100000, 0x0000000742200000|  0%| F|  |TS  0|AC  0|TAMS 0x0000000742100000, 0x0000000742100000|
|  34|0x0000000742200000, 0x0000000742200000, 0x0000000742300000|  0%| F|  |TS  0|AC  0|TAMS 0x0000000742200000, 0x0000000742200000|
|  35|0x0000000742300000, 0x0000000742300000, 0x0000000742400000|  0%| F|  |TS  0|AC  0|TAMS 0x0000000742300000, 0x0000000742300000|
|  36|0x0000000742400000, 0x0000000742400000, 0x0000000742500000|  0%| F|  |TS  0|AC  0|TAMS 0x0000000742400000, 0x0000000742400000|
|  37|0x0000000742500000, 0x0000000742500000, 0x0000000742600000|  0%| F|  |TS  0|AC  0|TAMS 0x0000000742500000, 0x0000000742500000|
|  38|0x0000000742600000, 0x0000000742600000, 0x0000000742700000|  0%| F|  |TS  0|AC  0|TAMS 0x0000000742600000, 0x0000000742600000|
|  39|0x0000000742700000, 0x0000000742700000, 0x0000000742800000|  0%| F|  |TS  0|AC  0|TAMS 0x0000000742700000, 0x0000000742700000|
|  40|0x0000000742800000, 0x0000000742800000, 0x0000000742900000|  0%| F|  |TS  0|AC  0|TAMS 0x0000000742800000, 0x0000000742800000|
|  41|0x0000000742900000, 0x0000000742900000, 0x0000000742a00000|  0%| F|  |TS  0|AC  0|TAMS 0x0000000742900000, 0x0000000742900000|
|  42|0x0000000742a00000, 0x0000000742a00000, 0x0000000742b00000|  0%| F|  |TS  0|AC  0|TAMS 0x0000000742a00000, 0x0000000742a00000|
|  43|0x0000000742b00000, 0x0000000742b00000, 0x0000000742c00000|  0%| F|  |TS  0|AC  0|TAMS 0x0000000742b00000, 0x0000000742b00000|
|  44|0x0000000742c00000, 0x0000000742c00000, 0x0000000742d00000|  0%| F|  |TS  0|AC  0|TAMS 0x0000000742c00000, 0x0000000742c00000|
|  45|0x0000000742d00000, 0x0000000742d00000, 0x0000000742e00000|  0%| F|  |TS  0|AC  0|TAMS 0x0000000742d00000, 0x0000000742d00000|
|  46|0x0000000742e00000, 0x0000000742e00000, 0x0000000742f00000|  0%| F|  |TS  0|AC  0|TAMS 0x0000000742e00000, 0x0000000742e00000|
|  47|0x0000000742f00000, 0x0000000742f00000, 0x0000000743000000|  0%| F|  |TS  0|AC  0|TAMS 0x0000000742f00000, 0x0000000742f00000|
|  48|0x0000000743000000, 0x0000000743000000, 0x0000000743100000|  0%| F|  |TS  0|AC  0|TAMS 0x0000000743000000, 0x0000000743000000|
|  49|0x0000000743100000, 0x0000000743100000, 0x0000000743200000|  0%| F|  |TS  0|AC  0|TAMS 0x0000000743100000, 0x0000000743100000|
|  50|0x0000000743200000, 0x0000000743200000, 0x0000000743300000|  0%| F|  |TS  0|AC  0|TAMS 0x0000000743200000, 0x0000000743200000|
|  51|0x0000000743300000, 0x0000000743300000, 0x0000000743400000|  0%| F|  |TS  0|AC  0|TAMS 0x0000000743300000, 0x0000000743300000|
|  52|0x0000000743400000, 0x0000000743400000, 0x0000000743500000|  0%| F|  |TS  0|AC  0|TAMS 0x0000000743400000, 0x0000000743400000|
|  53|0x0000000743500000, 0x0000000743500000, 0x0000000743600000|  0%| F|  |TS  0|AC  0|TAMS 0x0000000743500000, 0x0000000743500000|
|  54|0x0000000743600000, 0x0000000743600000, 0x0000000743700000|  0%| F|  |TS  0|AC  0|TAMS 0x0000000743600000, 0x0000000743600000|
|  55|0x0000000743700000, 0x0000000743700000, 0x0000000743800000|  0%| F|  |TS  0|AC  0|TAMS 0x0000000743700000, 0x0000000743700000|
|  56|0x0000000743800000, 0x0000000743800000, 0x0000000743900000|  0%| F|  |TS  0|AC  0|TAMS 0x0000000743800000, 0x0000000743800000|
|  57|0x0000000743900000, 0x0000000743900000, 0x0000000743a00000|  0%| F|  |TS  0|AC  0|TAMS 0x0000000743900000, 0x0000000743900000|
|  58|0x0000000743a00000, 0x0000000743a00000, 0x0000000743b00000|  0%| F|  |TS  0|AC  0|TAMS 0x0000000743a00000, 0x0000000743a00000|
|  59|0x0000000743b00000, 0x0000000743b00000, 0x0000000743c00000|  0%| F|  |TS  0|AC  0|TAMS 0x0000000743b00000, 0x0000000743b00000|
|  60|0x0000000743c00000, 0x0000000743c00000, 0x0000000743d00000|  0%| F|  |TS  0|AC  0|TAMS 0x0000000743c00000, 0x0000000743c00000|
|  61|0x0000000743d00000, 0x0000000743d00000, 0x0000000743e00000|  0%| F|  |TS  0|AC  0|TAMS 0x0000000743d00000, 0x0000000743d00000|
|  62|0x0000000743e00000, 0x0000000743e00000, 0x0000000743f00000|  0%| F|  |TS  0|AC  0|TAMS 0x0000000743e00000, 0x0000000743e00000|
|  63|0x0000000743f00000, 0x0000000743f00000, 0x0000000744000000|  0%| F|  |TS  0|AC  0|TAMS 0x0000000743f00000, 0x0000000743f00000|
|  64|0x0000000744000000, 0x0000000744000000, 0x0000000744100000|  0%| F|  |TS  0|AC  0|TAMS 0x0000000744000000, 0x0000000744000000|
|  65|0x0000000744100000, 0x0000000744100000, 0x0000000744200000|  0%| F|  |TS  0|AC  0|TAMS 0x0000000744100000, 0x0000000744100000|
|  66|0x0000000744200000, 0x0000000744200000, 0x0000000744300000|  0%| F|  |TS  0|AC  0|TAMS 0x0000000744200000, 0x0000000744200000|
|  67|0x0000000744300000, 0x0000000744300000, 0x0000000744400000|  0%| F|  |TS  0|AC  0|TAMS 0x0000000744300000, 0x0000000744300000|
|  68|0x0000000744400000, 0x0000000744400000, 0x0000000744500000|  0%| F|  |TS  0|AC  0|TAMS 0x0000000744400000, 0x0000000744400000|
|  69|0x0000000744500000, 0x0000000744500000, 0x0000000744600000|  0%| F|  |TS  0|AC  0|TAMS 0x0000000744500000, 0x0000000744500000|
|  70|0x0000000744600000, 0x0000000744600000, 0x0000000744700000|  0%| F|  |TS  0|AC  0|TAMS 0x0000000744600000, 0x0000000744600000|
|  71|0x0000000744700000, 0x0000000744700000, 0x0000000744800000|  0%| F|  |TS  0|AC  0|TAMS 0x0000000744700000, 0x0000000744700000|
|  72|0x0000000744800000, 0x0000000744800000, 0x0000000744900000|  0%| F|  |TS  0|AC  0|TAMS 0x0000000744800000, 0x0000000744800000|
|  73|0x0000000744900000, 0x0000000744900000, 0x0000000744a00000|  0%| F|  |TS  0|AC  0|TAMS 0x0000000744900000, 0x0000000744900000|
|  74|0x0000000744a00000, 0x0000000744a00000, 0x0000000744b00000|  0%| F|  |TS  0|AC  0|TAMS 0x0000000744a00000, 0x0000000744a00000|
|  75|0x0000000744b00000, 0x0000000744b00000, 0x0000000744c00000|  0%| F|  |TS  0|AC  0|TAMS 0x0000000744b00000, 0x0000000744b00000|
|  76|0x0000000744c00000, 0x0000000744c00000, 0x0000000744d00000|  0%| F|  |TS  0|AC  0|TAMS 0x0000000744c00000, 0x0000000744c00000|
|  77|0x0000000744d00000, 0x0000000744d00000, 0x0000000744e00000|  0%| F|  |TS  0|AC  0|TAMS 0x0000000744d00000, 0x0000000744d00000|
|  78|0x0000000744e00000, 0x0000000744e00000, 0x0000000744f00000|  0%| F|  |TS  0|AC  0|TAMS 0x0000000744e00000, 0x0000000744e00000|
|  79|0x0000000744f00000, 0x0000000744f00000, 0x0000000745000000|  0%| F|  |TS  0|AC  0|TAMS 0x0000000744f00000, 0x0000000744f00000|
|  80|0x0000000745000000, 0x0000000745000000, 0x0000000745100000|  0%| F|  |TS  0|AC  0|TAMS 0x0000000745000000, 0x0000000745000000|
|  81|0x0000000745100000, 0x0000000745100000, 0x0000000745200000|  0%| F|  |TS  0|AC  0|TAMS 0x0000000745100000, 0x0000000745100000|
|  82|0x0000000745200000, 0x0000000745200000, 0x0000000745300000|  0%| F|  |TS  0|AC  0|TAMS 0x0000000745200000, 0x0000000745200000|
|  83|0x0000000745300000, 0x0000000745300000, 0x0000000745400000|  0%| F|  |TS  0|AC  0|TAMS 0x0000000745300000, 0x0000000745300000|
|  84|0x0000000745400000, 0x0000000745400000, 0x0000000745500000|  0%| F|  |TS  0|AC  0|TAMS 0x0000000745400000, 0x0000000745400000|
|  85|0x0000000745500000, 0x0000000745500000, 0x0000000745600000|  0%| F|  |TS  0|AC  0|TAMS 0x0000000745500000, 0x0000000745500000|
|  86|0x0000000745600000, 0x0000000745600000, 0x0000000745700000|  0%| F|  |TS  0|AC  0|TAMS 0x0000000745600000, 0x0000000745600000|
|  87|0x0000000745700000, 0x0000000745700000, 0x0000000745800000|  0%| F|  |TS  0|AC  0|TAMS 0x0000000745700000, 0x0000000745700000|
|  88|0x0000000745800000, 0x0000000745800000, 0x0000000745900000|  0%| F|  |TS  0|AC  0|TAMS 0x0000000745800000, 0x0000000745800000|
|  89|0x0000000745900000, 0x0000000745900000, 0x0000000745a00000|  0%| F|  |TS  0|AC  0|TAMS 0x0000000745900000, 0x0000000745900000|
|  90|0x0000000745a00000, 0x0000000745a00000, 0x0000000745b00000|  0%| F|  |TS  0|AC  0|TAMS 0x0000000745a00000, 0x0000000745a00000|
|  91|0x0000000745b00000, 0x0000000745b00000, 0x0000000745c00000|  0%| F|  |TS  0|AC  0|TAMS 0x0000000745b00000, 0x0000000745b00000|
|  92|0x0000000745c00000, 0x0000000745c00000, 0x0000000745d00000|  0%| F|  |TS  0|AC  0|TAMS 0x0000000745c00000, 0x0000000745c00000|
|  93|0x0000000745d00000, 0x0000000745d00000, 0x0000000745e00000|  0%| F|  |TS  0|AC  0|TAMS 0x0000000745d00000, 0x0000000745d00000|
|  94|0x0000000745e00000, 0x0000000745e00000, 0x0000000745f00000|  0%| F|  |TS  0|AC  0|TAMS 0x0000000745e00000, 0x0000000745e00000|
|  95|0x0000000745f00000, 0x0000000745f00000, 0x0000000746000000|  0%| F|  |TS  0|AC  0|TAMS 0x0000000745f00000, 0x0000000745f00000|
|  96|0x0000000746000000, 0x0000000746000000, 0x0000000746100000|  0%| F|  |TS  0|AC  0|TAMS 0x0000000746000000, 0x0000000746000000|
|  97|0x0000000746100000, 0x0000000746100000, 0x0000000746200000|  0%| F|  |TS  0|AC  0|TAMS 0x0000000746100000, 0x0000000746100000|
|  98|0x0000000746200000, 0x0000000746200000, 0x0000000746300000|  0%| F|  |TS  0|AC  0|TAMS 0x0000000746200000, 0x0000000746200000|
|  99|0x0000000746300000, 0x0000000746300000, 0x0000000746400000|  0%| F|  |TS  0|AC  0|TAMS 0x0000000746300000, 0x0000000746300000|
| 100|0x0000000746400000, 0x0000000746400000, 0x0000000746500000|  0%| F|  |TS  0|AC  0|TAMS 0x0000000746400000, 0x0000000746400000|
| 101|0x0000000746500000, 0x0000000746500000, 0x0000000746600000|  0%| F|  |TS  0|AC  0|TAMS 0x0000000746500000, 0x0000000746500000|
| 102|0x0000000746600000, 0x0000000746600000, 0x0000000746700000|  0%| F|  |TS  0|AC  0|TAMS 0x0000000746600000, 0x0000000746600000|
| 103|0x0000000746700000, 0x0000000746700000, 0x0000000746800000|  0%| F|  |TS  0|AC  0|TAMS 0x0000000746700000, 0x0000000746700000|
| 104|0x0000000746800000, 0x0000000746800000, 0x0000000746900000|  0%| F|  |TS  0|AC  0|TAMS 0x0000000746800000, 0x0000000746800000|
| 105|0x0000000746900000, 0x0000000746900000, 0x0000000746a00000|  0%| F|  |TS  0|AC  0|TAMS 0x0000000746900000, 0x0000000746900000|
| 106|0x0000000746a00000, 0x0000000746a00000, 0x0000000746b00000|  0%| F|  |TS  0|AC  0|TAMS 0x0000000746a00000, 0x0000000746a00000|
| 107|0x0000000746b00000, 0x0000000746b00000, 0x0000000746c00000|  0%| F|  |TS  0|AC  0|TAMS 0x0000000746b00000, 0x0000000746b00000|
| 108|0x0000000746c00000, 0x0000000746c00000, 0x0000000746d00000|  0%| F|  |TS  0|AC  0|TAMS 0x0000000746c00000, 0x0000000746c00000|
| 109|0x0000000746d00000, 0x0000000746d00000, 0x0000000746e00000|  0%| F|  |TS  0|AC  0|TAMS 0x0000000746d00000, 0x0000000746d00000|
| 110|0x0000000746e00000, 0x0000000746e00000, 0x0000000746f00000|  0%| F|  |TS  0|AC  0|TAMS 0x0000000746e00000, 0x0000000746e00000|
| 111|0x0000000746f00000, 0x0000000746f00000, 0x0000000747000000|  0%| F|  |TS  0|AC  0|TAMS 0x0000000746f00000, 0x0000000746f00000|
| 112|0x0000000747000000, 0x0000000747000000, 0x0000000747100000|  0%| F|  |TS  0|AC  0|TAMS 0x0000000747000000, 0x0000000747000000|
| 113|0x0000000747100000, 0x0000000747100000, 0x0000000747200000|  0%| F|  |TS  0|AC  0|TAMS 0x0000000747100000, 0x0000000747100000|
| 114|0x0000000747200000, 0x0000000747200000, 0x0000000747300000|  0%| F|  |TS  0|AC  0|TAMS 0x0000000747200000, 0x0000000747200000|
| 115|0x0000000747300000, 0x0000000747300000, 0x0000000747400000|  0%| F|  |TS  0|AC  0|TAMS 0x0000000747300000, 0x0000000747300000|
| 116|0x0000000747400000, 0x0000000747400000, 0x0000000747500000|  0%| F|  |TS  0|AC  0|TAMS 0x0000000747400000, 0x0000000747400000|
| 117|0x0000000747500000, 0x0000000747500000, 0x0000000747600000|  0%| F|  |TS  0|AC  0|TAMS 0x0000000747500000, 0x0000000747500000|
| 118|0x0000000747600000, 0x0000000747600000, 0x0000000747700000|  0%| F|  |TS  0|AC  0|TAMS 0x0000000747600000, 0x0000000747600000|
| 119|0x0000000747700000, 0x0000000747700000, 0x0000000747800000|  0%| F|  |TS  0|AC  0|TAMS 0x0000000747700000, 0x0000000747700000|
| 120|0x0000000747800000, 0x0000000747891b18, 0x0000000747900000| 56%| E|  |TS  0|AC  0|TAMS 0x0000000747800000, 0x0000000747800000|
| 121|0x0000000747900000, 0x0000000747a00000, 0x0000000747a00000|100%| E|CS|TS  0|AC  0|TAMS 0x0000000747900000, 0x0000000747900000|
| 122|0x0000000747a00000, 0x0000000747b00000, 0x0000000747b00000|100%| E|CS|TS  0|AC  0|TAMS 0x0000000747a00000, 0x0000000747a00000|
| 123|0x0000000747b00000, 0x0000000747c00000, 0x0000000747c00000|100%| E|CS|TS  0|AC  0|TAMS 0x0000000747b00000, 0x0000000747b00000|
| 124|0x0000000747c00000, 0x0000000747d00000, 0x0000000747d00000|100%| E|CS|TS  0|AC  0|TAMS 0x0000000747c00000, 0x0000000747c00000|
| 125|0x0000000747d00000, 0x0000000747e00000, 0x0000000747e00000|100%| E|CS|TS  0|AC  0|TAMS 0x0000000747d00000, 0x0000000747d00000|
| 126|0x0000000747e00000, 0x0000000747f00000, 0x0000000747f00000|100%| E|CS|TS  0|AC  0|TAMS 0x0000000747e00000, 0x0000000747e00000|
| 127|0x0000000747f00000, 0x0000000748000000, 0x0000000748000000|100%| E|CS|TS  0|AC  0|TAMS 0x0000000747f00000, 0x0000000747f00000|

Card table byte_map: [0x000000011de2f000,0x000000011e22f000] byte_map_base: 0x000000011a42f000

Marking Bits (Prev, Next): (CMBitMap*) 0x00007fcdd982b670, (CMBitMap*) 0x00007fcdd982b6a8
 Prev Bits: [0x000000011e62f000, 0x000000012062f000)
 Next Bits: [0x000000012062f000, 0x000000012262f000)

Polling page: 0x00000001023cf000

CodeHeap 'non-profiled nmethods': size=120032Kb used=114Kb max_used=114Kb free=119917Kb
 bounds [0x00000001160f7000, 0x0000000116367000, 0x000000011d62f000]
CodeHeap 'profiled nmethods': size=120032Kb used=628Kb max_used=628Kb free=119403Kb
 bounds [0x000000010ebbf000, 0x000000010ee2f000, 0x00000001160f7000]
CodeHeap 'non-nmethods': size=5696Kb used=1190Kb max_used=1204Kb free=4505Kb
 bounds [0x000000010e62f000, 0x000000010e89f000, 0x000000010ebbf000]
 total_blobs=866 nmethods=417 adapters=269
 compilation: enabled

Compilation events (10 events):
Event: 863.409 Thread 0x00007fcdd8850000  413       3       org.eclipse.jdt.launching.internal.org.objectweb.asm.ByteVector::put122 (93 bytes)
Event: 863.411 Thread 0x00007fcdd8850000 nmethod 413 0x000000010ec59610 code [0x000000010ec597e0, 0x000000010ec59ac8]
Event: 863.411 Thread 0x00007fcdd8850000  414       3       org.eclipse.jdt.launching.internal.org.objectweb.asm.SymbolTable::hash (15 bytes)
Event: 863.411 Thread 0x00007fcdd8850000 nmethod 414 0x000000010ec59c90 code [0x000000010ec59e60, 0x000000010ec5a138]
Event: 889.232 Thread 0x00007fcdd8850000  415       3       org.eclipse.jdt.launching.internal.org.objectweb.asm.SymbolTable$Entry::<init> (18 bytes)
Event: 889.232 Thread 0x00007fcdd8850000 nmethod 415 0x000000010ec5a290 code [0x000000010ec5a440, 0x000000010ec5a628]
Event: 929.983 Thread 0x00007fcdd8850000  417       3       org.eclipse.jdt.launching.internal.org.objectweb.asm.SymbolTable::addConstantNameAndType (137 bytes)
Event: 929.984 Thread 0x00007fcdd8850000 nmethod 417 0x000000010ec5a710 code [0x000000010ec5a980, 0x000000010ec5b4e8]
Event: 929.984 Thread 0x00007fcdd8850000  416       3       org.eclipse.jdt.launching.internal.org.objectweb.asm.MethodWriter::visitInsn (115 bytes)
Event: 929.985 Thread 0x00007fcdd8850000 nmethod 416 0x000000010ec5b990 code [0x000000010ec5bb80, 0x000000010ec5c068]

GC Heap History (0 events):
No events

Deoptimization events (1 events):
Event: 0.562 Thread 0x00007fcdd800d000 Uncommon trap: reason=unstable_if action=reinterpret pc=0x00000001160fb88c method=java.lang.String.hashCode()I @ 22 c2

Classes redefined (10 events):
Event: 725.944 Thread 0x00007fcdd8018000 redefined class name=backjoonStack.BracketValue, count=5
Event: 738.966 Thread 0x00007fcdd8018000 redefined class name=backjoonStack.BracketValue, count=6
Event: 751.133 Thread 0x00007fcdd8018000 redefined class name=backjoonStack.BracketValue, count=7
Event: 796.946 Thread 0x00007fcdd8018000 redefined class name=backjoonStack.BracketValue, count=8
Event: 828.256 Thread 0x00007fcdd8018000 redefined class name=backjoonStack.BracketValue, count=9
Event: 834.197 Thread 0x00007fcdd8018000 redefined class name=backjoonStack.BracketValue, count=10
Event: 843.841 Thread 0x00007fcdd8018000 redefined class name=backjoonStack.BracketValue, count=11
Event: 863.410 Thread 0x00007fcdd8018000 redefined class name=backjoonStack.BracketValue, count=12
Event: 889.234 Thread 0x00007fcdd8018000 redefined class name=backjoonStack.BracketValue, count=13
Event: 929.981 Thread 0x00007fcdd8018000 redefined class name=backjoonStack.BracketValue, count=14

Internal exceptions (0 events):
No events

Events (10 events):
Event: 929.990 Executing VM operation: GetFrameCount done
Event: 929.990 Executing VM operation: GetFrameLocation
Event: 929.990 Executing VM operation: GetFrameLocation done
Event: 930.008 Executing VM operation: GetFrameCount
Event: 930.008 Executing VM operation: GetFrameCount done
Event: 930.008 Executing VM operation: GetOwnedMonitorInfo
Event: 930.008 Executing VM operation: GetOwnedMonitorInfo done
Event: 930.008 Executing VM operation: GetCurrentContendedMonitor
Event: 930.008 Executing VM operation: GetCurrentContendedMonitor done
Event: 948.647 Executing VM operation: GetOrSetLocal


Dynamic libraries:
0x00007fff34150000 	/System/Library/Frameworks/Cocoa.framework/Versions/A/Cocoa
0x00007fff41938000 	/System/Library/Frameworks/Security.framework/Versions/A/Security
0x00007fff330b7000 	/System/Library/Frameworks/ApplicationServices.framework/Versions/A/ApplicationServices
0x00007fff6e590000 	/usr/lib/libz.1.dylib
0x00007fff6c054000 	/usr/lib/libSystem.B.dylib
0x00007fff34ff0000 	/System/Library/Frameworks/CoreFoundation.framework/Versions/A/CoreFoundation
0x00007fff376aa000 	/System/Library/Frameworks/Foundation.framework/Versions/C/Foundation
0x00007fff6deb4000 	/usr/lib/libobjc.A.dylib
0x00007fff322a7000 	/System/Library/Frameworks/AppKit.framework/Versions/C/AppKit
0x00007fff34ad4000 	/System/Library/Frameworks/CoreData.framework/Versions/A/CoreData
0x00007fff6606f000 	/System/Library/PrivateFrameworks/UIFoundation.framework/Versions/A/UIFoundation
0x00007fff61113000 	/System/Library/PrivateFrameworks/RemoteViewServices.framework/Versions/A/RemoteViewServices
0x00007fff68bc4000 	/System/Library/PrivateFrameworks/XCTTargetBootstrap.framework/Versions/A/XCTTargetBootstrap
0x00007fff34ebf000 	/System/Library/Frameworks/CoreDisplay.framework/Versions/A/CoreDisplay
0x00007fff3a565000 	/System/Library/Frameworks/Metal.framework/Versions/A/Metal
0x00007fff4f11f000 	/System/Library/PrivateFrameworks/DesktopServicesPriv.framework/Versions/A/DesktopServicesPriv
0x00007fff6d18f000 	/usr/lib/liblangid.dylib
0x00007fff4e3b7000 	/System/Library/PrivateFrameworks/CoreSVG.framework/Versions/A/CoreSVG
0x00007fff6426c000 	/System/Library/PrivateFrameworks/SkyLight.framework/Versions/A/SkyLight
0x00007fff35471000 	/System/Library/Frameworks/CoreGraphics.framework/Versions/A/CoreGraphics
0x00007fff30c7b000 	/System/Library/Frameworks/Accelerate.framework/Versions/A/Accelerate
0x00007fff6e481000 	/usr/lib/libxml2.2.dylib
0x00007fff5a0ac000 	/System/Library/PrivateFrameworks/IconServices.framework/Versions/A/IconServices
0x00007fff37e89000 	/System/Library/Frameworks/IOSurface.framework/Versions/A/IOSurface
0x00007fff6bb7e000 	/usr/lib/libDiagnosticMessagesClient.dylib
0x00007fff4ef79000 	/System/Library/PrivateFrameworks/DFRFoundation.framework/Versions/A/DFRFoundation
0x00007fff6cf1e000 	/usr/lib/libicucore.A.dylib
0x00007fff333e9000 	/System/Library/Frameworks/AudioToolbox.framework/Versions/A/AudioToolbox
0x00007fff334cc000 	/System/Library/Frameworks/AudioUnit.framework/Versions/A/AudioUnit
0x00007fff6c256000 	/usr/lib/libauto.dylib
0x00007fff4f01b000 	/System/Library/PrivateFrameworks/DataDetectorsCore.framework/Versions/A/DataDetectorsCore
0x00007fff33c71000 	/System/Library/Frameworks/Carbon.framework/Versions/A/Frameworks/HIToolbox.framework/Versions/A/HIToolbox
0x00007fff40b35000 	/System/Library/Frameworks/QuartzCore.framework/Versions/A/QuartzCore
0x00007fff33fb0000 	/System/Library/Frameworks/Carbon.framework/Versions/A/Frameworks/SpeechRecognition.framework/Versions/A/SpeechRecognition
0x00007fff4ea90000 	/System/Library/PrivateFrameworks/CoreUI.framework/Versions/A/CoreUI
0x00007fff3453f000 	/System/Library/Frameworks/CoreAudio.framework/Versions/A/CoreAudio
0x00007fff3736b000 	/System/Library/Frameworks/DiskArbitration.framework/Versions/A/DiskArbitration
0x00007fff5c0fa000 	/System/Library/PrivateFrameworks/MultitouchSupport.framework/Versions/A/MultitouchSupport
0x00007fff6cde5000 	/usr/lib/libenergytrace.dylib
0x00007fff37de3000 	/System/Library/Frameworks/IOKit.framework/Versions/A/IOKit
0x00007fff363d7000 	/System/Library/Frameworks/CoreServices.framework/Versions/A/CoreServices
0x00007fff5e2a9000 	/System/Library/PrivateFrameworks/PerformanceAnalysis.framework/Versions/A/PerformanceAnalysis
0x00007fff3fb68000 	/System/Library/Frameworks/OpenGL.framework/Versions/A/OpenGL
0x00007fff3415e000 	/System/Library/Frameworks/ColorSync.framework/Versions/A/ColorSync
0x00007fff35af3000 	/System/Library/Frameworks/CoreImage.framework/Versions/A/CoreImage
0x00007fff36e4a000 	/System/Library/Frameworks/CoreText.framework/Versions/A/CoreText
0x00007fff37f19000 	/System/Library/Frameworks/ImageIO.framework/Versions/A/ImageIO
0x00007fff6c33a000 	/usr/lib/libc++.1.dylib
0x00007fff6c3b6000 	/usr/lib/libcompression.dylib
0x00007fff6bec2000 	/usr/lib/libMobileGestalt.dylib
0x00007fff65de4000 	/System/Library/PrivateFrameworks/TextureIO.framework/Versions/A/TextureIO
0x00007fff6c1b9000 	/usr/lib/libate.dylib
0x00007fff5a2b5000 	/System/Library/PrivateFrameworks/InternationalSupport.framework/Versions/A/InternationalSupport
0x00007fff6ee50000 	/usr/lib/system/libcache.dylib
0x00007fff6ee56000 	/usr/lib/system/libcommonCrypto.dylib
0x00007fff6ee62000 	/usr/lib/system/libcompiler_rt.dylib
0x00007fff6ee6a000 	/usr/lib/system/libcopyfile.dylib
0x00007fff6ee74000 	/usr/lib/system/libcorecrypto.dylib
0x00007fff6f013000 	/usr/lib/system/libdispatch.dylib
0x00007fff6f054000 	/usr/lib/system/libdyld.dylib
0x00007fff6f08b000 	/usr/lib/system/libkeymgr.dylib
0x00007fff6f099000 	/usr/lib/system/liblaunch.dylib
0x00007fff6f09a000 	/usr/lib/system/libmacho.dylib
0x00007fff6f0a0000 	/usr/lib/system/libquarantine.dylib
0x00007fff6f0a3000 	/usr/lib/system/libremovefile.dylib
0x00007fff6f0a5000 	/usr/lib/system/libsystem_asl.dylib
0x00007fff6f0bd000 	/usr/lib/system/libsystem_blocks.dylib
0x00007fff6f0be000 	/usr/lib/system/libsystem_c.dylib
0x00007fff6f146000 	/usr/lib/system/libsystem_configuration.dylib
0x00007fff6f14a000 	/usr/lib/system/libsystem_coreservices.dylib
0x00007fff6f14e000 	/usr/lib/system/libsystem_darwin.dylib
0x00007fff6f157000 	/usr/lib/system/libsystem_dnssd.dylib
0x00007fff6f15f000 	/usr/lib/system/libsystem_featureflags.dylib
0x00007fff6f161000 	/usr/lib/system/libsystem_info.dylib
0x00007fff6f1dc000 	/usr/lib/system/libsystem_m.dylib
0x00007fff6f224000 	/usr/lib/system/libsystem_malloc.dylib
0x00007fff6f24c000 	/usr/lib/system/libsystem_networkextension.dylib
0x00007fff6f25a000 	/usr/lib/system/libsystem_notify.dylib
0x00007fff6f278000 	/usr/lib/system/libsystem_sandbox.dylib
0x00007fff6f27d000 	/usr/lib/system/libsystem_secinit.dylib
0x00007fff6f1af000 	/usr/lib/system/libsystem_kernel.dylib
0x00007fff6f264000 	/usr/lib/system/libsystem_platform.dylib
0x00007fff6f26d000 	/usr/lib/system/libsystem_pthread.dylib
0x00007fff6f280000 	/usr/lib/system/libsystem_symptoms.dylib
0x00007fff6f288000 	/usr/lib/system/libsystem_trace.dylib
0x00007fff6f2a0000 	/usr/lib/system/libunwind.dylib
0x00007fff6f2a6000 	/usr/lib/system/libxpc.dylib
0x00007fff6c38d000 	/usr/lib/libc++abi.dylib
0x00007fff6d191000 	/usr/lib/liblzma.5.dylib
0x00007fff6ce0c000 	/usr/lib/libfakelink.dylib
0x00007fff6c146000 	/usr/lib/libarchive.2.dylib
0x00007fff429e9000 	/System/Library/Frameworks/SystemConfiguration.framework/Versions/A/SystemConfiguration
0x00007fff6bab1000 	/usr/lib/libCRFSuite.dylib
0x00007fff33862000 	/System/Library/Frameworks/CFNetwork.framework/Versions/A/CFNetwork
0x00007fff6c31c000 	/usr/lib/libbsm.0.dylib
0x00007fff6f08c000 	/usr/lib/system/libkxld.dylib
0x00007fff48905000 	/System/Library/PrivateFrameworks/AppleFSCompression.framework/Versions/A/AppleFSCompression
0x00007fff6c6a7000 	/usr/lib/libcoretls.dylib
0x00007fff6c6be000 	/usr/lib/libcoretls_cfhelpers.dylib
0x00007fff6defa000 	/usr/lib/libpam.2.dylib
0x00007fff6e02f000 	/usr/lib/libsqlite3.dylib
0x00007fff6e46e000 	/usr/lib/libxar.1.dylib
0x00007fff6c32d000 	/usr/lib/libbz2.1.0.dylib
0x00007fff6ce2d000 	/usr/lib/libiconv.2.dylib
0x00007fff6c3a3000 	/usr/lib/libcharset.1.dylib
0x00007fff6d997000 	/usr/lib/libnetwork.dylib
0x00007fff6df01000 	/usr/lib/libpcap.A.dylib
0x00007fff6c0fb000 	/usr/lib/libapple_nghttp2.dylib
0x00007fff3678e000 	/System/Library/Frameworks/CoreServices.framework/Versions/A/Frameworks/FSEvents.framework/Versions/A/FSEvents
0x00007fff3645e000 	/System/Library/Frameworks/CoreServices.framework/Versions/A/Frameworks/CarbonCore.framework/Versions/A/CarbonCore
0x00007fff369d2000 	/System/Library/Frameworks/CoreServices.framework/Versions/A/Frameworks/Metadata.framework/Versions/A/Metadata
0x00007fff36a6b000 	/System/Library/Frameworks/CoreServices.framework/Versions/A/Frameworks/OSServices.framework/Versions/A/OSServices
0x00007fff36a99000 	/System/Library/Frameworks/CoreServices.framework/Versions/A/Frameworks/SearchKit.framework/Versions/A/SearchKit
0x00007fff363d8000 	/System/Library/Frameworks/CoreServices.framework/Versions/A/Frameworks/AE.framework/Versions/A/AE
0x00007fff36797000 	/System/Library/Frameworks/CoreServices.framework/Versions/A/Frameworks/LaunchServices.framework/Versions/A/LaunchServices
0x00007fff36740000 	/System/Library/Frameworks/CoreServices.framework/Versions/A/Frameworks/DictionaryServices.framework/Versions/A/DictionaryServices
0x00007fff36b01000 	/System/Library/Frameworks/CoreServices.framework/Versions/A/Frameworks/SharedFileList.framework/Versions/A/SharedFileList
0x00007fff3b988000 	/System/Library/Frameworks/NetFS.framework/Versions/A/NetFS
0x00007fff5c62a000 	/System/Library/PrivateFrameworks/NetAuth.framework/Versions/A/NetAuth
0x00007fff68f91000 	/System/Library/PrivateFrameworks/login.framework/Versions/A/Frameworks/loginsupport.framework/Versions/A/loginsupport
0x00007fff658af000 	/System/Library/PrivateFrameworks/TCC.framework/Versions/A/TCC
0x00007fff4d52a000 	/System/Library/PrivateFrameworks/CoreNLP.framework/Versions/A/CoreNLP
0x00007fff5bb27000 	/System/Library/PrivateFrameworks/MetadataUtilities.framework/Versions/A/MetadataUtilities
0x00007fff6d269000 	/usr/lib/libmecabra.dylib
0x00007fff6d1c1000 	/usr/lib/libmecab.dylib
0x00007fff6ce1d000 	/usr/lib/libgermantok.dylib
0x00007fff6c0e2000 	/usr/lib/libThaiTokenizer.dylib
0x00007fff6bae8000 	/usr/lib/libChineseTokenizer.dylib
0x00007fff30c93000 	/System/Library/Frameworks/Accelerate.framework/Versions/A/Frameworks/vImage.framework/Versions/A/vImage
0x00007fff320fd000 	/System/Library/Frameworks/Accelerate.framework/Versions/A/Frameworks/vecLib.framework/Versions/A/vecLib
0x00007fff3203a000 	/System/Library/Frameworks/Accelerate.framework/Versions/A/Frameworks/vecLib.framework/Versions/A/libvMisc.dylib
0x00007fff31e62000 	/System/Library/Frameworks/Accelerate.framework/Versions/A/Frameworks/vecLib.framework/Versions/A/libvDSP.dylib
0x00007fff312ea000 	/System/Library/Frameworks/Accelerate.framework/Versions/A/Frameworks/vecLib.framework/Versions/A/libBLAS.dylib
0x00007fff31a26000 	/System/Library/Frameworks/Accelerate.framework/Versions/A/Frameworks/vecLib.framework/Versions/A/libLAPACK.dylib
0x00007fff31dc2000 	/System/Library/Frameworks/Accelerate.framework/Versions/A/Frameworks/vecLib.framework/Versions/A/libLinearAlgebra.dylib
0x00007fff31e4f000 	/System/Library/Frameworks/Accelerate.framework/Versions/A/Frameworks/vecLib.framework/Versions/A/libSparseBLAS.dylib
0x00007fff31dd8000 	/System/Library/Frameworks/Accelerate.framework/Versions/A/Frameworks/vecLib.framework/Versions/A/libQuadrature.dylib
0x00007fff31552000 	/System/Library/Frameworks/Accelerate.framework/Versions/A/Frameworks/vecLib.framework/Versions/A/libBNNS.dylib
0x00007fff31dde000 	/System/Library/Frameworks/Accelerate.framework/Versions/A/Frameworks/vecLib.framework/Versions/A/libSparse.dylib
0x00007fff5a69d000 	/System/Library/PrivateFrameworks/LanguageModeling.framework/Versions/A/LanguageModeling
0x00007fff4ceda000 	/System/Library/PrivateFrameworks/CoreEmoji.framework/Versions/A/CoreEmoji
0x00007fff5a7bb000 	/System/Library/PrivateFrameworks/LinguisticData.framework/Versions/A/LinguisticData
0x00007fff5a76c000 	/System/Library/PrivateFrameworks/Lexicon.framework/Versions/A/Lexicon
0x00007fff6c3a4000 	/usr/lib/libcmph.dylib
0x00007fff3e576000 	/System/Library/Frameworks/OpenDirectory.framework/Versions/A/Frameworks/CFOpenDirectory.framework/Versions/A/CFOpenDirectory
0x00007fff3e593000 	/System/Library/Frameworks/OpenDirectory.framework/Versions/A/OpenDirectory
0x00007fff469b8000 	/System/Library/PrivateFrameworks/APFS.framework/Versions/A/APFS
0x00007fff41c82000 	/System/Library/Frameworks/SecurityFoundation.framework/Versions/A/SecurityFoundation
0x00007fff6e46a000 	/usr/lib/libutil.dylib
0x00007fff4e40f000 	/System/Library/PrivateFrameworks/CoreServicesStore.framework/Versions/A/CoreServicesStore
0x00007fff41d39000 	/System/Library/Frameworks/ServiceManagement.framework/Versions/A/ServiceManagement
0x00007fff4a0d4000 	/System/Library/PrivateFrameworks/BackgroundTaskManagement.framework/Versions/A/BackgroundTaskManagement
0x00007fff6e567000 	/usr/lib/libxslt.1.dylib
0x00007fff48f78000 	/System/Library/PrivateFrameworks/AppleSystemInfo.framework/Versions/A/AppleSystemInfo
0x00007fff38134000 	/System/Library/Frameworks/ImageIO.framework/Versions/A/Resources/libJPEG.dylib
0x00007fff383f0000 	/System/Library/Frameworks/ImageIO.framework/Versions/A/Resources/libTIFF.dylib
0x00007fff383d3000 	/System/Library/Frameworks/ImageIO.framework/Versions/A/Resources/libPng.dylib
0x00007fff38076000 	/System/Library/Frameworks/ImageIO.framework/Versions/A/Resources/libGIF.dylib
0x00007fff3807a000 	/System/Library/Frameworks/ImageIO.framework/Versions/A/Resources/libJP2.dylib
0x00007fff383ee000 	/System/Library/Frameworks/ImageIO.framework/Versions/A/Resources/libRadiance.dylib
0x00007fff6cde6000 	/usr/lib/libexpat.1.dylib
0x00007fff48a60000 	/System/Library/PrivateFrameworks/AppleJPEG.framework/Versions/A/AppleJPEG
0x00007fff5170e000 	/System/Library/PrivateFrameworks/FontServices.framework/libFontParser.dylib
0x00007fff67f96000 	/System/Library/PrivateFrameworks/WatchdogClient.framework/Versions/A/WatchdogClient
0x00007fff59cf8000 	/System/Library/PrivateFrameworks/IOAccelerator.framework/Versions/A/IOAccelerator
0x00007fff3a900000 	/System/Library/Frameworks/MetalPerformanceShaders.framework/Versions/A/MetalPerformanceShaders
0x00007fff5648f000 	/System/Library/PrivateFrameworks/GPUWrangler.framework/Versions/A/GPUWrangler
0x00007fff59d0d000 	/System/Library/PrivateFrameworks/IOPresentment.framework/Versions/A/IOPresentment
0x00007fff4ef8c000 	/System/Library/PrivateFrameworks/DSExternalDisplay.framework/Versions/A/DSExternalDisplay
0x00007fff3ef07000 	/System/Library/Frameworks/OpenGL.framework/Versions/A/Libraries/libCoreFSCache.dylib
0x00007fff3a64c000 	/System/Library/Frameworks/MetalPerformanceShaders.framework/Frameworks/MPSCore.framework/Versions/A/MPSCore
0x00007fff3a68a000 	/System/Library/Frameworks/MetalPerformanceShaders.framework/Frameworks/MPSImage.framework/Versions/A/MPSImage
0x00007fff3a751000 	/System/Library/Frameworks/MetalPerformanceShaders.framework/Frameworks/MPSNeuralNetwork.framework/Versions/A/MPSNeuralNetwork
0x00007fff3a715000 	/System/Library/Frameworks/MetalPerformanceShaders.framework/Frameworks/MPSMatrix.framework/Versions/A/MPSMatrix
0x00007fff3a8b0000 	/System/Library/Frameworks/MetalPerformanceShaders.framework/Frameworks/MPSRayIntersector.framework/Versions/A/MPSRayIntersector
0x00007fff3a73b000 	/System/Library/Frameworks/MetalPerformanceShaders.framework/Frameworks/MPSNDArray.framework/Versions/A/MPSNDArray
0x00007fff5bb74000 	/System/Library/PrivateFrameworks/MetalTools.framework/Versions/A/MetalTools
0x00007fff47b8d000 	/System/Library/PrivateFrameworks/AggregateDictionary.framework/Versions/A/AggregateDictionary
0x00007fff4c924000 	/System/Library/PrivateFrameworks/CoreAnalytics.framework/Versions/A/CoreAnalytics
0x00007fff48e97000 	/System/Library/PrivateFrameworks/AppleSauce.framework/Versions/A/AppleSauce
0x00007fff6bda4000 	/usr/lib/libIOReport.dylib
0x00007fff37002000 	/System/Library/Frameworks/CoreVideo.framework/Versions/A/CoreVideo
0x00007fff57909000 	/System/Library/PrivateFrameworks/GraphVisualizer.framework/Versions/A/GraphVisualizer
0x00007fff50c55000 	/System/Library/PrivateFrameworks/FaceCore.framework/Versions/A/FaceCore
0x00007fff3e51d000 	/System/Library/Frameworks/OpenCL.framework/Versions/A/OpenCL
0x00007fff6bbc6000 	/usr/lib/libFosl_dynamic.dylib
0x00007fff5d04a000 	/System/Library/PrivateFrameworks/OTSVG.framework/Versions/A/OTSVG
0x00007fff331bc000 	/System/Library/Frameworks/ApplicationServices.framework/Versions/A/Frameworks/ATS.framework/Versions/A/Resources/libFontRegistry.dylib
0x00007fff518e0000 	/System/Library/PrivateFrameworks/FontServices.framework/libhvf.dylib
0x00007fff3ef12000 	/System/Library/Frameworks/OpenGL.framework/Versions/A/Libraries/libGFXShared.dylib
0x00007fff3f0f0000 	/System/Library/Frameworks/OpenGL.framework/Versions/A/Libraries/libGLU.dylib
0x00007fff3ef1b000 	/System/Library/Frameworks/OpenGL.framework/Versions/A/Libraries/libGL.dylib
0x00007fff3ef26000 	/System/Library/Frameworks/OpenGL.framework/Versions/A/Libraries/libGLImage.dylib
0x00007fff3ef04000 	/System/Library/Frameworks/OpenGL.framework/Versions/A/Libraries/libCVMSPluginSupport.dylib
0x00007fff3ef0d000 	/System/Library/Frameworks/OpenGL.framework/Versions/A/Libraries/libCoreVMClient.dylib
0x00007fff6d838000 	/usr/lib/libncurses.5.4.dylib
0x00007fff330b8000 	/System/Library/Frameworks/ApplicationServices.framework/Versions/A/Frameworks/ATS.framework/Versions/A/ATS
0x00007fff33285000 	/System/Library/Frameworks/ApplicationServices.framework/Versions/A/Frameworks/ColorSyncLegacy.framework/Versions/A/ColorSyncLegacy
0x00007fff33323000 	/System/Library/Frameworks/ApplicationServices.framework/Versions/A/Frameworks/HIServices.framework/Versions/A/HIServices
0x00007fff3337b000 	/System/Library/Frameworks/ApplicationServices.framework/Versions/A/Frameworks/LangAnalysis.framework/Versions/A/LangAnalysis
0x00007fff3338a000 	/System/Library/Frameworks/ApplicationServices.framework/Versions/A/Frameworks/PrintCore.framework/Versions/A/PrintCore
0x00007fff333d0000 	/System/Library/Frameworks/ApplicationServices.framework/Versions/A/Frameworks/QD.framework/Versions/A/QD
0x00007fff333db000 	/System/Library/Frameworks/ApplicationServices.framework/Versions/A/Frameworks/SpeechSynthesis.framework/Versions/A/SpeechSynthesis
0x00007fff33255000 	/System/Library/Frameworks/ApplicationServices.framework/Versions/A/Frameworks/ATSUI.framework/Versions/A/ATSUI
0x00007fff6cc7c000 	/usr/lib/libcups.2.dylib
0x00007fff3999b000 	/System/Library/Frameworks/Kerberos.framework/Versions/A/Kerberos
0x00007fff37adc000 	/System/Library/Frameworks/GSS.framework/Versions/A/GSS
0x00007fff6dfbb000 	/usr/lib/libresolv.9.dylib
0x00007fff57ab6000 	/System/Library/PrivateFrameworks/Heimdal.framework/Versions/A/Heimdal
0x00007fff399ae000 	/System/Library/Frameworks/Kerberos.framework/Versions/A/Libraries/libHeimdalProxy.dylib
0x00007fff6ce23000 	/usr/lib/libheimdal-asn1.dylib
0x00007fff4bdbf000 	/System/Library/PrivateFrameworks/CommonAuth.framework/Versions/A/CommonAuth
0x00007fff49015000 	/System/Library/PrivateFrameworks/AssertionServices.framework/Versions/A/AssertionServices
0x00007fff49bb7000 	/System/Library/PrivateFrameworks/AudioToolboxCore.framework/Versions/A/AudioToolboxCore
0x00007fff68c41000 	/System/Library/PrivateFrameworks/caulk.framework/Versions/A/caulk
0x00007fff4a180000 	/System/Library/PrivateFrameworks/BaseBoard.framework/Versions/A/BaseBoard
0x00007fff612a1000 	/System/Library/PrivateFrameworks/RunningBoardServices.framework/Versions/A/RunningBoardServices
0x00007fff5e2b5000 	/System/Library/PrivateFrameworks/PersistentConnection.framework/Versions/A/PersistentConnection
0x00007fff60c9b000 	/System/Library/PrivateFrameworks/ProtocolBuffer.framework/Versions/A/ProtocolBuffer
0x00007fff4bde3000 	/System/Library/PrivateFrameworks/CommonUtilities.framework/Versions/A/CommonUtilities
0x00007fff4a30e000 	/System/Library/PrivateFrameworks/Bom.framework/Versions/A/Bom
0x00007fff6ba77000 	/usr/lib/libAudioToolboxUtility.dylib
0x00007fff4a0de000 	/System/Library/PrivateFrameworks/Backup.framework/Versions/A/Backup
0x00007fff4eead000 	/System/Library/PrivateFrameworks/CrashReporterSupport.framework/Versions/A/CrashReporterSupport
0x00007fff62d32000 	/System/Library/PrivateFrameworks/Sharing.framework/Versions/A/Sharing
0x00007fff48623000 	/System/Library/PrivateFrameworks/Apple80211.framework/Versions/A/Apple80211
0x00007fff49dfb000 	/System/Library/PrivateFrameworks/AuthKit.framework/Versions/A/AuthKit
0x00007fff4ebbd000 	/System/Library/PrivateFrameworks/CoreUtils.framework/Versions/A/CoreUtils
0x00007fff37047000 	/System/Library/Frameworks/CoreWLAN.framework/Versions/A/CoreWLAN
0x00007fff37c69000 	/System/Library/Frameworks/IOBluetooth.framework/Versions/A/IOBluetooth
0x00007fff5be79000 	/System/Library/PrivateFrameworks/MobileKeyBag.framework/Versions/A/MobileKeyBag
0x00007fff4d9c2000 	/System/Library/PrivateFrameworks/CorePhoneNumbers.framework/Versions/A/CorePhoneNumbers
0x00007fff48a13000 	/System/Library/PrivateFrameworks/AppleIDAuthSupport.framework/Versions/A/AppleIDAuthSupport
0x00007fff3b995000 	/System/Library/Frameworks/Network.framework/Versions/A/Network
0x00007fff5a549000 	/System/Library/PrivateFrameworks/KeychainCircle.framework/Versions/A/KeychainCircle
0x00007fff34a9b000 	/System/Library/Frameworks/CoreBluetooth.framework/Versions/A/CoreBluetooth
0x00007fff64daf000 	/System/Library/PrivateFrameworks/SpeechRecognitionCore.framework/Versions/A/SpeechRecognitionCore
0x00007fff28091000 	/System/Library/CoreServices/Encodings/libKoreanConverter.dylib
0x0000000102c00000 	/Library/Java/JavaVirtualMachines/jdk-9.0.4.jdk/Contents/Home/lib/server/libjvm.dylib
0x00007fff6e33d000 	/usr/lib/libstdc++.6.dylib
0x00000001023c1000 	/Library/Java/JavaVirtualMachines/jdk-9.0.4.jdk/Contents/Home/lib/libverify.dylib
0x00000001038a3000 	/Library/Java/JavaVirtualMachines/jdk-9.0.4.jdk/Contents/Home/lib/libjava.dylib
0x00000001038d7000 	/Library/Java/JavaVirtualMachines/jdk-9.0.4.jdk/Contents/Home/lib/libjdwp.dylib
0x00000001023d0000 	/Library/Java/JavaVirtualMachines/jdk-9.0.4.jdk/Contents/Home/lib/libinstrument.dylib
0x00000001023f3000 	/Library/Java/JavaVirtualMachines/jdk-9.0.4.jdk/Contents/Home/lib/libzip.dylib
0x0000000103954000 	/Library/Java/JavaVirtualMachines/jdk-9.0.4.jdk/Contents/Home/lib/libjimage.dylib
0x000000010e31a000 	/Library/Java/JavaVirtualMachines/jdk-9.0.4.jdk/Contents/Home/lib/libnio.dylib
0x000000010e32a000 	/Library/Java/JavaVirtualMachines/jdk-9.0.4.jdk/Contents/Home/lib/libnet.dylib
0x000000010e341000 	/Library/Java/JavaVirtualMachines/jdk-9.0.4.jdk/Contents/Home/lib/libdt_socket.dylib

VM Arguments:
jvm_args: -agentlib:jdwp=transport=dt_socket,suspend=y,address=localhost:62665 -javaagent:/Applications/Eclipse.app/Contents/Eclipse/configuration/org.eclipse.osgi/404/0/.cp/lib/javaagent-shaded.jar -Dfile.encoding=UTF-8 
java_command: backjoonStack.BracketValue
java_class_path (initial): /Users/j.hyeong/eclipse-workspace/backjoon/bin
Launcher Type: SUN_STANDARD

Logging:
Log output configuration:
#0: stdout all=warning uptime,level,tags
#1: stderr all=off uptime,level,tags

Environment Variables:
PATH=/usr/bin:/bin:/usr/sbin:/sbin
SHELL=/bin/bash

Signal Handlers:
SIGSEGV: [libjvm.dylib+0x73f3dc], sa_mask[0]=11111111011111110111111111111111, sa_flags=SA_ONSTACK|SA_RESTART|SA_SIGINFO
SIGBUS: [libjvm.dylib+0x73f3dc], sa_mask[0]=11111111011111110111111111111111, sa_flags=SA_RESTART|SA_SIGINFO
SIGFPE: [libjvm.dylib+0x73f3dc], sa_mask[0]=11111111011111110111111111111111, sa_flags=SA_RESTART|SA_SIGINFO
SIGPIPE: [libjvm.dylib+0x5f233c], sa_mask[0]=11111111011111110111111111111111, sa_flags=SA_RESTART|SA_SIGINFO
SIGXFSZ: [libjvm.dylib+0x5f233c], sa_mask[0]=11111111011111110111111111111111, sa_flags=SA_RESTART|SA_SIGINFO
SIGILL: [libjvm.dylib+0x73f3dc], sa_mask[0]=11111111011111110111111111111111, sa_flags=SA_RESTART|SA_SIGINFO
SIGUSR2: [libjvm.dylib+0x5f2bcc], sa_mask[0]=00100000000000000000000000000000, sa_flags=SA_RESTART|SA_SIGINFO
SIGHUP: [libjvm.dylib+0x5f1409], sa_mask[0]=11111111011111110111111111111111, sa_flags=SA_RESTART|SA_SIGINFO
SIGINT: [libjvm.dylib+0x5f1409], sa_mask[0]=11111111011111110111111111111111, sa_flags=SA_RESTART|SA_SIGINFO
SIGTERM: [libjvm.dylib+0x5f1409], sa_mask[0]=11111111011111110111111111111111, sa_flags=SA_RESTART|SA_SIGINFO
SIGQUIT: [libjvm.dylib+0x5f1409], sa_mask[0]=11111111011111110111111111111111, sa_flags=SA_RESTART|SA_SIGINFO


---------------  S Y S T E M  ---------------

OS:uname:Darwin 19.5.0 Darwin Kernel Version 19.5.0: Tue May 26 20:41:44 PDT 2020; root:xnu-6153.121.2~2/RELEASE_X86_64 x86_64
rlimit: STACK 8192k, CORE 0k, NPROC 1392, NOFILE 10240, AS infinity
load average:2.53 3.01 2.90

CPU:total 4 (initial active 4) (2 cores per cpu, 2 threads per core) family 6 model 142 stepping 9, cmov, cx8, fxsr, mmx, sse, sse2, sse3, ssse3, sse4.1, sse4.2, popcnt, avx, avx2, aes, clmul, erms, rtm, 3dnowpref, lzcnt, ht, tsc, tscinvbit, bmi1, bmi2, adx, fma

Memory: 4k page, physical 8388608k(380384k free)

vm_info: Java HotSpot(TM) 64-Bit Server VM (9.0.4+11) for bsd-amd64 JRE (9.0.4+11), built on Dec 20 2017 02:08:50 by "mach5one" with gcc 4.2.1 Compatible Apple LLVM 6.1.0 (clang-602.0.49)

END.
