#
# A fatal error has been detected by the Java Runtime Environment:
#
#  SIGSEGV (0xb) at pc=0x00000001013ff56a, pid=18409, tid=12291
#
# JRE version: Java(TM) SE Runtime Environment (9.0+11) (build 9.0.4+11)
# Java VM: Java HotSpot(TM) 64-Bit Server VM (9.0.4+11, mixed mode, tiered, compressed oops, g1 gc, bsd-amd64)
# Problematic frame:
# V  [libjvm.dylib+0x1ff56a]  PerfClassTraceTime::initialize()+0x3a
#
# No core dump will be written. Core dumps have been disabled. To enable core dumping, try "ulimit -c unlimited" before starting Java again
#
# If you would like to submit a bug report, please visit:
#   http://bugreport.java.com/bugreport/crash.jsp
#

---------------  S U M M A R Y ------------

Command Line: -agentlib:jdwp=transport=dt_socket,suspend=y,address=localhost:55288 -javaagent:/Applications/Eclipse.app/Contents/Eclipse/configuration/org.eclipse.osgi/404/0/.cp/lib/javaagent-shaded.jar -Dfile.encoding=UTF-8 backjoonBfsDfs.BfsLaserPoint

Host: MacBookPro14,1 x86_64 2300 MHz, 4 cores, 8G, Darwin 19.4.0
Time: Sat Apr 18 16:02:00 2020 KST elapsed time: 636 seconds (0d 0h 10m 36s)

---------------  T H R E A D  ---------------

Current thread (0x00007f7f0280c800):  VMThread "VM Thread" [stack: 0x00007000095f5000,0x00007000096f5000] [id=12291]

Stack: [0x00007000095f5000,0x00007000096f5000],  sp=0x00007000096f3f10,  free space=1019k
Native frames: (J=compiled Java code, A=aot compiled Java code, j=interpreted, Vv=VM code, C=native code)
V  [libjvm.dylib+0x1ff56a]  PerfClassTraceTime::initialize()+0x3a
V  [libjvm.dylib+0x386b24]  InstanceKlass::link_class_impl(instanceKlassHandle, bool, Thread*)+0x25c
V  [libjvm.dylib+0x387536]  InstanceKlass::link_class(Thread*)+0x3e
V  [libjvm.dylib+0x386d8e]  InstanceKlass::initialize_impl(instanceKlassHandle, Thread*)+0x2e
V  [libjvm.dylib+0x386d4c]  InstanceKlass::initialize(Thread*)+0x3a
V  [libjvm.dylib+0x2e2945]  Exceptions::new_exception(Thread*, Symbol*, Symbol*, JavaCallArguments*, Handle, Handle)+0x51
V  [libjvm.dylib+0x2e2cc0]  Exceptions::new_exception(Thread*, Symbol*, Symbol*, JavaCallArguments*, Handle, Handle, Handle)+0x36
V  [libjvm.dylib+0x2e26c7]  Exceptions::new_exception(Thread*, Symbol*, char const*, Handle, Handle, Handle, Exceptions::ExceptionMsgToUtf8Mode)+0x17b
V  [libjvm.dylib+0x2e2dcc]  Exceptions::new_exception(Thread*, Symbol*, char const*, Exceptions::ExceptionMsgToUtf8Mode)+0x18
V  [libjvm.dylib+0x34feec]  GenerateOopMap::verify_error(char const*, ...)+0xe2
V  [libjvm.dylib+0x34ff64]  GenerateOopMap::get_var(int)+0x16
V  [libjvm.dylib+0x351957]  GenerateOopMap::ppload(CellTypeState*, int)+0x29
V  [libjvm.dylib+0x3506d9]  GenerateOopMap::interp_bb(BasicBlock*)+0x105
V  [libjvm.dylib+0x3503ef]  GenerateOopMap::interp_all()+0x53
V  [libjvm.dylib+0x3500d5]  GenerateOopMap::do_interpretation()+0x4b
V  [libjvm.dylib+0x352617]  GenerateOopMap::compute_map(Thread*)+0x16b
V  [libjvm.dylib+0x5e8c48]  OopMapForCacheEntry::compute_map(Thread*)+0x60
V  [libjvm.dylib+0x5e93ac]  OopMapCacheEntry::fill(methodHandle, int)+0xe0
V  [libjvm.dylib+0x5e9a7b]  OopMapCache::compute_one_oop_map(methodHandle const&, int, InterpreterOopMap*)+0x12b
V  [libjvm.dylib+0x5e98a7]  OopMapCache::lookup(methodHandle const&, int, InterpreterOopMap*) const+0xa3
V  [libjvm.dylib+0x5b2be7]  Method::mask_for(int, InterpreterOopMap*)+0x61
V  [libjvm.dylib+0x4a7431]  VM_GetOrSetLocal::doit()+0x49
V  [libjvm.dylib+0x747827]  VM_Operation::evaluate()+0x8d
V  [libjvm.dylib+0x746e9c]  VMThread::evaluate_operation(VM_Operation*)+0xda
V  [libjvm.dylib+0x746b8e]  VMThread::loop()+0x2f6
V  [libjvm.dylib+0x7467b9]  VMThread::run()+0x75
V  [libjvm.dylib+0x5f02f3]  thread_native_entry(Thread*)+0x12b
C  [libsystem_pthread.dylib+0x6109]  _pthread_start+0x94
C  [libsystem_pthread.dylib+0x1b8b]  thread_start+0xf


siginfo: si_signo: 11 (SIGSEGV), si_code: 1 (SEGV_MAPERR), si_addr: 0x0000000000000090

Register to memory mapping:

RAX=0x0000000101f78b08 is an unknown value
RBX=0x0000000000000000 is an unknown value
RCX=0x00007f7f01f059f0 is an unknown value
RDX=0x00007f7f01f05ab0 is an unknown value
RSP=0x00007000096f3f10 is an unknown value
RBP=0x00007000096f3f30 is an unknown value
RSI=0x0000000000000080 is an unknown value
RDI=0x0000000000000080 is an unknown value
R8 =0x00007f7f01f41380 is an unknown value
R9 =0x0000000000000000 is an unknown value
R10=0x0000000000000000 is an unknown value
R11=0x000000010199c1d4: __cxx_global_var_init5+0x377c4 in /Library/Java/JavaVirtualMachines/jdk-9.0.4.jdk/Contents/Home/lib/server/libjvm.dylib at 0x0000000101200000
R12=0x00000007c00044d8 is pointing into metadata
R13=0x00000007c0002b01 is pointing into metadata
R14=0x00007000096f3fb0 is an unknown value
R15=0x0000000000000000 is an unknown value


Registers:
RAX=0x0000000101f78b08, RBX=0x0000000000000000, RCX=0x00007f7f01f059f0, RDX=0x00007f7f01f05ab0
RSP=0x00007000096f3f10, RBP=0x00007000096f3f30, RSI=0x0000000000000080, RDI=0x0000000000000080
R8 =0x00007f7f01f41380, R9 =0x0000000000000000, R10=0x0000000000000000, R11=0x000000010199c1d4
R12=0x00000007c00044d8, R13=0x00000007c0002b01, R14=0x00007000096f3fb0, R15=0x0000000000000000
RIP=0x00000001013ff56a, EFLAGS=0x0000000000010246, ERR=0x0000000000000004
  TRAPNO=0x000000000000000e

Top of Stack: (sp=0x00007000096f3f10)
0x00007000096f3f10:   00007f7f01f05990 00000007c00044d8
0x00007000096f3f20:   0000000000000001 00007f7f0280c800
0x00007000096f3f30:   00007000096f4020 0000000101586b24
0x00007000096f3f40:   0000000000000000 00000007c00044d8
0x00007000096f3f50:   0000000100000000 0000000000000000
0x00007000096f3f60:   00000001239b6088 0000000000000000
0x00007000096f3f70:   0000000000000000 0000000000000000
0x00007000096f3f80:   0000000000000000 0000000000000000
0x00007000096f3f90:   0000000000000000 0000000000000000
0x00007000096f3fa0:   0000000000000000 0000000000000000
0x00007000096f3fb0:   0000000000000000 0000000000000000
0x00007000096f3fc0:   0000000000000000 00007f7f01f05990
0x00007000096f3fd0:   00007f7f01f059f0 00007f7f01f05ab0
0x00007000096f3fe0:   0000000000000064 0000000000000080
0x00007000096f3ff0:   ffffffff00000002 00000007c00044d8
0x00007000096f4000:   00000007c00044d8 6628f876cbf2004e
0x00007000096f4010:   00007f7f0280c800 00007000096f4030
0x00007000096f4020:   00007000096f4080 0000000101587536
0x00007000096f4030:   00007f7f0280c800 00007f7f01d10740
0x00007000096f4040:   00007f7f01d10780 00007f7f01d10798
0x00007000096f4050:   00007f7f01d10868 00000000000000d8
0x00007000096f4060:   00007000096f41a0 00007f7f0280c800
0x00007000096f4070:   00000007c00044d8 00007000096f41a0
0x00007000096f4080:   00007000096f4190 0000000101586d8e
0x00007000096f4090:   00007000096f40b0 0000000101903058
0x00007000096f40a0:   0000000000000016 0000000000000000
0x00007000096f40b0:   00007000096f40d0 00000001014cc343
0x00007000096f40c0:   0000000107a48f90 00007f7f0280c800
0x00007000096f40d0:   00007000096f41c0 00000001018c8875
0x00007000096f40e0:   00007f7f0280c800 0000000000000000
0x00007000096f40f0:   0000000000000000 0000000000000000
0x00007000096f4100:   00007000096f4110 000000010152c910 

Instructions: (pc=0x00000001013ff56a)
0x00000001013ff54a:   8b 46 28 48 85 c0 74 07 48 8b 40 28 48 ff 00 41
0x00000001013ff55a:   c7 46 44 ff ff ff ff 45 31 ff 31 db 49 8b 7e 38
0x00000001013ff56a:   42 80 7c 3f 10 00 74 0c 41 89 5e 44 4c 01 ff e8
0x00000001013ff57a:   5c 3e 50 00 48 ff c3 49 83 c7 18 48 83 fb 06 75 

VM_Operation (0x000070000a115aa8): GetOrSetLocal, mode: safepoint, requested by thread 0x00007f7f03911000


---------------  P R O C E S S  ---------------

Java Threads: ( => current thread )
  0x00007f7f02066800 JavaThread "Service Thread" daemon [_thread_blocked, id=41731, stack(0x000070000a31f000,0x000070000a41f000)]
  0x00007f7f03912800 JavaThread "JDWP Command Reader" daemon [_thread_in_native, id=23811, stack(0x000070000a21c000,0x000070000a31c000)]
  0x00007f7f03911800 JavaThread "JDWP Event Helper Thread" daemon [_thread_blocked, id=41987, stack(0x000070000a119000,0x000070000a219000)]
  0x00007f7f03911000 JavaThread "JDWP Transport Listener: dt_socket" daemon [_thread_blocked, id=23047, stack(0x000070000a016000,0x000070000a116000)]
  0x00007f7f038c6000 JavaThread "Common-Cleaner" daemon [_thread_blocked, id=22787, stack(0x0000700009f13000,0x000070000a013000)]
  0x00007f7f03899000 JavaThread "Sweeper thread" daemon [_thread_blocked, id=42755, stack(0x0000700009e10000,0x0000700009f10000)]
  0x00007f7f03898000 JavaThread "C1 CompilerThread2" daemon [_thread_blocked, id=22531, stack(0x0000700009d0d000,0x0000700009e0d000)]
  0x00007f7f03897000 JavaThread "C2 CompilerThread1" daemon [_thread_blocked, id=22275, stack(0x0000700009c0a000,0x0000700009d0a000)]
  0x00007f7f0300a800 JavaThread "C2 CompilerThread0" daemon [_thread_blocked, id=21763, stack(0x0000700009b07000,0x0000700009c07000)]
  0x00007f7f03896800 JavaThread "Signal Dispatcher" daemon [_thread_blocked, id=15107, stack(0x0000700009a04000,0x0000700009b04000)]
  0x00007f7f03883800 JavaThread "Finalizer" daemon [_thread_blocked, id=12803, stack(0x00007000097fb000,0x00007000098fb000)]
  0x00007f7f0387d000 JavaThread "Reference Handler" daemon [_thread_blocked, id=17411, stack(0x00007000096f8000,0x00007000097f8000)]
  0x00007f7f03009000 JavaThread "main" [_thread_blocked, id=2819, stack(0x00007000089d1000,0x0000700008ad1000)]

Other Threads:
=>0x00007f7f0280c800 VMThread "VM Thread" [stack: 0x00007000095f5000,0x00007000096f5000] [id=12291]
  0x00007f7f0202e000 WatcherThread [stack: 0x000070000a422000,0x000070000a522000] [id=24323]
  0x00007f7f03818000 GCTaskThread "GC Thread#0" [stack: 0x0000700008ad4000,0x0000700008bd4000] [id=7939]
  0x00007f7f03819000 GCTaskThread "GC Thread#1" [stack: 0x0000700008bd7000,0x0000700008cd7000] [id=10755]
  0x00007f7f03819800 GCTaskThread "GC Thread#2" [stack: 0x0000700008cda000,0x0000700008dda000] [id=21251]
  0x00007f7f0381a000 GCTaskThread "GC Thread#3" [stack: 0x0000700008ddd000,0x0000700008edd000] [id=20995]
  0x00007f7f03830000 ConcurrentGCThread "G1 Main Marker" [stack: 0x00007000093ef000,0x00007000094ef000] [id=18435]
  0x00007f7f03831000 ConcurrentGCThread "G1 Marker#0" [stack: 0x00007000094f2000,0x00007000095f2000] [id=12035]
  0x00007f7f0381d000 ConcurrentGCThread "G1 Refine#0" [stack: 0x00007000091e9000,0x00007000092e9000] [id=19459]
  0x00007f7f0381c000 ConcurrentGCThread "G1 Refine#1" [stack: 0x00007000090e6000,0x00007000091e6000] [id=11267]
  0x00007f7f0381b800 ConcurrentGCThread "G1 Refine#2" [stack: 0x0000700008fe3000,0x00007000090e3000] [id=19971]
  0x00007f7f0381a800 ConcurrentGCThread "G1 Refine#3" [stack: 0x0000700008ee0000,0x0000700008fe0000] [id=20483]
  0x00007f7f0381d800 ConcurrentGCThread "G1 Young RemSet Sampling" [stack: 0x00007000092ec000,0x00007000093ec000] [id=18947]

Threads with active compile tasks:

VM state:at safepoint (normal execution)

VM Mutex/Monitor currently owned by a thread:  ([mutex/lock_event])
[0x00007f7f01c0cfb0] Threads_lock - owner thread: 0x00007f7f0280c800

Heap address: 0x0000000740000000, size: 2048 MB, Compressed Oops mode: Zero based, Oop shift amount: 3
Narrow klass base: 0x0000000000000000, Narrow klass shift: 3
Compressed class space size: 1073741824 Address: 0x00000007c0000000

Heap:
 garbage-first heap   total 131072K, used 7168K [0x0000000740000000, 0x0000000740100400, 0x00000007c0000000)
  region size 1024K, 8 young (8192K), 0 survivors (0K)
 Metaspace       used 8184K, capacity 8302K, committed 8448K, reserved 1056768K
  class space    used 710K, capacity 763K, committed 768K, reserved 1048576K
Heap Regions: E=young(eden), S=young(survivor), O=old, HS=humongous(starts), HC=humongous(continues), CS=collection set, F=free, A=archive, TS=gc time stamp, AC=allocation context, TAMS=top-at-mark-start (previous, next)
|   0|0x0000000740000000, 0x0000000740000000, 0x0000000740100000|  0%| F|  |TS  0|AC  0|TAMS 0x0000000740000000, 0x0000000740000000|
|   1|0x0000000740100000, 0x0000000740100000, 0x0000000740200000|  0%| F|  |TS  0|AC  0|TAMS 0x0000000740100000, 0x0000000740100000|
|   2|0x0000000740200000, 0x0000000740200000, 0x0000000740300000|  0%| F|  |TS  0|AC  0|TAMS 0x0000000740200000, 0x0000000740200000|
|   3|0x0000000740300000, 0x0000000740300000, 0x0000000740400000|  0%| F|  |TS  0|AC  0|TAMS 0x0000000740300000, 0x0000000740300000|
|   4|0x0000000740400000, 0x0000000740400000, 0x0000000740500000|  0%| F|  |TS  0|AC  0|TAMS 0x0000000740400000, 0x0000000740400000|
|   5|0x0000000740500000, 0x0000000740500000, 0x0000000740600000|  0%| F|  |TS  0|AC  0|TAMS 0x0000000740500000, 0x0000000740500000|
|   6|0x0000000740600000, 0x0000000740600000, 0x0000000740700000|  0%| F|  |TS  0|AC  0|TAMS 0x0000000740600000, 0x0000000740600000|
|   7|0x0000000740700000, 0x0000000740700000, 0x0000000740800000|  0%| F|  |TS  0|AC  0|TAMS 0x0000000740700000, 0x0000000740700000|
|   8|0x0000000740800000, 0x0000000740800000, 0x0000000740900000|  0%| F|  |TS  0|AC  0|TAMS 0x0000000740800000, 0x0000000740800000|
|   9|0x0000000740900000, 0x0000000740900000, 0x0000000740a00000|  0%| F|  |TS  0|AC  0|TAMS 0x0000000740900000, 0x0000000740900000|
|  10|0x0000000740a00000, 0x0000000740a00000, 0x0000000740b00000|  0%| F|  |TS  0|AC  0|TAMS 0x0000000740a00000, 0x0000000740a00000|
|  11|0x0000000740b00000, 0x0000000740b00000, 0x0000000740c00000|  0%| F|  |TS  0|AC  0|TAMS 0x0000000740b00000, 0x0000000740b00000|
|  12|0x0000000740c00000, 0x0000000740c00000, 0x0000000740d00000|  0%| F|  |TS  0|AC  0|TAMS 0x0000000740c00000, 0x0000000740c00000|
|  13|0x0000000740d00000, 0x0000000740d00000, 0x0000000740e00000|  0%| F|  |TS  0|AC  0|TAMS 0x0000000740d00000, 0x0000000740d00000|
|  14|0x0000000740e00000, 0x0000000740e00000, 0x0000000740f00000|  0%| F|  |TS  0|AC  0|TAMS 0x0000000740e00000, 0x0000000740e00000|
|  15|0x0000000740f00000, 0x0000000740f00000, 0x0000000741000000|  0%| F|  |TS  0|AC  0|TAMS 0x0000000740f00000, 0x0000000740f00000|
|  16|0x0000000741000000, 0x0000000741000000, 0x0000000741100000|  0%| F|  |TS  0|AC  0|TAMS 0x0000000741000000, 0x0000000741000000|
|  17|0x0000000741100000, 0x0000000741100000, 0x0000000741200000|  0%| F|  |TS  0|AC  0|TAMS 0x0000000741100000, 0x0000000741100000|
|  18|0x0000000741200000, 0x0000000741200000, 0x0000000741300000|  0%| F|  |TS  0|AC  0|TAMS 0x0000000741200000, 0x0000000741200000|
|  19|0x0000000741300000, 0x0000000741300000, 0x0000000741400000|  0%| F|  |TS  0|AC  0|TAMS 0x0000000741300000, 0x0000000741300000|
|  20|0x0000000741400000, 0x0000000741400000, 0x0000000741500000|  0%| F|  |TS  0|AC  0|TAMS 0x0000000741400000, 0x0000000741400000|
|  21|0x0000000741500000, 0x0000000741500000, 0x0000000741600000|  0%| F|  |TS  0|AC  0|TAMS 0x0000000741500000, 0x0000000741500000|
|  22|0x0000000741600000, 0x0000000741600000, 0x0000000741700000|  0%| F|  |TS  0|AC  0|TAMS 0x0000000741600000, 0x0000000741600000|
|  23|0x0000000741700000, 0x0000000741700000, 0x0000000741800000|  0%| F|  |TS  0|AC  0|TAMS 0x0000000741700000, 0x0000000741700000|
|  24|0x0000000741800000, 0x0000000741800000, 0x0000000741900000|  0%| F|  |TS  0|AC  0|TAMS 0x0000000741800000, 0x0000000741800000|
|  25|0x0000000741900000, 0x0000000741900000, 0x0000000741a00000|  0%| F|  |TS  0|AC  0|TAMS 0x0000000741900000, 0x0000000741900000|
|  26|0x0000000741a00000, 0x0000000741a00000, 0x0000000741b00000|  0%| F|  |TS  0|AC  0|TAMS 0x0000000741a00000, 0x0000000741a00000|
|  27|0x0000000741b00000, 0x0000000741b00000, 0x0000000741c00000|  0%| F|  |TS  0|AC  0|TAMS 0x0000000741b00000, 0x0000000741b00000|
|  28|0x0000000741c00000, 0x0000000741c00000, 0x0000000741d00000|  0%| F|  |TS  0|AC  0|TAMS 0x0000000741c00000, 0x0000000741c00000|
|  29|0x0000000741d00000, 0x0000000741d00000, 0x0000000741e00000|  0%| F|  |TS  0|AC  0|TAMS 0x0000000741d00000, 0x0000000741d00000|
|  30|0x0000000741e00000, 0x0000000741e00000, 0x0000000741f00000|  0%| F|  |TS  0|AC  0|TAMS 0x0000000741e00000, 0x0000000741e00000|
|  31|0x0000000741f00000, 0x0000000741f00000, 0x0000000742000000|  0%| F|  |TS  0|AC  0|TAMS 0x0000000741f00000, 0x0000000741f00000|
|  32|0x0000000742000000, 0x0000000742000000, 0x0000000742100000|  0%| F|  |TS  0|AC  0|TAMS 0x0000000742000000, 0x0000000742000000|
|  33|0x0000000742100000, 0x0000000742100000, 0x0000000742200000|  0%| F|  |TS  0|AC  0|TAMS 0x0000000742100000, 0x0000000742100000|
|  34|0x0000000742200000, 0x0000000742200000, 0x0000000742300000|  0%| F|  |TS  0|AC  0|TAMS 0x0000000742200000, 0x0000000742200000|
|  35|0x0000000742300000, 0x0000000742300000, 0x0000000742400000|  0%| F|  |TS  0|AC  0|TAMS 0x0000000742300000, 0x0000000742300000|
|  36|0x0000000742400000, 0x0000000742400000, 0x0000000742500000|  0%| F|  |TS  0|AC  0|TAMS 0x0000000742400000, 0x0000000742400000|
|  37|0x0000000742500000, 0x0000000742500000, 0x0000000742600000|  0%| F|  |TS  0|AC  0|TAMS 0x0000000742500000, 0x0000000742500000|
|  38|0x0000000742600000, 0x0000000742600000, 0x0000000742700000|  0%| F|  |TS  0|AC  0|TAMS 0x0000000742600000, 0x0000000742600000|
|  39|0x0000000742700000, 0x0000000742700000, 0x0000000742800000|  0%| F|  |TS  0|AC  0|TAMS 0x0000000742700000, 0x0000000742700000|
|  40|0x0000000742800000, 0x0000000742800000, 0x0000000742900000|  0%| F|  |TS  0|AC  0|TAMS 0x0000000742800000, 0x0000000742800000|
|  41|0x0000000742900000, 0x0000000742900000, 0x0000000742a00000|  0%| F|  |TS  0|AC  0|TAMS 0x0000000742900000, 0x0000000742900000|
|  42|0x0000000742a00000, 0x0000000742a00000, 0x0000000742b00000|  0%| F|  |TS  0|AC  0|TAMS 0x0000000742a00000, 0x0000000742a00000|
|  43|0x0000000742b00000, 0x0000000742b00000, 0x0000000742c00000|  0%| F|  |TS  0|AC  0|TAMS 0x0000000742b00000, 0x0000000742b00000|
|  44|0x0000000742c00000, 0x0000000742c00000, 0x0000000742d00000|  0%| F|  |TS  0|AC  0|TAMS 0x0000000742c00000, 0x0000000742c00000|
|  45|0x0000000742d00000, 0x0000000742d00000, 0x0000000742e00000|  0%| F|  |TS  0|AC  0|TAMS 0x0000000742d00000, 0x0000000742d00000|
|  46|0x0000000742e00000, 0x0000000742e00000, 0x0000000742f00000|  0%| F|  |TS  0|AC  0|TAMS 0x0000000742e00000, 0x0000000742e00000|
|  47|0x0000000742f00000, 0x0000000742f00000, 0x0000000743000000|  0%| F|  |TS  0|AC  0|TAMS 0x0000000742f00000, 0x0000000742f00000|
|  48|0x0000000743000000, 0x0000000743000000, 0x0000000743100000|  0%| F|  |TS  0|AC  0|TAMS 0x0000000743000000, 0x0000000743000000|
|  49|0x0000000743100000, 0x0000000743100000, 0x0000000743200000|  0%| F|  |TS  0|AC  0|TAMS 0x0000000743100000, 0x0000000743100000|
|  50|0x0000000743200000, 0x0000000743200000, 0x0000000743300000|  0%| F|  |TS  0|AC  0|TAMS 0x0000000743200000, 0x0000000743200000|
|  51|0x0000000743300000, 0x0000000743300000, 0x0000000743400000|  0%| F|  |TS  0|AC  0|TAMS 0x0000000743300000, 0x0000000743300000|
|  52|0x0000000743400000, 0x0000000743400000, 0x0000000743500000|  0%| F|  |TS  0|AC  0|TAMS 0x0000000743400000, 0x0000000743400000|
|  53|0x0000000743500000, 0x0000000743500000, 0x0000000743600000|  0%| F|  |TS  0|AC  0|TAMS 0x0000000743500000, 0x0000000743500000|
|  54|0x0000000743600000, 0x0000000743600000, 0x0000000743700000|  0%| F|  |TS  0|AC  0|TAMS 0x0000000743600000, 0x0000000743600000|
|  55|0x0000000743700000, 0x0000000743700000, 0x0000000743800000|  0%| F|  |TS  0|AC  0|TAMS 0x0000000743700000, 0x0000000743700000|
|  56|0x0000000743800000, 0x0000000743800000, 0x0000000743900000|  0%| F|  |TS  0|AC  0|TAMS 0x0000000743800000, 0x0000000743800000|
|  57|0x0000000743900000, 0x0000000743900000, 0x0000000743a00000|  0%| F|  |TS  0|AC  0|TAMS 0x0000000743900000, 0x0000000743900000|
|  58|0x0000000743a00000, 0x0000000743a00000, 0x0000000743b00000|  0%| F|  |TS  0|AC  0|TAMS 0x0000000743a00000, 0x0000000743a00000|
|  59|0x0000000743b00000, 0x0000000743b00000, 0x0000000743c00000|  0%| F|  |TS  0|AC  0|TAMS 0x0000000743b00000, 0x0000000743b00000|
|  60|0x0000000743c00000, 0x0000000743c00000, 0x0000000743d00000|  0%| F|  |TS  0|AC  0|TAMS 0x0000000743c00000, 0x0000000743c00000|
|  61|0x0000000743d00000, 0x0000000743d00000, 0x0000000743e00000|  0%| F|  |TS  0|AC  0|TAMS 0x0000000743d00000, 0x0000000743d00000|
|  62|0x0000000743e00000, 0x0000000743e00000, 0x0000000743f00000|  0%| F|  |TS  0|AC  0|TAMS 0x0000000743e00000, 0x0000000743e00000|
|  63|0x0000000743f00000, 0x0000000743f00000, 0x0000000744000000|  0%| F|  |TS  0|AC  0|TAMS 0x0000000743f00000, 0x0000000743f00000|
|  64|0x0000000744000000, 0x0000000744000000, 0x0000000744100000|  0%| F|  |TS  0|AC  0|TAMS 0x0000000744000000, 0x0000000744000000|
|  65|0x0000000744100000, 0x0000000744100000, 0x0000000744200000|  0%| F|  |TS  0|AC  0|TAMS 0x0000000744100000, 0x0000000744100000|
|  66|0x0000000744200000, 0x0000000744200000, 0x0000000744300000|  0%| F|  |TS  0|AC  0|TAMS 0x0000000744200000, 0x0000000744200000|
|  67|0x0000000744300000, 0x0000000744300000, 0x0000000744400000|  0%| F|  |TS  0|AC  0|TAMS 0x0000000744300000, 0x0000000744300000|
|  68|0x0000000744400000, 0x0000000744400000, 0x0000000744500000|  0%| F|  |TS  0|AC  0|TAMS 0x0000000744400000, 0x0000000744400000|
|  69|0x0000000744500000, 0x0000000744500000, 0x0000000744600000|  0%| F|  |TS  0|AC  0|TAMS 0x0000000744500000, 0x0000000744500000|
|  70|0x0000000744600000, 0x0000000744600000, 0x0000000744700000|  0%| F|  |TS  0|AC  0|TAMS 0x0000000744600000, 0x0000000744600000|
|  71|0x0000000744700000, 0x0000000744700000, 0x0000000744800000|  0%| F|  |TS  0|AC  0|TAMS 0x0000000744700000, 0x0000000744700000|
|  72|0x0000000744800000, 0x0000000744800000, 0x0000000744900000|  0%| F|  |TS  0|AC  0|TAMS 0x0000000744800000, 0x0000000744800000|
|  73|0x0000000744900000, 0x0000000744900000, 0x0000000744a00000|  0%| F|  |TS  0|AC  0|TAMS 0x0000000744900000, 0x0000000744900000|
|  74|0x0000000744a00000, 0x0000000744a00000, 0x0000000744b00000|  0%| F|  |TS  0|AC  0|TAMS 0x0000000744a00000, 0x0000000744a00000|
|  75|0x0000000744b00000, 0x0000000744b00000, 0x0000000744c00000|  0%| F|  |TS  0|AC  0|TAMS 0x0000000744b00000, 0x0000000744b00000|
|  76|0x0000000744c00000, 0x0000000744c00000, 0x0000000744d00000|  0%| F|  |TS  0|AC  0|TAMS 0x0000000744c00000, 0x0000000744c00000|
|  77|0x0000000744d00000, 0x0000000744d00000, 0x0000000744e00000|  0%| F|  |TS  0|AC  0|TAMS 0x0000000744d00000, 0x0000000744d00000|
|  78|0x0000000744e00000, 0x0000000744e00000, 0x0000000744f00000|  0%| F|  |TS  0|AC  0|TAMS 0x0000000744e00000, 0x0000000744e00000|
|  79|0x0000000744f00000, 0x0000000744f00000, 0x0000000745000000|  0%| F|  |TS  0|AC  0|TAMS 0x0000000744f00000, 0x0000000744f00000|
|  80|0x0000000745000000, 0x0000000745000000, 0x0000000745100000|  0%| F|  |TS  0|AC  0|TAMS 0x0000000745000000, 0x0000000745000000|
|  81|0x0000000745100000, 0x0000000745100000, 0x0000000745200000|  0%| F|  |TS  0|AC  0|TAMS 0x0000000745100000, 0x0000000745100000|
|  82|0x0000000745200000, 0x0000000745200000, 0x0000000745300000|  0%| F|  |TS  0|AC  0|TAMS 0x0000000745200000, 0x0000000745200000|
|  83|0x0000000745300000, 0x0000000745300000, 0x0000000745400000|  0%| F|  |TS  0|AC  0|TAMS 0x0000000745300000, 0x0000000745300000|
|  84|0x0000000745400000, 0x0000000745400000, 0x0000000745500000|  0%| F|  |TS  0|AC  0|TAMS 0x0000000745400000, 0x0000000745400000|
|  85|0x0000000745500000, 0x0000000745500000, 0x0000000745600000|  0%| F|  |TS  0|AC  0|TAMS 0x0000000745500000, 0x0000000745500000|
|  86|0x0000000745600000, 0x0000000745600000, 0x0000000745700000|  0%| F|  |TS  0|AC  0|TAMS 0x0000000745600000, 0x0000000745600000|
|  87|0x0000000745700000, 0x0000000745700000, 0x0000000745800000|  0%| F|  |TS  0|AC  0|TAMS 0x0000000745700000, 0x0000000745700000|
|  88|0x0000000745800000, 0x0000000745800000, 0x0000000745900000|  0%| F|  |TS  0|AC  0|TAMS 0x0000000745800000, 0x0000000745800000|
|  89|0x0000000745900000, 0x0000000745900000, 0x0000000745a00000|  0%| F|  |TS  0|AC  0|TAMS 0x0000000745900000, 0x0000000745900000|
|  90|0x0000000745a00000, 0x0000000745a00000, 0x0000000745b00000|  0%| F|  |TS  0|AC  0|TAMS 0x0000000745a00000, 0x0000000745a00000|
|  91|0x0000000745b00000, 0x0000000745b00000, 0x0000000745c00000|  0%| F|  |TS  0|AC  0|TAMS 0x0000000745b00000, 0x0000000745b00000|
|  92|0x0000000745c00000, 0x0000000745c00000, 0x0000000745d00000|  0%| F|  |TS  0|AC  0|TAMS 0x0000000745c00000, 0x0000000745c00000|
|  93|0x0000000745d00000, 0x0000000745d00000, 0x0000000745e00000|  0%| F|  |TS  0|AC  0|TAMS 0x0000000745d00000, 0x0000000745d00000|
|  94|0x0000000745e00000, 0x0000000745e00000, 0x0000000745f00000|  0%| F|  |TS  0|AC  0|TAMS 0x0000000745e00000, 0x0000000745e00000|
|  95|0x0000000745f00000, 0x0000000745f00000, 0x0000000746000000|  0%| F|  |TS  0|AC  0|TAMS 0x0000000745f00000, 0x0000000745f00000|
|  96|0x0000000746000000, 0x0000000746000000, 0x0000000746100000|  0%| F|  |TS  0|AC  0|TAMS 0x0000000746000000, 0x0000000746000000|
|  97|0x0000000746100000, 0x0000000746100000, 0x0000000746200000|  0%| F|  |TS  0|AC  0|TAMS 0x0000000746100000, 0x0000000746100000|
|  98|0x0000000746200000, 0x0000000746200000, 0x0000000746300000|  0%| F|  |TS  0|AC  0|TAMS 0x0000000746200000, 0x0000000746200000|
|  99|0x0000000746300000, 0x0000000746300000, 0x0000000746400000|  0%| F|  |TS  0|AC  0|TAMS 0x0000000746300000, 0x0000000746300000|
| 100|0x0000000746400000, 0x0000000746400000, 0x0000000746500000|  0%| F|  |TS  0|AC  0|TAMS 0x0000000746400000, 0x0000000746400000|
| 101|0x0000000746500000, 0x0000000746500000, 0x0000000746600000|  0%| F|  |TS  0|AC  0|TAMS 0x0000000746500000, 0x0000000746500000|
| 102|0x0000000746600000, 0x0000000746600000, 0x0000000746700000|  0%| F|  |TS  0|AC  0|TAMS 0x0000000746600000, 0x0000000746600000|
| 103|0x0000000746700000, 0x0000000746700000, 0x0000000746800000|  0%| F|  |TS  0|AC  0|TAMS 0x0000000746700000, 0x0000000746700000|
| 104|0x0000000746800000, 0x0000000746800000, 0x0000000746900000|  0%| F|  |TS  0|AC  0|TAMS 0x0000000746800000, 0x0000000746800000|
| 105|0x0000000746900000, 0x0000000746900000, 0x0000000746a00000|  0%| F|  |TS  0|AC  0|TAMS 0x0000000746900000, 0x0000000746900000|
| 106|0x0000000746a00000, 0x0000000746a00000, 0x0000000746b00000|  0%| F|  |TS  0|AC  0|TAMS 0x0000000746a00000, 0x0000000746a00000|
| 107|0x0000000746b00000, 0x0000000746b00000, 0x0000000746c00000|  0%| F|  |TS  0|AC  0|TAMS 0x0000000746b00000, 0x0000000746b00000|
| 108|0x0000000746c00000, 0x0000000746c00000, 0x0000000746d00000|  0%| F|  |TS  0|AC  0|TAMS 0x0000000746c00000, 0x0000000746c00000|
| 109|0x0000000746d00000, 0x0000000746d00000, 0x0000000746e00000|  0%| F|  |TS  0|AC  0|TAMS 0x0000000746d00000, 0x0000000746d00000|
| 110|0x0000000746e00000, 0x0000000746e00000, 0x0000000746f00000|  0%| F|  |TS  0|AC  0|TAMS 0x0000000746e00000, 0x0000000746e00000|
| 111|0x0000000746f00000, 0x0000000746f00000, 0x0000000747000000|  0%| F|  |TS  0|AC  0|TAMS 0x0000000746f00000, 0x0000000746f00000|
| 112|0x0000000747000000, 0x0000000747000000, 0x0000000747100000|  0%| F|  |TS  0|AC  0|TAMS 0x0000000747000000, 0x0000000747000000|
| 113|0x0000000747100000, 0x0000000747100000, 0x0000000747200000|  0%| F|  |TS  0|AC  0|TAMS 0x0000000747100000, 0x0000000747100000|
| 114|0x0000000747200000, 0x0000000747200000, 0x0000000747300000|  0%| F|  |TS  0|AC  0|TAMS 0x0000000747200000, 0x0000000747200000|
| 115|0x0000000747300000, 0x0000000747300000, 0x0000000747400000|  0%| F|  |TS  0|AC  0|TAMS 0x0000000747300000, 0x0000000747300000|
| 116|0x0000000747400000, 0x0000000747400000, 0x0000000747500000|  0%| F|  |TS  0|AC  0|TAMS 0x0000000747400000, 0x0000000747400000|
| 117|0x0000000747500000, 0x0000000747500000, 0x0000000747600000|  0%| F|  |TS  0|AC  0|TAMS 0x0000000747500000, 0x0000000747500000|
| 118|0x0000000747600000, 0x0000000747600000, 0x0000000747700000|  0%| F|  |TS  0|AC  0|TAMS 0x0000000747600000, 0x0000000747600000|
| 119|0x0000000747700000, 0x0000000747700000, 0x0000000747800000|  0%| F|  |TS  0|AC  0|TAMS 0x0000000747700000, 0x0000000747700000|
| 120|0x0000000747800000, 0x0000000747848d88, 0x0000000747900000| 28%| E|  |TS  0|AC  0|TAMS 0x0000000747800000, 0x0000000747800000|
| 121|0x0000000747900000, 0x0000000747a00000, 0x0000000747a00000|100%| E|CS|TS  0|AC  0|TAMS 0x0000000747900000, 0x0000000747900000|
| 122|0x0000000747a00000, 0x0000000747b00000, 0x0000000747b00000|100%| E|CS|TS  0|AC  0|TAMS 0x0000000747a00000, 0x0000000747a00000|
| 123|0x0000000747b00000, 0x0000000747c00000, 0x0000000747c00000|100%| E|CS|TS  0|AC  0|TAMS 0x0000000747b00000, 0x0000000747b00000|
| 124|0x0000000747c00000, 0x0000000747d00000, 0x0000000747d00000|100%| E|CS|TS  0|AC  0|TAMS 0x0000000747c00000, 0x0000000747c00000|
| 125|0x0000000747d00000, 0x0000000747e00000, 0x0000000747e00000|100%| E|CS|TS  0|AC  0|TAMS 0x0000000747d00000, 0x0000000747d00000|
| 126|0x0000000747e00000, 0x0000000747f00000, 0x0000000747f00000|100%| E|CS|TS  0|AC  0|TAMS 0x0000000747e00000, 0x0000000747e00000|
| 127|0x0000000747f00000, 0x0000000748000000, 0x0000000748000000|100%| E|CS|TS  0|AC  0|TAMS 0x0000000747f00000, 0x0000000747f00000|

Card table byte_map: [0x0000000102d82000,0x0000000103182000] byte_map_base: 0x00000000ff382000

Marking Bits (Prev, Next): (CMBitMap*) 0x00007f7f0382f870, (CMBitMap*) 0x00007f7f0382f8a8
 Prev Bits: [0x0000000103582000, 0x0000000105582000)
 Next Bits: [0x0000000105582000, 0x0000000107582000)

Polling page: 0x0000000101eae000

CodeHeap 'non-profiled nmethods': size=120032Kb used=118Kb max_used=118Kb free=119913Kb
 bounds [0x000000011a47e000, 0x000000011a6ee000, 0x00000001219b6000]
CodeHeap 'profiled nmethods': size=120032Kb used=600Kb max_used=600Kb free=119431Kb
 bounds [0x0000000112f46000, 0x00000001131b6000, 0x000000011a47e000]
CodeHeap 'non-nmethods': size=5696Kb used=1190Kb max_used=1205Kb free=4505Kb
 bounds [0x00000001129b6000, 0x0000000112c26000, 0x0000000112f46000]
 total_blobs=863 nmethods=414 adapters=269
 compilation: enabled

Compilation events (10 events):
Event: 461.908 Thread 0x00007f7f03898000  414       3       org.eclipse.jdt.launching.internal.org.objectweb.asm.ByteVector::putUTF8 (144 bytes)
Event: 461.912 Thread 0x00007f7f03898000 nmethod 414 0x0000000112fd9510 code [0x0000000112fd97a0, 0x0000000112fda4e8]
Event: 461.912 Thread 0x00007f7f03898000  411       3       org.eclipse.jdt.launching.internal.org.objectweb.asm.Symbol::<init> (38 bytes)
Event: 461.912 Thread 0x00007f7f03898000 nmethod 411 0x0000000112fdaa90 code [0x0000000112fdac40, 0x0000000112fdaf30]
Event: 461.912 Thread 0x00007f7f03898000  412       3       java.lang.String::<init> (14 bytes)
Event: 461.913 Thread 0x00007f7f03898000 nmethod 412 0x0000000112fdb010 code [0x0000000112fdb1e0, 0x0000000112fdb438]
Event: 461.913 Thread 0x00007f7f03898000  413       3       java.lang.String::rangeCheck (9 bytes)
Event: 461.913 Thread 0x00007f7f03898000 nmethod 413 0x0000000112fdb590 code [0x0000000112fdb740, 0x0000000112fdb8c8]
Event: 461.913 Thread 0x00007f7f03898000  409       3       org.eclipse.jdt.launching.internal.org.objectweb.asm.ClassReader::createDebugLabel (23 bytes)
Event: 461.913 Thread 0x00007f7f03898000 nmethod 409 0x0000000112fdb990 code [0x0000000112fdbb80, 0x0000000112fdc0d0]

GC Heap History (0 events):
No events

Deoptimization events (0 events):
No events

Classes redefined (4 events):
Event: 386.372 Thread 0x00007f7f0280c800 redefined class name=backjoonBfsDfs.BfsLaserPoint, count=1
Event: 386.373 Thread 0x00007f7f0280c800 redefined class name=backjoonBfsDfs.BfsLaserPoint$Node, count=1
Event: 461.910 Thread 0x00007f7f0280c800 redefined class name=backjoonBfsDfs.BfsLaserPoint, count=2
Event: 461.911 Thread 0x00007f7f0280c800 redefined class name=backjoonBfsDfs.BfsLaserPoint$Node, count=2

Internal exceptions (0 events):
No events

Events (10 events):
Event: 461.921 Executing VM operation: GetFrameCount done
Event: 461.921 Executing VM operation: GetFrameLocation
Event: 461.921 Executing VM operation: GetFrameLocation done
Event: 461.929 Executing VM operation: GetFrameCount
Event: 461.929 Executing VM operation: GetFrameCount done
Event: 461.929 Executing VM operation: GetOwnedMonitorInfo
Event: 461.929 Executing VM operation: GetOwnedMonitorInfo done
Event: 461.929 Executing VM operation: GetCurrentContendedMonitor
Event: 461.929 Executing VM operation: GetCurrentContendedMonitor done
Event: 636.822 Executing VM operation: GetOrSetLocal


Dynamic libraries:
0x00007fff351d9000 	/System/Library/Frameworks/Cocoa.framework/Versions/A/Cocoa
0x00007fff429b6000 	/System/Library/Frameworks/Security.framework/Versions/A/Security
0x00007fff34143000 	/System/Library/Frameworks/ApplicationServices.framework/Versions/A/ApplicationServices
0x00007fff6f560000 	/usr/lib/libz.1.dylib
0x00007fff6d024000 	/usr/lib/libSystem.B.dylib
0x00007fff36074000 	/System/Library/Frameworks/CoreFoundation.framework/Versions/A/CoreFoundation
0x00007fff3872a000 	/System/Library/Frameworks/Foundation.framework/Versions/C/Foundation
0x00007fff6ee84000 	/usr/lib/libobjc.A.dylib
0x00007fff33334000 	/System/Library/Frameworks/AppKit.framework/Versions/C/AppKit
0x00007fff35b5d000 	/System/Library/Frameworks/CoreData.framework/Versions/A/CoreData
0x00007fff67045000 	/System/Library/PrivateFrameworks/UIFoundation.framework/Versions/A/UIFoundation
0x00007fff620f3000 	/System/Library/PrivateFrameworks/RemoteViewServices.framework/Versions/A/RemoteViewServices
0x00007fff69b99000 	/System/Library/PrivateFrameworks/XCTTargetBootstrap.framework/Versions/A/XCTTargetBootstrap
0x00007fff35f48000 	/System/Library/Frameworks/CoreDisplay.framework/Versions/A/CoreDisplay
0x00007fff3b5e3000 	/System/Library/Frameworks/Metal.framework/Versions/A/Metal
0x00007fff5014c000 	/System/Library/PrivateFrameworks/DesktopServicesPriv.framework/Versions/A/DesktopServicesPriv
0x00007fff6e161000 	/usr/lib/liblangid.dylib
0x00007fff4f3e5000 	/System/Library/PrivateFrameworks/CoreSVG.framework/Versions/A/CoreSVG
0x00007fff65249000 	/System/Library/PrivateFrameworks/SkyLight.framework/Versions/A/SkyLight
0x00007fff364f5000 	/System/Library/Frameworks/CoreGraphics.framework/Versions/A/CoreGraphics
0x00007fff31d08000 	/System/Library/Frameworks/Accelerate.framework/Versions/A/Accelerate
0x00007fff6f451000 	/usr/lib/libxml2.2.dylib
0x00007fff5b0a5000 	/System/Library/PrivateFrameworks/IconServices.framework/Versions/A/IconServices
0x00007fff38f09000 	/System/Library/Frameworks/IOSurface.framework/Versions/A/IOSurface
0x00007fff6cb4e000 	/usr/lib/libDiagnosticMessagesClient.dylib
0x00007fff4ffa6000 	/System/Library/PrivateFrameworks/DFRFoundation.framework/Versions/A/DFRFoundation
0x00007fff6def0000 	/usr/lib/libicucore.A.dylib
0x00007fff34475000 	/System/Library/Frameworks/AudioToolbox.framework/Versions/A/AudioToolbox
0x00007fff34558000 	/System/Library/Frameworks/AudioUnit.framework/Versions/A/AudioUnit
0x00007fff6d226000 	/usr/lib/libauto.dylib
0x00007fff50048000 	/System/Library/PrivateFrameworks/DataDetectorsCore.framework/Versions/A/DataDetectorsCore
0x00007fff34cfa000 	/System/Library/Frameworks/Carbon.framework/Versions/A/Frameworks/HIToolbox.framework/Versions/A/HIToolbox
0x00007fff41bb3000 	/System/Library/Frameworks/QuartzCore.framework/Versions/A/QuartzCore
0x00007fff35039000 	/System/Library/Frameworks/Carbon.framework/Versions/A/Frameworks/SpeechRecognition.framework/Versions/A/SpeechRecognition
0x00007fff4fabd000 	/System/Library/PrivateFrameworks/CoreUI.framework/Versions/A/CoreUI
0x00007fff355c8000 	/System/Library/Frameworks/CoreAudio.framework/Versions/A/CoreAudio
0x00007fff383ef000 	/System/Library/Frameworks/DiskArbitration.framework/Versions/A/DiskArbitration
0x00007fff5d0f2000 	/System/Library/PrivateFrameworks/MultitouchSupport.framework/Versions/A/MultitouchSupport
0x00007fff6ddb7000 	/usr/lib/libenergytrace.dylib
0x00007fff38e63000 	/System/Library/Frameworks/IOKit.framework/Versions/A/IOKit
0x00007fff3745c000 	/System/Library/Frameworks/CoreServices.framework/Versions/A/CoreServices
0x00007fff5f289000 	/System/Library/PrivateFrameworks/PerformanceAnalysis.framework/Versions/A/PerformanceAnalysis
0x00007fff40be6000 	/System/Library/Frameworks/OpenGL.framework/Versions/A/OpenGL
0x00007fff351e7000 	/System/Library/Frameworks/ColorSync.framework/Versions/A/ColorSync
0x00007fff36b77000 	/System/Library/Frameworks/CoreImage.framework/Versions/A/CoreImage
0x00007fff37ece000 	/System/Library/Frameworks/CoreText.framework/Versions/A/CoreText
0x00007fff38f99000 	/System/Library/Frameworks/ImageIO.framework/Versions/A/ImageIO
0x00007fff6d30a000 	/usr/lib/libc++.1.dylib
0x00007fff6d386000 	/usr/lib/libcompression.dylib
0x00007fff6ce92000 	/usr/lib/libMobileGestalt.dylib
0x00007fff66dbe000 	/System/Library/PrivateFrameworks/TextureIO.framework/Versions/A/TextureIO
0x00007fff6d189000 	/usr/lib/libate.dylib
0x00007fff5b2ae000 	/System/Library/PrivateFrameworks/InternationalSupport.framework/Versions/A/InternationalSupport
0x00007fff6fe20000 	/usr/lib/system/libcache.dylib
0x00007fff6fe26000 	/usr/lib/system/libcommonCrypto.dylib
0x00007fff6fe32000 	/usr/lib/system/libcompiler_rt.dylib
0x00007fff6fe3a000 	/usr/lib/system/libcopyfile.dylib
0x00007fff6fe44000 	/usr/lib/system/libcorecrypto.dylib
0x00007fff6ffe3000 	/usr/lib/system/libdispatch.dylib
0x00007fff70024000 	/usr/lib/system/libdyld.dylib
0x00007fff7005b000 	/usr/lib/system/libkeymgr.dylib
0x00007fff70069000 	/usr/lib/system/liblaunch.dylib
0x00007fff7006a000 	/usr/lib/system/libmacho.dylib
0x00007fff70070000 	/usr/lib/system/libquarantine.dylib
0x00007fff70073000 	/usr/lib/system/libremovefile.dylib
0x00007fff70075000 	/usr/lib/system/libsystem_asl.dylib
0x00007fff7008d000 	/usr/lib/system/libsystem_blocks.dylib
0x00007fff7008e000 	/usr/lib/system/libsystem_c.dylib
0x00007fff70116000 	/usr/lib/system/libsystem_configuration.dylib
0x00007fff7011a000 	/usr/lib/system/libsystem_coreservices.dylib
0x00007fff7011e000 	/usr/lib/system/libsystem_darwin.dylib
0x00007fff70127000 	/usr/lib/system/libsystem_dnssd.dylib
0x00007fff7012f000 	/usr/lib/system/libsystem_featureflags.dylib
0x00007fff70131000 	/usr/lib/system/libsystem_info.dylib
0x00007fff701ac000 	/usr/lib/system/libsystem_m.dylib
0x00007fff701f4000 	/usr/lib/system/libsystem_malloc.dylib
0x00007fff7021c000 	/usr/lib/system/libsystem_networkextension.dylib
0x00007fff7022a000 	/usr/lib/system/libsystem_notify.dylib
0x00007fff70248000 	/usr/lib/system/libsystem_sandbox.dylib
0x00007fff7024d000 	/usr/lib/system/libsystem_secinit.dylib
0x00007fff7017f000 	/usr/lib/system/libsystem_kernel.dylib
0x00007fff70234000 	/usr/lib/system/libsystem_platform.dylib
0x00007fff7023d000 	/usr/lib/system/libsystem_pthread.dylib
0x00007fff70250000 	/usr/lib/system/libsystem_symptoms.dylib
0x00007fff70258000 	/usr/lib/system/libsystem_trace.dylib
0x00007fff70270000 	/usr/lib/system/libunwind.dylib
0x00007fff70276000 	/usr/lib/system/libxpc.dylib
0x00007fff6d35d000 	/usr/lib/libc++abi.dylib
0x00007fff6e163000 	/usr/lib/liblzma.5.dylib
0x00007fff6ddde000 	/usr/lib/libfakelink.dylib
0x00007fff6d116000 	/usr/lib/libarchive.2.dylib
0x00007fff43a66000 	/System/Library/Frameworks/SystemConfiguration.framework/Versions/A/SystemConfiguration
0x00007fff6ca81000 	/usr/lib/libCRFSuite.dylib
0x00007fff348eb000 	/System/Library/Frameworks/CFNetwork.framework/Versions/A/CFNetwork
0x00007fff6d2ec000 	/usr/lib/libbsm.0.dylib
0x00007fff7005c000 	/usr/lib/system/libkxld.dylib
0x00007fff4997b000 	/System/Library/PrivateFrameworks/AppleFSCompression.framework/Versions/A/AppleFSCompression
0x00007fff6d677000 	/usr/lib/libcoretls.dylib
0x00007fff6d68e000 	/usr/lib/libcoretls_cfhelpers.dylib
0x00007fff6eeca000 	/usr/lib/libpam.2.dylib
0x00007fff6efff000 	/usr/lib/libsqlite3.dylib
0x00007fff6f43e000 	/usr/lib/libxar.1.dylib
0x00007fff6d2fd000 	/usr/lib/libbz2.1.0.dylib
0x00007fff6ddff000 	/usr/lib/libiconv.2.dylib
0x00007fff6d373000 	/usr/lib/libcharset.1.dylib
0x00007fff6e969000 	/usr/lib/libnetwork.dylib
0x00007fff6eed1000 	/usr/lib/libpcap.A.dylib
0x00007fff6d0cb000 	/usr/lib/libapple_nghttp2.dylib
0x00007fff37813000 	/System/Library/Frameworks/CoreServices.framework/Versions/A/Frameworks/FSEvents.framework/Versions/A/FSEvents
0x00007fff374e3000 	/System/Library/Frameworks/CoreServices.framework/Versions/A/Frameworks/CarbonCore.framework/Versions/A/CarbonCore
0x00007fff37a56000 	/System/Library/Frameworks/CoreServices.framework/Versions/A/Frameworks/Metadata.framework/Versions/A/Metadata
0x00007fff37aef000 	/System/Library/Frameworks/CoreServices.framework/Versions/A/Frameworks/OSServices.framework/Versions/A/OSServices
0x00007fff37b1d000 	/System/Library/Frameworks/CoreServices.framework/Versions/A/Frameworks/SearchKit.framework/Versions/A/SearchKit
0x00007fff3745d000 	/System/Library/Frameworks/CoreServices.framework/Versions/A/Frameworks/AE.framework/Versions/A/AE
0x00007fff3781c000 	/System/Library/Frameworks/CoreServices.framework/Versions/A/Frameworks/LaunchServices.framework/Versions/A/LaunchServices
0x00007fff377c5000 	/System/Library/Frameworks/CoreServices.framework/Versions/A/Frameworks/DictionaryServices.framework/Versions/A/DictionaryServices
0x00007fff37b85000 	/System/Library/Frameworks/CoreServices.framework/Versions/A/Frameworks/SharedFileList.framework/Versions/A/SharedFileList
0x00007fff3ca06000 	/System/Library/Frameworks/NetFS.framework/Versions/A/NetFS
0x00007fff5d621000 	/System/Library/PrivateFrameworks/NetAuth.framework/Versions/A/NetAuth
0x00007fff69f66000 	/System/Library/PrivateFrameworks/login.framework/Versions/A/Frameworks/loginsupport.framework/Versions/A/loginsupport
0x00007fff6688b000 	/System/Library/PrivateFrameworks/TCC.framework/Versions/A/TCC
0x00007fff4e558000 	/System/Library/PrivateFrameworks/CoreNLP.framework/Versions/A/CoreNLP
0x00007fff5cb20000 	/System/Library/PrivateFrameworks/MetadataUtilities.framework/Versions/A/MetadataUtilities
0x00007fff6e23b000 	/usr/lib/libmecabra.dylib
0x00007fff6e193000 	/usr/lib/libmecab.dylib
0x00007fff6ddef000 	/usr/lib/libgermantok.dylib
0x00007fff6d0b2000 	/usr/lib/libThaiTokenizer.dylib
0x00007fff6cab8000 	/usr/lib/libChineseTokenizer.dylib
0x00007fff31d20000 	/System/Library/Frameworks/Accelerate.framework/Versions/A/Frameworks/vImage.framework/Versions/A/vImage
0x00007fff3318a000 	/System/Library/Frameworks/Accelerate.framework/Versions/A/Frameworks/vecLib.framework/Versions/A/vecLib
0x00007fff330c7000 	/System/Library/Frameworks/Accelerate.framework/Versions/A/Frameworks/vecLib.framework/Versions/A/libvMisc.dylib
0x00007fff32eef000 	/System/Library/Frameworks/Accelerate.framework/Versions/A/Frameworks/vecLib.framework/Versions/A/libvDSP.dylib
0x00007fff32377000 	/System/Library/Frameworks/Accelerate.framework/Versions/A/Frameworks/vecLib.framework/Versions/A/libBLAS.dylib
0x00007fff32ab3000 	/System/Library/Frameworks/Accelerate.framework/Versions/A/Frameworks/vecLib.framework/Versions/A/libLAPACK.dylib
0x00007fff32e4f000 	/System/Library/Frameworks/Accelerate.framework/Versions/A/Frameworks/vecLib.framework/Versions/A/libLinearAlgebra.dylib
0x00007fff32edc000 	/System/Library/Frameworks/Accelerate.framework/Versions/A/Frameworks/vecLib.framework/Versions/A/libSparseBLAS.dylib
0x00007fff32e65000 	/System/Library/Frameworks/Accelerate.framework/Versions/A/Frameworks/vecLib.framework/Versions/A/libQuadrature.dylib
0x00007fff325df000 	/System/Library/Frameworks/Accelerate.framework/Versions/A/Frameworks/vecLib.framework/Versions/A/libBNNS.dylib
0x00007fff32e6b000 	/System/Library/Frameworks/Accelerate.framework/Versions/A/Frameworks/vecLib.framework/Versions/A/libSparse.dylib
0x00007fff5b696000 	/System/Library/PrivateFrameworks/LanguageModeling.framework/Versions/A/LanguageModeling
0x00007fff4df08000 	/System/Library/PrivateFrameworks/CoreEmoji.framework/Versions/A/CoreEmoji
0x00007fff5b7b4000 	/System/Library/PrivateFrameworks/LinguisticData.framework/Versions/A/LinguisticData
0x00007fff5b765000 	/System/Library/PrivateFrameworks/Lexicon.framework/Versions/A/Lexicon
0x00007fff6d374000 	/usr/lib/libcmph.dylib
0x00007fff3f5f4000 	/System/Library/Frameworks/OpenDirectory.framework/Versions/A/Frameworks/CFOpenDirectory.framework/Versions/A/CFOpenDirectory
0x00007fff3f611000 	/System/Library/Frameworks/OpenDirectory.framework/Versions/A/OpenDirectory
0x00007fff47a31000 	/System/Library/PrivateFrameworks/APFS.framework/Versions/A/APFS
0x00007fff42d00000 	/System/Library/Frameworks/SecurityFoundation.framework/Versions/A/SecurityFoundation
0x00007fff6f43a000 	/usr/lib/libutil.dylib
0x00007fff4f43d000 	/System/Library/PrivateFrameworks/CoreServicesStore.framework/Versions/A/CoreServicesStore
0x00007fff42db7000 	/System/Library/Frameworks/ServiceManagement.framework/Versions/A/ServiceManagement
0x00007fff4b149000 	/System/Library/PrivateFrameworks/BackgroundTaskManagement.framework/Versions/A/BackgroundTaskManagement
0x00007fff6f537000 	/usr/lib/libxslt.1.dylib
0x00007fff49fed000 	/System/Library/PrivateFrameworks/AppleSystemInfo.framework/Versions/A/AppleSystemInfo
0x00007fff391b4000 	/System/Library/Frameworks/ImageIO.framework/Versions/A/Resources/libJPEG.dylib
0x00007fff39470000 	/System/Library/Frameworks/ImageIO.framework/Versions/A/Resources/libTIFF.dylib
0x00007fff39453000 	/System/Library/Frameworks/ImageIO.framework/Versions/A/Resources/libPng.dylib
0x00007fff390f6000 	/System/Library/Frameworks/ImageIO.framework/Versions/A/Resources/libGIF.dylib
0x00007fff390fa000 	/System/Library/Frameworks/ImageIO.framework/Versions/A/Resources/libJP2.dylib
0x00007fff3946e000 	/System/Library/Frameworks/ImageIO.framework/Versions/A/Resources/libRadiance.dylib
0x00007fff6ddb8000 	/usr/lib/libexpat.1.dylib
0x00007fff49ad6000 	/System/Library/PrivateFrameworks/AppleJPEG.framework/Versions/A/AppleJPEG
0x00007fff52718000 	/System/Library/PrivateFrameworks/FontServices.framework/libFontParser.dylib
0x00007fff68f6c000 	/System/Library/PrivateFrameworks/WatchdogClient.framework/Versions/A/WatchdogClient
0x00007fff5acf2000 	/System/Library/PrivateFrameworks/IOAccelerator.framework/Versions/A/IOAccelerator
0x00007fff3b97e000 	/System/Library/Frameworks/MetalPerformanceShaders.framework/Versions/A/MetalPerformanceShaders
0x00007fff5748b000 	/System/Library/PrivateFrameworks/GPUWrangler.framework/Versions/A/GPUWrangler
0x00007fff5ad07000 	/System/Library/PrivateFrameworks/IOPresentment.framework/Versions/A/IOPresentment
0x00007fff4ffb9000 	/System/Library/PrivateFrameworks/DSExternalDisplay.framework/Versions/A/DSExternalDisplay
0x00007fff3ff85000 	/System/Library/Frameworks/OpenGL.framework/Versions/A/Libraries/libCoreFSCache.dylib
0x00007fff3b6ca000 	/System/Library/Frameworks/MetalPerformanceShaders.framework/Frameworks/MPSCore.framework/Versions/A/MPSCore
0x00007fff3b708000 	/System/Library/Frameworks/MetalPerformanceShaders.framework/Frameworks/MPSImage.framework/Versions/A/MPSImage
0x00007fff3b7cf000 	/System/Library/Frameworks/MetalPerformanceShaders.framework/Frameworks/MPSNeuralNetwork.framework/Versions/A/MPSNeuralNetwork
0x00007fff3b793000 	/System/Library/Frameworks/MetalPerformanceShaders.framework/Frameworks/MPSMatrix.framework/Versions/A/MPSMatrix
0x00007fff3b92e000 	/System/Library/Frameworks/MetalPerformanceShaders.framework/Frameworks/MPSRayIntersector.framework/Versions/A/MPSRayIntersector
0x00007fff3b7b9000 	/System/Library/Frameworks/MetalPerformanceShaders.framework/Frameworks/MPSNDArray.framework/Versions/A/MPSNDArray
0x00007fff5cb6d000 	/System/Library/PrivateFrameworks/MetalTools.framework/Versions/A/MetalTools
0x00007fff48c03000 	/System/Library/PrivateFrameworks/AggregateDictionary.framework/Versions/A/AggregateDictionary
0x00007fff4d962000 	/System/Library/PrivateFrameworks/CoreAnalytics.framework/Versions/A/CoreAnalytics
0x00007fff49f0c000 	/System/Library/PrivateFrameworks/AppleSauce.framework/Versions/A/AppleSauce
0x00007fff6cd74000 	/usr/lib/libIOReport.dylib
0x00007fff38086000 	/System/Library/Frameworks/CoreVideo.framework/Versions/A/CoreVideo
0x00007fff58905000 	/System/Library/PrivateFrameworks/GraphVisualizer.framework/Versions/A/GraphVisualizer
0x00007fff51c6c000 	/System/Library/PrivateFrameworks/FaceCore.framework/Versions/A/FaceCore
0x00007fff3f59b000 	/System/Library/Frameworks/OpenCL.framework/Versions/A/OpenCL
0x00007fff6cb96000 	/usr/lib/libFosl_dynamic.dylib
0x00007fff5e036000 	/System/Library/PrivateFrameworks/OTSVG.framework/Versions/A/OTSVG
0x00007fff34248000 	/System/Library/Frameworks/ApplicationServices.framework/Versions/A/Frameworks/ATS.framework/Versions/A/Resources/libFontRegistry.dylib
0x00007fff528e9000 	/System/Library/PrivateFrameworks/FontServices.framework/libhvf.dylib
0x00007fff3ff90000 	/System/Library/Frameworks/OpenGL.framework/Versions/A/Libraries/libGFXShared.dylib
0x00007fff4016e000 	/System/Library/Frameworks/OpenGL.framework/Versions/A/Libraries/libGLU.dylib
0x00007fff3ff99000 	/System/Library/Frameworks/OpenGL.framework/Versions/A/Libraries/libGL.dylib
0x00007fff3ffa4000 	/System/Library/Frameworks/OpenGL.framework/Versions/A/Libraries/libGLImage.dylib
0x00007fff3ff82000 	/System/Library/Frameworks/OpenGL.framework/Versions/A/Libraries/libCVMSPluginSupport.dylib
0x00007fff3ff8b000 	/System/Library/Frameworks/OpenGL.framework/Versions/A/Libraries/libCoreVMClient.dylib
0x00007fff6e80a000 	/usr/lib/libncurses.5.4.dylib
0x00007fff34144000 	/System/Library/Frameworks/ApplicationServices.framework/Versions/A/Frameworks/ATS.framework/Versions/A/ATS
0x00007fff34311000 	/System/Library/Frameworks/ApplicationServices.framework/Versions/A/Frameworks/ColorSyncLegacy.framework/Versions/A/ColorSyncLegacy
0x00007fff343af000 	/System/Library/Frameworks/ApplicationServices.framework/Versions/A/Frameworks/HIServices.framework/Versions/A/HIServices
0x00007fff34407000 	/System/Library/Frameworks/ApplicationServices.framework/Versions/A/Frameworks/LangAnalysis.framework/Versions/A/LangAnalysis
0x00007fff34416000 	/System/Library/Frameworks/ApplicationServices.framework/Versions/A/Frameworks/PrintCore.framework/Versions/A/PrintCore
0x00007fff3445c000 	/System/Library/Frameworks/ApplicationServices.framework/Versions/A/Frameworks/QD.framework/Versions/A/QD
0x00007fff34467000 	/System/Library/Frameworks/ApplicationServices.framework/Versions/A/Frameworks/SpeechSynthesis.framework/Versions/A/SpeechSynthesis
0x00007fff342e1000 	/System/Library/Frameworks/ApplicationServices.framework/Versions/A/Frameworks/ATSUI.framework/Versions/A/ATSUI
0x00007fff6dc4c000 	/usr/lib/libcups.2.dylib
0x00007fff3aa1b000 	/System/Library/Frameworks/Kerberos.framework/Versions/A/Kerberos
0x00007fff38b5c000 	/System/Library/Frameworks/GSS.framework/Versions/A/GSS
0x00007fff6ef8b000 	/usr/lib/libresolv.9.dylib
0x00007fff58ab3000 	/System/Library/PrivateFrameworks/Heimdal.framework/Versions/A/Heimdal
0x00007fff3aa2e000 	/System/Library/Frameworks/Kerberos.framework/Versions/A/Libraries/libHeimdalProxy.dylib
0x00007fff6ddf5000 	/usr/lib/libheimdal-asn1.dylib
0x00007fff4cdfb000 	/System/Library/PrivateFrameworks/CommonAuth.framework/Versions/A/CommonAuth
0x00007fff4a08a000 	/System/Library/PrivateFrameworks/AssertionServices.framework/Versions/A/AssertionServices
0x00007fff4ac2c000 	/System/Library/PrivateFrameworks/AudioToolboxCore.framework/Versions/A/AudioToolboxCore
0x00007fff69c16000 	/System/Library/PrivateFrameworks/caulk.framework/Versions/A/caulk
0x00007fff4b1f5000 	/System/Library/PrivateFrameworks/BaseBoard.framework/Versions/A/BaseBoard
0x00007fff62281000 	/System/Library/PrivateFrameworks/RunningBoardServices.framework/Versions/A/RunningBoardServices
0x00007fff5f295000 	/System/Library/PrivateFrameworks/PersistentConnection.framework/Versions/A/PersistentConnection
0x00007fff61c7b000 	/System/Library/PrivateFrameworks/ProtocolBuffer.framework/Versions/A/ProtocolBuffer
0x00007fff4ce1f000 	/System/Library/PrivateFrameworks/CommonUtilities.framework/Versions/A/CommonUtilities
0x00007fff4b383000 	/System/Library/PrivateFrameworks/Bom.framework/Versions/A/Bom
0x00007fff6ca47000 	/usr/lib/libAudioToolboxUtility.dylib
0x00007fff4b153000 	/System/Library/PrivateFrameworks/Backup.framework/Versions/A/Backup
0x00007fff4feda000 	/System/Library/PrivateFrameworks/CrashReporterSupport.framework/Versions/A/CrashReporterSupport
0x00007fff63d0f000 	/System/Library/PrivateFrameworks/Sharing.framework/Versions/A/Sharing
0x00007fff49699000 	/System/Library/PrivateFrameworks/Apple80211.framework/Versions/A/Apple80211
0x00007fff4ae70000 	/System/Library/PrivateFrameworks/AuthKit.framework/Versions/A/AuthKit
0x00007fff4fbea000 	/System/Library/PrivateFrameworks/CoreUtils.framework/Versions/A/CoreUtils
0x00007fff380cb000 	/System/Library/Frameworks/CoreWLAN.framework/Versions/A/CoreWLAN
0x00007fff38ce9000 	/System/Library/Frameworks/IOBluetooth.framework/Versions/A/IOBluetooth
0x00007fff5ce71000 	/System/Library/PrivateFrameworks/MobileKeyBag.framework/Versions/A/MobileKeyBag
0x00007fff4e9f0000 	/System/Library/PrivateFrameworks/CorePhoneNumbers.framework/Versions/A/CorePhoneNumbers
0x00007fff49a89000 	/System/Library/PrivateFrameworks/AppleIDAuthSupport.framework/Versions/A/AppleIDAuthSupport
0x00007fff3ca13000 	/System/Library/Frameworks/Network.framework/Versions/A/Network
0x00007fff5b542000 	/System/Library/PrivateFrameworks/KeychainCircle.framework/Versions/A/KeychainCircle
0x00007fff35b24000 	/System/Library/Frameworks/CoreBluetooth.framework/Versions/A/CoreBluetooth
0x00007fff65d8c000 	/System/Library/PrivateFrameworks/SpeechRecognitionCore.framework/Versions/A/SpeechRecognitionCore
0x00007fff290a3000 	/System/Library/CoreServices/Encodings/libKoreanConverter.dylib
0x0000000101200000 	/Library/Java/JavaVirtualMachines/jdk-9.0.4.jdk/Contents/Home/lib/server/libjvm.dylib
0x00007fff6f30d000 	/usr/lib/libstdc++.6.dylib
0x00000001009b2000 	/Library/Java/JavaVirtualMachines/jdk-9.0.4.jdk/Contents/Home/lib/libverify.dylib
0x00000001009bf000 	/Library/Java/JavaVirtualMachines/jdk-9.0.4.jdk/Contents/Home/lib/libjava.dylib
0x0000000101eaf000 	/Library/Java/JavaVirtualMachines/jdk-9.0.4.jdk/Contents/Home/lib/libjdwp.dylib
0x0000000101eec000 	/Library/Java/JavaVirtualMachines/jdk-9.0.4.jdk/Contents/Home/lib/libinstrument.dylib
0x0000000101f80000 	/Library/Java/JavaVirtualMachines/jdk-9.0.4.jdk/Contents/Home/lib/libzip.dylib
0x0000000101f88000 	/Library/Java/JavaVirtualMachines/jdk-9.0.4.jdk/Contents/Home/lib/libjimage.dylib
0x0000000107b53000 	/Library/Java/JavaVirtualMachines/jdk-9.0.4.jdk/Contents/Home/lib/libnio.dylib
0x0000000107b63000 	/Library/Java/JavaVirtualMachines/jdk-9.0.4.jdk/Contents/Home/lib/libnet.dylib
0x0000000107c24000 	/Library/Java/JavaVirtualMachines/jdk-9.0.4.jdk/Contents/Home/lib/libdt_socket.dylib

VM Arguments:
jvm_args: -agentlib:jdwp=transport=dt_socket,suspend=y,address=localhost:55288 -javaagent:/Applications/Eclipse.app/Contents/Eclipse/configuration/org.eclipse.osgi/404/0/.cp/lib/javaagent-shaded.jar -Dfile.encoding=UTF-8 
java_command: backjoonBfsDfs.BfsLaserPoint
java_class_path (initial): /Users/j.hyeong/eclipse-workspace/backjoon/bin
Launcher Type: SUN_STANDARD

Logging:
Log output configuration:
#0: stdout all=warning uptime,level,tags
#1: stderr all=off uptime,level,tags

Environment Variables:
PATH=/usr/bin:/bin:/usr/sbin:/sbin
SHELL=/bin/bash

Signal Handlers:
SIGSEGV: [libjvm.dylib+0x73f3dc], sa_mask[0]=11111111011111110111111111111111, sa_flags=SA_ONSTACK|SA_RESTART|SA_SIGINFO
SIGBUS: [libjvm.dylib+0x73f3dc], sa_mask[0]=11111111011111110111111111111111, sa_flags=SA_RESTART|SA_SIGINFO
SIGFPE: [libjvm.dylib+0x73f3dc], sa_mask[0]=11111111011111110111111111111111, sa_flags=SA_RESTART|SA_SIGINFO
SIGPIPE: [libjvm.dylib+0x5f233c], sa_mask[0]=11111111011111110111111111111111, sa_flags=SA_RESTART|SA_SIGINFO
SIGXFSZ: [libjvm.dylib+0x5f233c], sa_mask[0]=11111111011111110111111111111111, sa_flags=SA_RESTART|SA_SIGINFO
SIGILL: [libjvm.dylib+0x73f3dc], sa_mask[0]=11111111011111110111111111111111, sa_flags=SA_RESTART|SA_SIGINFO
SIGUSR2: [libjvm.dylib+0x5f2bcc], sa_mask[0]=00100000000000000000000000000000, sa_flags=SA_RESTART|SA_SIGINFO
SIGHUP: [libjvm.dylib+0x5f1409], sa_mask[0]=11111111011111110111111111111111, sa_flags=SA_RESTART|SA_SIGINFO
SIGINT: [libjvm.dylib+0x5f1409], sa_mask[0]=11111111011111110111111111111111, sa_flags=SA_RESTART|SA_SIGINFO
SIGTERM: [libjvm.dylib+0x5f1409], sa_mask[0]=11111111011111110111111111111111, sa_flags=SA_RESTART|SA_SIGINFO
SIGQUIT: [libjvm.dylib+0x5f1409], sa_mask[0]=11111111011111110111111111111111, sa_flags=SA_RESTART|SA_SIGINFO


---------------  S Y S T E M  ---------------

OS:uname:Darwin 19.4.0 Darwin Kernel Version 19.4.0: Wed Mar  4 22:28:40 PST 2020; root:xnu-6153.101.6~15/RELEASE_X86_64 x86_64
rlimit: STACK 8192k, CORE 0k, NPROC 1392, NOFILE 10240, AS infinity
load average:2.01 1.95 1.83

CPU:total 4 (initial active 4) (2 cores per cpu, 2 threads per core) family 6 model 142 stepping 9, cmov, cx8, fxsr, mmx, sse, sse2, sse3, ssse3, sse4.1, sse4.2, popcnt, avx, avx2, aes, clmul, erms, rtm, 3dnowpref, lzcnt, ht, tsc, tscinvbit, bmi1, bmi2, adx, fma

Memory: 4k page, physical 8388608k(205456k free)

vm_info: Java HotSpot(TM) 64-Bit Server VM (9.0.4+11) for bsd-amd64 JRE (9.0.4+11), built on Dec 20 2017 02:08:50 by "mach5one" with gcc 4.2.1 Compatible Apple LLVM 6.1.0 (clang-602.0.49)

END.
